[ 2014-07-25T16:16:55+08:00 ] 127.0.0.1 /ipaikt/index.php?s=/Index/main
INFO: [ app_begin ] --START--
INFO: ReadHtmlCache Behavior ::run [ RunTime:0.000959s ]
INFO: [ app_begin ] --END-- [ RunTime:0.012222s ]
INFO: [ view_parse ] --START--
NOTIC: [8] Undefined index: admin C:\WWW\ipaikt\HOME\Runtime\Cache\21bce5cfed4107e7c5ace27094659b45.php 第 23 行.
NOTIC: [8] A session had already been started - ignoring session_start() C:\WWW\ipaikt\HOME\Runtime\Cache\21bce5cfed4107e7c5ace27094659b45.php 第 25 行.
INFO: ParseTemplate Behavior ::run [ RunTime:0.150509s ]
INFO: [ view_parse ] --END-- [ RunTime:0.150643s ]
INFO: [ view_filter ] --START--
INFO: ContentReplace Behavior ::run [ RunTime:0.000977s ]
INFO: TokenBuild Behavior ::run [ RunTime:0.000800s ]
INFO: WriteHtmlCache Behavior ::run [ RunTime:0.000910s ]
INFO: ShowRuntime Behavior ::run [ RunTime:0.000915s ]
INFO: [ view_filter ] --END-- [ RunTime:0.004007s ]
INFO: [ view_end ] --START--
INFO: ShowPageTrace Behavior ::run [ RunTime:0.000778s ]
INFO: [ view_end ] --END-- [ RunTime:0.000862s ]

[ 2014-07-25T16:16:56+08:00 ] 127.0.0.1 /ipaikt/index.php?s=/Index/main
INFO: [ app_begin ] --START--
INFO: ReadHtmlCache Behavior ::run [ RunTime:0.000649s ]
INFO: [ app_begin ] --END-- [ RunTime:0.000720s ]
INFO: [ view_parse ] --START--
NOTIC: [8] Undefined index: admin C:\WWW\ipaikt\HOME\Runtime\Cache\21bce5cfed4107e7c5ace27094659b45.php 第 23 行.
NOTIC: [8] A session had already been started - ignoring session_start() C:\WWW\ipaikt\HOME\Runtime\Cache\21bce5cfed4107e7c5ace27094659b45.php 第 25 行.
INFO: ParseTemplate Behavior ::run [ RunTime:0.021198s ]
INFO: [ view_parse ] --END-- [ RunTime:0.021271s ]
INFO: [ view_filter ] --START--
INFO: ContentReplace Behavior ::run [ RunTime:0.000667s ]
INFO: TokenBuild Behavior ::run [ RunTime:0.000507s ]
INFO: WriteHtmlCache Behavior ::run [ RunTime:0.000455s ]
INFO: ShowRuntime Behavior ::run [ RunTime:0.000553s ]
INFO: [ view_filter ] --END-- [ RunTime:0.002389s ]
INFO: [ view_end ] --START--
INFO: ShowPageTrace Behavior ::run [ RunTime:0.000732s ]
INFO: [ view_end ] --END-- [ RunTime:0.000811s ]

[ 2014-07-25T16:57:50+08:00 ] 127.0.0.1 /ipaikt/index.php?s=/Index/main
INFO: [ app_begin ] --START--
INFO: ReadHtmlCache Behavior ::run [ RunTime:0.000876s ]
INFO: [ app_begin ] --END-- [ RunTime:0.000966s ]
INFO: [ view_parse ] --START--
NOTIC: [8] Undefined index: user C:\WWW\ipaikt\HOME\Runtime\Cache\21bce5cfed4107e7c5ace27094659b45.php 第 23 行.
NOTIC: [8] A session had already been started - ignoring session_start() C:\WWW\ipaikt\HOME\Runtime\Cache\21bce5cfed4107e7c5ace27094659b45.php 第 26 行.
INFO: ParseTemplate Behavior ::run [ RunTime:0.066949s ]
INFO: [ view_parse ] --END-- [ RunTime:0.067076s ]
INFO: [ view_filter ] --START--
INFO: ContentReplace Behavior ::run [ RunTime:0.000831s ]
INFO: TokenBuild Behavior ::run [ RunTime:0.000636s ]
INFO: WriteHtmlCache Behavior ::run [ RunTime:0.000477s ]
INFO: ShowRuntime Behavior ::run [ RunTime:0.000692s ]
INFO: [ view_filter ] --END-- [ RunTime:0.002902s ]
INFO: [ view_end ] --START--
INFO: ShowPageTrace Behavior ::run [ RunTime:0.000830s ]
INFO: [ view_end ] --END-- [ RunTime:0.000976s ]

[ 2014-07-25T16:59:08+08:00 ] 127.0.0.1 /ipaikt/index.php?s=/Index/main
INFO: [ app_begin ] --START--
INFO: ReadHtmlCache Behavior ::run [ RunTime:0.000852s ]
INFO: [ app_begin ] --END-- [ RunTime:0.000946s ]
INFO: [ view_parse ] --START--
NOTIC: [8] Undefined index: user C:\WWW\ipaikt\HOME\Runtime\Cache\21bce5cfed4107e7c5ace27094659b45.php 第 23 行.
NOTIC: [8] A session had already been started - ignoring session_start() C:\WWW\ipaikt\HOME\Runtime\Cache\21bce5cfed4107e7c5ace27094659b45.php 第 26 行.
INFO: ParseTemplate Behavior ::run [ RunTime:0.023074s ]
INFO: [ view_parse ] --END-- [ RunTime:0.023179s ]
INFO: [ view_filter ] --START--
INFO: ContentReplace Behavior ::run [ RunTime:0.000705s ]
INFO: TokenBuild Behavior ::run [ RunTime:0.000861s ]
INFO: WriteHtmlCache Behavior ::run [ RunTime:0.000608s ]
INFO: ShowRuntime Behavior ::run [ RunTime:0.000781s ]
INFO: [ view_filter ] --END-- [ RunTime:0.003351s ]
INFO: [ view_end ] --START--
INFO: ShowPageTrace Behavior ::run [ RunTime:0.001248s ]
INFO: [ view_end ] --END-- [ RunTime:0.001370s ]

[ 2014-07-25T16:59:54+08:00 ] 127.0.0.1 /ipaikt/index.php?s=/Index/main
INFO: [ app_begin ] --START--
INFO: ReadHtmlCache Behavior ::run [ RunTime:0.000752s ]
INFO: [ app_begin ] --END-- [ RunTime:0.000835s ]
INFO: [ view_parse ] --START--
NOTIC: [8] Undefined index: user C:\WWW\ipaikt\HOME\Runtime\Cache\21bce5cfed4107e7c5ace27094659b45.php 第 23 行.
NOTIC: [8] A session had already been started - ignoring session_start() C:\WWW\ipaikt\HOME\Runtime\Cache\21bce5cfed4107e7c5ace27094659b45.php 第 26 行.
INFO: ParseTemplate Behavior ::run [ RunTime:0.023453s ]
INFO: [ view_parse ] --END-- [ RunTime:0.023546s ]
INFO: [ view_filter ] --START--
INFO: ContentReplace Behavior ::run [ RunTime:0.000796s ]
INFO: TokenBuild Behavior ::run [ RunTime:0.000578s ]
INFO: WriteHtmlCache Behavior ::run [ RunTime:0.000476s ]
INFO: ShowRuntime Behavior ::run [ RunTime:0.000631s ]
INFO: [ view_filter ] --END-- [ RunTime:0.002709s ]
INFO: [ view_end ] --START--
INFO: ShowPageTrace Behavior ::run [ RunTime:0.000921s ]
INFO: [ view_end ] --END-- [ RunTime:0.001023s ]

[ 2014-07-25T17:01:32+08:00 ] 127.0.0.1 /ipaikt/index.php?s=/Index/main
INFO: [ app_begin ] --START--
INFO: ReadHtmlCache Behavior ::run [ RunTime:0.001016s ]
INFO: [ app_begin ] --END-- [ RunTime:0.001105s ]
INFO: [ view_parse ] --START--
NOTIC: [8] Undefined index: user C:\WWW\ipaikt\HOME\Runtime\Cache\21bce5cfed4107e7c5ace27094659b45.php 第 23 行.
NOTIC: [8] A session had already been started - ignoring session_start() C:\WWW\ipaikt\HOME\Runtime\Cache\21bce5cfed4107e7c5ace27094659b45.php 第 26 行.
INFO: ParseTemplate Behavior ::run [ RunTime:0.022522s ]
INFO: [ view_parse ] --END-- [ RunTime:0.022615s ]
INFO: [ view_filter ] --START--
INFO: ContentReplace Behavior ::run [ RunTime:0.000644s ]
INFO: TokenBuild Behavior ::run [ RunTime:0.000862s ]
INFO: WriteHtmlCache Behavior ::run [ RunTime:0.000481s ]
INFO: ShowRuntime Behavior ::run [ RunTime:0.000706s ]
INFO: [ view_filter ] --END-- [ RunTime:0.002907s ]
INFO: [ view_end ] --START--
INFO: ShowPageTrace Behavior ::run [ RunTime:0.000739s ]
INFO: [ view_end ] --END-- [ RunTime:0.000834s ]

[ 2014-07-25T17:03:50+08:00 ] 127.0.0.1 /ipaikt/index.php?s=/Index/main
INFO: [ app_begin ] --START--
INFO: ReadHtmlCache Behavior ::run [ RunTime:0.000816s ]
INFO: [ app_begin ] --END-- [ RunTime:0.000908s ]
INFO: [ view_parse ] --START--
NOTIC: [8] Undefined index: user C:\WWW\ipaikt\HOME\Runtime\Cache\21bce5cfed4107e7c5ace27094659b45.php 第 22 行.
NOTIC: [8] A session had already been started - ignoring session_start() C:\WWW\ipaikt\HOME\Runtime\Cache\21bce5cfed4107e7c5ace27094659b45.php 第 25 行.
INFO: ParseTemplate Behavior ::run [ RunTime:0.021381s ]
INFO: [ view_parse ] --END-- [ RunTime:0.021495s ]
INFO: [ view_filter ] --START--
INFO: ContentReplace Behavior ::run [ RunTime:0.000897s ]
INFO: TokenBuild Behavior ::run [ RunTime:0.000589s ]
INFO: WriteHtmlCache Behavior ::run [ RunTime:0.000444s ]
INFO: ShowRuntime Behavior ::run [ RunTime:0.000593s ]
INFO: [ view_filter ] --END-- [ RunTime:0.002756s ]
INFO: [ view_end ] --START--
INFO: ShowPageTrace Behavior ::run [ RunTime:0.000801s ]
INFO: [ view_end ] --END-- [ RunTime:0.000895s ]

[ 2014-07-25T17:06:26+08:00 ] 127.0.0.1 /ipaikt/index.php?s=/Index/main
INFO: [ app_begin ] --START--
INFO: ReadHtmlCache Behavior ::run [ RunTime:0.000644s ]
INFO: [ app_begin ] --END-- [ RunTime:0.000717s ]
INFO: [ view_parse ] --START--
NOTIC: [8] Undefined index: user C:\WWW\ipaikt\HOME\Runtime\Cache\21bce5cfed4107e7c5ace27094659b45.php 第 22 行.
NOTIC: [8] A session had already been started - ignoring session_start() C:\WWW\ipaikt\HOME\Runtime\Cache\21bce5cfed4107e7c5ace27094659b45.php 第 25 行.
INFO: ParseTemplate Behavior ::run [ RunTime:0.020912s ]
INFO: [ view_parse ] --END-- [ RunTime:0.020993s ]
INFO: [ view_filter ] --START--
INFO: ContentReplace Behavior ::run [ RunTime:0.000695s ]
INFO: TokenBuild Behavior ::run [ RunTime:0.000599s ]
INFO: WriteHtmlCache Behavior ::run [ RunTime:0.000703s ]
INFO: ShowRuntime Behavior ::run [ RunTime:0.000694s ]
INFO: [ view_filter ] --END-- [ RunTime:0.002922s ]
INFO: [ view_end ] --START--
INFO: ShowPageTrace Behavior ::run [ RunTime:0.000746s ]
INFO: [ view_end ] --END-- [ RunTime:0.000832s ]

[ 2014-07-25T17:06:56+08:00 ] 127.0.0.1 /ipaikt/index.php?s=/Index/main
INFO: [ app_begin ] --START--
INFO: ReadHtmlCache Behavior ::run [ RunTime:0.000859s ]
INFO: [ app_begin ] --END-- [ RunTime:0.000954s ]
INFO: [ view_parse ] --START--
NOTIC: [8] Undefined index: user C:\WWW\ipaikt\HOME\Runtime\Cache\21bce5cfed4107e7c5ace27094659b45.php 第 22 行.
NOTIC: [8] A session had already been started - ignoring session_start() C:\WWW\ipaikt\HOME\Runtime\Cache\21bce5cfed4107e7c5ace27094659b45.php 第 25 行.
INFO: ParseTemplate Behavior ::run [ RunTime:0.027684s ]
INFO: [ view_parse ] --END-- [ RunTime:0.027776s ]
INFO: [ view_filter ] --START--
INFO: ContentReplace Behavior ::run [ RunTime:0.000645s ]
INFO: TokenBuild Behavior ::run [ RunTime:0.000520s ]
INFO: WriteHtmlCache Behavior ::run [ RunTime:0.000435s ]
INFO: ShowRuntime Behavior ::run [ RunTime:0.000554s ]
INFO: [ view_filter ] --END-- [ RunTime:0.002359s ]
INFO: [ view_end ] --START--
INFO: ShowPageTrace Behavior ::run [ RunTime:0.001082s ]
INFO: [ view_end ] --END-- [ RunTime:0.001192s ]

[ 2014-07-25T17:07:07+08:00 ] 127.0.0.1 /ipaikt/index.php?s=/Index/main
INFO: [ app_begin ] --START--
INFO: ReadHtmlCache Behavior ::run [ RunTime:0.000922s ]
INFO: [ app_begin ] --END-- [ RunTime:0.001008s ]
INFO: [ view_parse ] --START--
NOTIC: [8] Undefined index: user C:\WWW\ipaikt\HOME\Runtime\Cache\21bce5cfed4107e7c5ace27094659b45.php 第 22 行.
NOTIC: [8] A session had already been started - ignoring session_start() C:\WWW\ipaikt\HOME\Runtime\Cache\21bce5cfed4107e7c5ace27094659b45.php 第 25 行.
INFO: ParseTemplate Behavior ::run [ RunTime:0.023536s ]
INFO: [ view_parse ] --END-- [ RunTime:0.023625s ]
INFO: [ view_filter ] --START--
INFO: ContentReplace Behavior ::run [ RunTime:0.000792s ]
INFO: TokenBuild Behavior ::run [ RunTime:0.000688s ]
INFO: WriteHtmlCache Behavior ::run [ RunTime:0.000565s ]
INFO: ShowRuntime Behavior ::run [ RunTime:0.000669s ]
INFO: [ view_filter ] --END-- [ RunTime:0.003773s ]
INFO: [ view_end ] --START--
INFO: ShowPageTrace Behavior ::run [ RunTime:0.000888s ]
INFO: [ view_end ] --END-- [ RunTime:0.000980s ]

[ 2014-07-25T17:07:21+08:00 ] 127.0.0.1 /ipaikt/index.php?s=/Index/main
INFO: [ app_begin ] --START--
INFO: ReadHtmlCache Behavior ::run [ RunTime:0.001017s ]
INFO: [ app_begin ] --END-- [ RunTime:0.001117s ]
INFO: [ view_parse ] --START--
NOTIC: [8] Undefined index: user C:\WWW\ipaikt\HOME\Runtime\Cache\21bce5cfed4107e7c5ace27094659b45.php 第 22 行.
NOTIC: [8] A session had already been started - ignoring session_start() C:\WWW\ipaikt\HOME\Runtime\Cache\21bce5cfed4107e7c5ace27094659b45.php 第 25 行.
INFO: ParseTemplate Behavior ::run [ RunTime:0.022239s ]
INFO: [ view_parse ] --END-- [ RunTime:0.022333s ]
INFO: [ view_filter ] --START--
INFO: ContentReplace Behavior ::run [ RunTime:0.000678s ]
INFO: TokenBuild Behavior ::run [ RunTime:0.000547s ]
INFO: WriteHtmlCache Behavior ::run [ RunTime:0.000460s ]
INFO: ShowRuntime Behavior ::run [ RunTime:0.000583s ]
INFO: [ view_filter ] --END-- [ RunTime:0.002491s ]
INFO: [ view_end ] --START--
INFO: ShowPageTrace Behavior ::run [ RunTime:0.000848s ]
INFO: [ view_end ] --END-- [ RunTime:0.000937s ]

[ 2014-07-25T17:07:43+08:00 ] 127.0.0.1 /ipaikt/index.php?s=/Index/main
INFO: [ app_begin ] --START--
INFO: ReadHtmlCache Behavior ::run [ RunTime:0.000690s ]
INFO: [ app_begin ] --END-- [ RunTime:0.000764s ]
INFO: [ view_parse ] --START--
NOTIC: [8] Undefined index: user C:\WWW\ipaikt\HOME\Runtime\Cache\21bce5cfed4107e7c5ace27094659b45.php 第 22 行.
NOTIC: [8] A session had already been started - ignoring session_start() C:\WWW\ipaikt\HOME\Runtime\Cache\21bce5cfed4107e7c5ace27094659b45.php 第 25 行.
INFO: ParseTemplate Behavior ::run [ RunTime:0.026096s ]
INFO: [ view_parse ] --END-- [ RunTime:0.026187s ]
INFO: [ view_filter ] --START--
INFO: ContentReplace Behavior ::run [ RunTime:0.000647s ]
INFO: TokenBuild Behavior ::run [ RunTime:0.000568s ]
INFO: WriteHtmlCache Behavior ::run [ RunTime:0.000493s ]
INFO: ShowRuntime Behavior ::run [ RunTime:0.000574s ]
INFO: [ view_filter ] --END-- [ RunTime:0.002489s ]
INFO: [ view_end ] --START--
INFO: ShowPageTrace Behavior ::run [ RunTime:0.000802s ]
INFO: [ view_end ] --END-- [ RunTime:0.000985s ]

[ 2014-07-25T17:09:58+08:00 ] 127.0.0.1 /ipaikt/index.php?s=/Index/main
INFO: [ app_begin ] --START--
INFO: ReadHtmlCache Behavior ::run [ RunTime:0.001136s ]
INFO: [ app_begin ] --END-- [ RunTime:0.001274s ]
INFO: [ view_parse ] --START--
NOTIC: [8] Undefined index: user C:\WWW\ipaikt\HOME\Runtime\Cache\21bce5cfed4107e7c5ace27094659b45.php 第 22 行.
NOTIC: [8] A session had already been started - ignoring session_start() C:\WWW\ipaikt\HOME\Runtime\Cache\21bce5cfed4107e7c5ace27094659b45.php 第 25 行.
INFO: ParseTemplate Behavior ::run [ RunTime:0.022619s ]
INFO: [ view_parse ] --END-- [ RunTime:0.022717s ]
INFO: [ view_filter ] --START--
INFO: ContentReplace Behavior ::run [ RunTime:0.000834s ]
INFO: TokenBuild Behavior ::run [ RunTime:0.000529s ]
INFO: WriteHtmlCache Behavior ::run [ RunTime:0.000450s ]
INFO: ShowRuntime Behavior ::run [ RunTime:0.000638s ]
INFO: [ view_filter ] --END-- [ RunTime:0.002719s ]
INFO: [ view_end ] --START--
INFO: ShowPageTrace Behavior ::run [ RunTime:0.000776s ]
INFO: [ view_end ] --END-- [ RunTime:0.000861s ]

[ 2014-07-25T17:16:09+08:00 ] 127.0.0.1 /ipaikt/index.php?s=/Index/main
INFO: [ app_begin ] --START--
INFO: ReadHtmlCache Behavior ::run [ RunTime:0.000831s ]
INFO: [ app_begin ] --END-- [ RunTime:0.000905s ]
INFO: [ view_parse ] --START--
NOTIC: [8] Undefined index: user C:\WWW\ipaikt\HOME\Runtime\Cache\21bce5cfed4107e7c5ace27094659b45.php 第 22 行.
NOTIC: [8] A session had already been started - ignoring session_start() C:\WWW\ipaikt\HOME\Runtime\Cache\21bce5cfed4107e7c5ace27094659b45.php 第 25 行.
INFO: ParseTemplate Behavior ::run [ RunTime:0.056304s ]
INFO: [ view_parse ] --END-- [ RunTime:0.056514s ]
INFO: [ view_filter ] --START--
INFO: ContentReplace Behavior ::run [ RunTime:0.000726s ]
INFO: TokenBuild Behavior ::run [ RunTime:0.000713s ]
INFO: WriteHtmlCache Behavior ::run [ RunTime:0.000490s ]
INFO: ShowRuntime Behavior ::run [ RunTime:0.001451s ]
INFO: [ view_filter ] --END-- [ RunTime:0.003618s ]
INFO: [ view_end ] --START--
INFO: ShowPageTrace Behavior ::run [ RunTime:0.000952s ]
INFO: [ view_end ] --END-- [ RunTime:0.001069s ]

[ 2014-07-25T17:16:23+08:00 ] 127.0.0.1 /ipaikt/index.php?s=/Index/main
INFO: [ app_begin ] --START--
INFO: ReadHtmlCache Behavior ::run [ RunTime:0.001299s ]
INFO: [ app_begin ] --END-- [ RunTime:0.001407s ]
INFO: [ view_parse ] --START--
NOTIC: [8] Undefined index: user C:\WWW\ipaikt\HOME\Runtime\Cache\21bce5cfed4107e7c5ace27094659b45.php 第 22 行.
NOTIC: [8] A session had already been started - ignoring session_start() C:\WWW\ipaikt\HOME\Runtime\Cache\21bce5cfed4107e7c5ace27094659b45.php 第 25 行.
INFO: ParseTemplate Behavior ::run [ RunTime:0.020730s ]
INFO: [ view_parse ] --END-- [ RunTime:0.020809s ]
INFO: [ view_filter ] --START--
INFO: ContentReplace Behavior ::run [ RunTime:0.000624s ]
INFO: TokenBuild Behavior ::run [ RunTime:0.000679s ]
INFO: WriteHtmlCache Behavior ::run [ RunTime:0.000489s ]
INFO: ShowRuntime Behavior ::run [ RunTime:0.000782s ]
INFO: [ view_filter ] --END-- [ RunTime:0.002847s ]
INFO: [ view_end ] --START--
INFO: ShowPageTrace Behavior ::run [ RunTime:0.001176s ]
INFO: [ view_end ] --END-- [ RunTime:0.001289s ]

[ 2014-07-25T17:16:51+08:00 ] 127.0.0.1 /ipaikt/index.php?s=/Index/main
INFO: [ app_begin ] --START--
INFO: ReadHtmlCache Behavior ::run [ RunTime:0.000647s ]
INFO: [ app_begin ] --END-- [ RunTime:0.000730s ]
INFO: [ view_parse ] --START--
NOTIC: [8] Undefined index: user C:\WWW\ipaikt\HOME\Runtime\Cache\21bce5cfed4107e7c5ace27094659b45.php 第 22 行.
NOTIC: [8] A session had already been started - ignoring session_start() C:\WWW\ipaikt\HOME\Runtime\Cache\21bce5cfed4107e7c5ace27094659b45.php 第 25 行.
INFO: ParseTemplate Behavior ::run [ RunTime:0.023008s ]
INFO: [ view_parse ] --END-- [ RunTime:0.023100s ]
INFO: [ view_filter ] --START--
INFO: ContentReplace Behavior ::run [ RunTime:0.001060s ]
INFO: TokenBuild Behavior ::run [ RunTime:0.000709s ]
INFO: WriteHtmlCache Behavior ::run [ RunTime:0.000674s ]
INFO: ShowRuntime Behavior ::run [ RunTime:0.000918s ]
INFO: [ view_filter ] --END-- [ RunTime:0.003651s ]
INFO: [ view_end ] --START--
INFO: ShowPageTrace Behavior ::run [ RunTime:0.001539s ]
INFO: [ view_end ] --END-- [ RunTime:0.001669s ]

[ 2014-07-25T17:17:11+08:00 ] 127.0.0.1 /ipaikt/index.php?s=/Index/main
INFO: [ app_begin ] --START--
INFO: ReadHtmlCache Behavior ::run [ RunTime:0.000974s ]
INFO: [ app_begin ] --END-- [ RunTime:0.001077s ]
INFO: [ view_parse ] --START--
NOTIC: [8] Undefined index: user C:\WWW\ipaikt\HOME\Runtime\Cache\21bce5cfed4107e7c5ace27094659b45.php 第 22 行.
NOTIC: [8] A session had already been started - ignoring session_start() C:\WWW\ipaikt\HOME\Runtime\Cache\21bce5cfed4107e7c5ace27094659b45.php 第 25 行.
INFO: ParseTemplate Behavior ::run [ RunTime:0.021161s ]
INFO: [ view_parse ] --END-- [ RunTime:0.021250s ]
INFO: [ view_filter ] --START--
INFO: ContentReplace Behavior ::run [ RunTime:0.000646s ]
INFO: TokenBuild Behavior ::run [ RunTime:0.000556s ]
INFO: WriteHtmlCache Behavior ::run [ RunTime:0.000421s ]
INFO: ShowRuntime Behavior ::run [ RunTime:0.000616s ]
INFO: [ view_filter ] --END-- [ RunTime:0.002453s ]
INFO: [ view_end ] --START--
INFO: ShowPageTrace Behavior ::run [ RunTime:0.000781s ]
INFO: [ view_end ] --END-- [ RunTime:0.000867s ]

[ 2014-07-25T17:21:38+08:00 ] 127.0.0.1 /ipaikt/index.php?s=/Index/main
INFO: [ app_begin ] --START--
INFO: ReadHtmlCache Behavior ::run [ RunTime:0.000899s ]
INFO: [ app_begin ] --END-- [ RunTime:0.000992s ]
INFO: [ view_parse ] --START--
NOTIC: [8] Undefined index: user C:\WWW\ipaikt\HOME\Runtime\Cache\21bce5cfed4107e7c5ace27094659b45.php 第 22 行.
NOTIC: [8] A session had already been started - ignoring session_start() C:\WWW\ipaikt\HOME\Runtime\Cache\21bce5cfed4107e7c5ace27094659b45.php 第 25 行.
INFO: ParseTemplate Behavior ::run [ RunTime:0.021246s ]
INFO: [ view_parse ] --END-- [ RunTime:0.021358s ]
INFO: [ view_filter ] --START--
INFO: ContentReplace Behavior ::run [ RunTime:0.000722s ]
INFO: TokenBuild Behavior ::run [ RunTime:0.000578s ]
INFO: WriteHtmlCache Behavior ::run [ RunTime:0.000444s ]
INFO: ShowRuntime Behavior ::run [ RunTime:0.000722s ]
INFO: [ view_filter ] --END-- [ RunTime:0.002693s ]
INFO: [ view_end ] --START--
INFO: ShowPageTrace Behavior ::run [ RunTime:0.000759s ]
INFO: [ view_end ] --END-- [ RunTime:0.000845s ]

[ 2014-07-25T17:21:41+08:00 ] 127.0.0.1 /ipaikt/index.php?s=/Index/main
INFO: [ app_begin ] --START--
INFO: ReadHtmlCache Behavior ::run [ RunTime:0.001451s ]
INFO: [ app_begin ] --END-- [ RunTime:0.001606s ]
INFO: [ view_parse ] --START--
NOTIC: [8] Undefined index: user C:\WWW\ipaikt\HOME\Runtime\Cache\21bce5cfed4107e7c5ace27094659b45.php 第 22 行.
NOTIC: [8] A session had already been started - ignoring session_start() C:\WWW\ipaikt\HOME\Runtime\Cache\21bce5cfed4107e7c5ace27094659b45.php 第 25 行.
INFO: ParseTemplate Behavior ::run [ RunTime:0.021415s ]
INFO: [ view_parse ] --END-- [ RunTime:0.021500s ]
INFO: [ view_filter ] --START--
INFO: ContentReplace Behavior ::run [ RunTime:0.000746s ]
INFO: TokenBuild Behavior ::run [ RunTime:0.000759s ]
INFO: WriteHtmlCache Behavior ::run [ RunTime:0.000498s ]
INFO: ShowRuntime Behavior ::run [ RunTime:0.000666s ]
INFO: [ view_filter ] --END-- [ RunTime:0.003079s ]
INFO: [ view_end ] --START--
INFO: ShowPageTrace Behavior ::run [ RunTime:0.000809s ]
INFO: [ view_end ] --END-- [ RunTime:0.000904s ]

