[ 2014-07-26T10:57:59+08:00 ] 127.0.0.1 /ipaikt/index.php?s=/Index/main
INFO: [ app_begin ] --START--
INFO: ReadHtmlCache Behavior ::run [ RunTime:0.000754s ]
INFO: [ app_begin ] --END-- [ RunTime:0.000837s ]
INFO: [ view_parse ] --START--
NOTIC: [8] Undefined index: user C:\WWW\ipaikt\HOME\Runtime\Cache\21bce5cfed4107e7c5ace27094659b45.php 第 31 行.
NOTIC: [8] A session had already been started - ignoring session_start() C:\WWW\ipaikt\HOME\Runtime\Cache\21bce5cfed4107e7c5ace27094659b45.php 第 34 行.
INFO: ParseTemplate Behavior ::run [ RunTime:0.382804s ]
INFO: [ view_parse ] --END-- [ RunTime:0.383025s ]
INFO: [ view_filter ] --START--
INFO: ContentReplace Behavior ::run [ RunTime:0.000752s ]
INFO: TokenBuild Behavior ::run [ RunTime:0.000685s ]
INFO: WriteHtmlCache Behavior ::run [ RunTime:0.000729s ]
INFO: ShowRuntime Behavior ::run [ RunTime:0.001466s ]
INFO: [ view_filter ] --END-- [ RunTime:0.003945s ]
INFO: [ view_end ] --START--
INFO: ShowPageTrace Behavior ::run [ RunTime:0.001186s ]
INFO: [ view_end ] --END-- [ RunTime:0.001289s ]

[ 2014-07-26T10:58:01+08:00 ] 127.0.0.1 /ipaikt/index.php?s=/Index/main
INFO: [ app_begin ] --START--
INFO: ReadHtmlCache Behavior ::run [ RunTime:0.000810s ]
INFO: [ app_begin ] --END-- [ RunTime:0.000895s ]
INFO: [ view_parse ] --START--
NOTIC: [8] Undefined index: user C:\WWW\ipaikt\HOME\Runtime\Cache\21bce5cfed4107e7c5ace27094659b45.php 第 31 行.
NOTIC: [8] A session had already been started - ignoring session_start() C:\WWW\ipaikt\HOME\Runtime\Cache\21bce5cfed4107e7c5ace27094659b45.php 第 34 行.
INFO: ParseTemplate Behavior ::run [ RunTime:0.021525s ]
INFO: [ view_parse ] --END-- [ RunTime:0.021612s ]
INFO: [ view_filter ] --START--
INFO: ContentReplace Behavior ::run [ RunTime:0.000731s ]
INFO: TokenBuild Behavior ::run [ RunTime:0.000596s ]
INFO: WriteHtmlCache Behavior ::run [ RunTime:0.000479s ]
INFO: ShowRuntime Behavior ::run [ RunTime:0.000623s ]
INFO: [ view_filter ] --END-- [ RunTime:0.002663s ]
INFO: [ view_end ] --START--
INFO: ShowPageTrace Behavior ::run [ RunTime:0.001007s ]
INFO: [ view_end ] --END-- [ RunTime:0.001103s ]

[ 2014-07-26T11:10:51+08:00 ] 127.0.0.1 /ipaikt/index.php?s=/Index/main
INFO: [ app_begin ] --START--
INFO: ReadHtmlCache Behavior ::run [ RunTime:0.001142s ]
INFO: [ app_begin ] --END-- [ RunTime:0.001271s ]
INFO: [ view_parse ] --START--
NOTIC: [8] Undefined index: user C:\WWW\ipaikt\HOME\Runtime\Cache\21bce5cfed4107e7c5ace27094659b45.php 第 31 行.
NOTIC: [8] A session had already been started - ignoring session_start() C:\WWW\ipaikt\HOME\Runtime\Cache\21bce5cfed4107e7c5ace27094659b45.php 第 34 行.
INFO: ParseTemplate Behavior ::run [ RunTime:0.113371s ]
INFO: [ view_parse ] --END-- [ RunTime:0.113461s ]
INFO: [ view_filter ] --START--
INFO: ContentReplace Behavior ::run [ RunTime:0.000821s ]
INFO: TokenBuild Behavior ::run [ RunTime:0.000663s ]
INFO: WriteHtmlCache Behavior ::run [ RunTime:0.000572s ]
INFO: ShowRuntime Behavior ::run [ RunTime:0.000849s ]
INFO: [ view_filter ] --END-- [ RunTime:0.003556s ]
INFO: [ view_end ] --START--
INFO: ShowPageTrace Behavior ::run [ RunTime:0.001489s ]
INFO: [ view_end ] --END-- [ RunTime:0.001644s ]

[ 2014-07-26T11:12:11+08:00 ] 127.0.0.1 /ipaikt/index.php?s=/Index/main
INFO: [ app_begin ] --START--
INFO: ReadHtmlCache Behavior ::run [ RunTime:0.000763s ]
INFO: [ app_begin ] --END-- [ RunTime:0.000846s ]
INFO: [ view_parse ] --START--
NOTIC: [8] Undefined index: user C:\WWW\ipaikt\HOME\Runtime\Cache\21bce5cfed4107e7c5ace27094659b45.php 第 31 行.
NOTIC: [8] A session had already been started - ignoring session_start() C:\WWW\ipaikt\HOME\Runtime\Cache\21bce5cfed4107e7c5ace27094659b45.php 第 34 行.
INFO: ParseTemplate Behavior ::run [ RunTime:0.027678s ]
INFO: [ view_parse ] --END-- [ RunTime:0.027765s ]
INFO: [ view_filter ] --START--
INFO: ContentReplace Behavior ::run [ RunTime:0.000937s ]
INFO: TokenBuild Behavior ::run [ RunTime:0.001082s ]
INFO: WriteHtmlCache Behavior ::run [ RunTime:0.000552s ]
INFO: ShowRuntime Behavior ::run [ RunTime:0.001105s ]
INFO: [ view_filter ] --END-- [ RunTime:0.003965s ]
INFO: [ view_end ] --START--
INFO: ShowPageTrace Behavior ::run [ RunTime:0.001064s ]
INFO: [ view_end ] --END-- [ RunTime:0.001171s ]

[ 2014-07-26T11:13:03+08:00 ] 127.0.0.1 /ipaikt/index.php?s=/Index/main
INFO: [ app_begin ] --START--
INFO: ReadHtmlCache Behavior ::run [ RunTime:0.000775s ]
INFO: [ app_begin ] --END-- [ RunTime:0.000869s ]
INFO: [ view_parse ] --START--
NOTIC: [8] Undefined index: user C:\WWW\ipaikt\HOME\Runtime\Cache\21bce5cfed4107e7c5ace27094659b45.php 第 31 行.
NOTIC: [8] A session had already been started - ignoring session_start() C:\WWW\ipaikt\HOME\Runtime\Cache\21bce5cfed4107e7c5ace27094659b45.php 第 34 行.
INFO: ParseTemplate Behavior ::run [ RunTime:0.027640s ]
INFO: [ view_parse ] --END-- [ RunTime:0.027786s ]
INFO: [ view_filter ] --START--
INFO: ContentReplace Behavior ::run [ RunTime:0.001227s ]
INFO: TokenBuild Behavior ::run [ RunTime:0.000847s ]
INFO: WriteHtmlCache Behavior ::run [ RunTime:0.001193s ]
INFO: ShowRuntime Behavior ::run [ RunTime:0.000916s ]
INFO: [ view_filter ] --END-- [ RunTime:0.004462s ]
INFO: [ view_end ] --START--
INFO: ShowPageTrace Behavior ::run [ RunTime:0.000831s ]
INFO: [ view_end ] --END-- [ RunTime:0.000931s ]

[ 2014-07-26T11:14:09+08:00 ] 127.0.0.1 /ipaikt/index.php?s=/Index/main
INFO: [ app_begin ] --START--
INFO: ReadHtmlCache Behavior ::run [ RunTime:0.000750s ]
INFO: [ app_begin ] --END-- [ RunTime:0.000845s ]
INFO: [ view_parse ] --START--
NOTIC: [8] Undefined index: user C:\WWW\ipaikt\HOME\Runtime\Cache\21bce5cfed4107e7c5ace27094659b45.php 第 31 行.
NOTIC: [8] A session had already been started - ignoring session_start() C:\WWW\ipaikt\HOME\Runtime\Cache\21bce5cfed4107e7c5ace27094659b45.php 第 34 行.
INFO: ParseTemplate Behavior ::run [ RunTime:0.050308s ]
INFO: [ view_parse ] --END-- [ RunTime:0.050402s ]
INFO: [ view_filter ] --START--
INFO: ContentReplace Behavior ::run [ RunTime:0.000759s ]
INFO: TokenBuild Behavior ::run [ RunTime:0.000610s ]
INFO: WriteHtmlCache Behavior ::run [ RunTime:0.000640s ]
INFO: ShowRuntime Behavior ::run [ RunTime:0.000687s ]
INFO: [ view_filter ] --END-- [ RunTime:0.003045s ]
INFO: [ view_end ] --START--
INFO: ShowPageTrace Behavior ::run [ RunTime:0.000846s ]
INFO: [ view_end ] --END-- [ RunTime:0.000936s ]

[ 2014-07-26T11:17:08+08:00 ] 127.0.0.1 /ipaikt/index.php?s=/Index/main
INFO: [ app_begin ] --START--
INFO: ReadHtmlCache Behavior ::run [ RunTime:0.000843s ]
INFO: [ app_begin ] --END-- [ RunTime:0.000922s ]
INFO: [ view_parse ] --START--
NOTIC: [8] Undefined index: user C:\WWW\ipaikt\HOME\Runtime\Cache\21bce5cfed4107e7c5ace27094659b45.php 第 32 行.
NOTIC: [8] A session had already been started - ignoring session_start() C:\WWW\ipaikt\HOME\Runtime\Cache\21bce5cfed4107e7c5ace27094659b45.php 第 35 行.
INFO: ParseTemplate Behavior ::run [ RunTime:0.060514s ]
INFO: [ view_parse ] --END-- [ RunTime:0.060618s ]
INFO: [ view_filter ] --START--
INFO: ContentReplace Behavior ::run [ RunTime:0.000761s ]
INFO: TokenBuild Behavior ::run [ RunTime:0.000574s ]
INFO: WriteHtmlCache Behavior ::run [ RunTime:0.000469s ]
INFO: ShowRuntime Behavior ::run [ RunTime:0.000570s ]
INFO: [ view_filter ] --END-- [ RunTime:0.002589s ]
INFO: [ view_end ] --START--
INFO: ShowPageTrace Behavior ::run [ RunTime:0.000778s ]
INFO: [ view_end ] --END-- [ RunTime:0.000857s ]

[ 2014-07-26T11:18:17+08:00 ] 127.0.0.1 /ipaikt/index.php?s=/Index/main
INFO: [ app_begin ] --START--
INFO: ReadHtmlCache Behavior ::run [ RunTime:0.000929s ]
INFO: [ app_begin ] --END-- [ RunTime:0.001145s ]
INFO: [ view_parse ] --START--
NOTIC: [8] Undefined index: user C:\WWW\ipaikt\HOME\Runtime\Cache\21bce5cfed4107e7c5ace27094659b45.php 第 32 行.
NOTIC: [8] A session had already been started - ignoring session_start() C:\WWW\ipaikt\HOME\Runtime\Cache\21bce5cfed4107e7c5ace27094659b45.php 第 35 行.
INFO: ParseTemplate Behavior ::run [ RunTime:0.025645s ]
INFO: [ view_parse ] --END-- [ RunTime:0.025754s ]
INFO: [ view_filter ] --START--
INFO: ContentReplace Behavior ::run [ RunTime:0.000941s ]
INFO: TokenBuild Behavior ::run [ RunTime:0.000685s ]
INFO: WriteHtmlCache Behavior ::run [ RunTime:0.000573s ]
INFO: ShowRuntime Behavior ::run [ RunTime:0.001144s ]
INFO: [ view_filter ] --END-- [ RunTime:0.003693s ]
INFO: [ view_end ] --START--
INFO: ShowPageTrace Behavior ::run [ RunTime:0.001049s ]
INFO: [ view_end ] --END-- [ RunTime:0.001145s ]

[ 2014-07-26T11:20:38+08:00 ] 127.0.0.1 /ipaikt/index.php?s=/Index/main
INFO: [ app_begin ] --START--
INFO: ReadHtmlCache Behavior ::run [ RunTime:0.000890s ]
INFO: [ app_begin ] --END-- [ RunTime:0.001016s ]
INFO: [ view_parse ] --START--
NOTIC: [8] Undefined index: user C:\WWW\ipaikt\HOME\Runtime\Cache\21bce5cfed4107e7c5ace27094659b45.php 第 32 行.
NOTIC: [8] A session had already been started - ignoring session_start() C:\WWW\ipaikt\HOME\Runtime\Cache\21bce5cfed4107e7c5ace27094659b45.php 第 35 行.
INFO: ParseTemplate Behavior ::run [ RunTime:0.025803s ]
INFO: [ view_parse ] --END-- [ RunTime:0.025904s ]
INFO: [ view_filter ] --START--
INFO: ContentReplace Behavior ::run [ RunTime:0.000972s ]
INFO: TokenBuild Behavior ::run [ RunTime:0.000648s ]
INFO: WriteHtmlCache Behavior ::run [ RunTime:0.000510s ]
INFO: ShowRuntime Behavior ::run [ RunTime:0.000698s ]
INFO: [ view_filter ] --END-- [ RunTime:0.003086s ]
INFO: [ view_end ] --START--
INFO: ShowPageTrace Behavior ::run [ RunTime:0.000961s ]
INFO: [ view_end ] --END-- [ RunTime:0.001082s ]

[ 2014-07-26T11:21:41+08:00 ] 127.0.0.1 /ipaikt/index.php?s=/Index/main
INFO: [ app_begin ] --START--
INFO: ReadHtmlCache Behavior ::run [ RunTime:0.000702s ]
INFO: [ app_begin ] --END-- [ RunTime:0.000784s ]
INFO: [ view_parse ] --START--
NOTIC: [8] Undefined index: user C:\WWW\ipaikt\HOME\Runtime\Cache\21bce5cfed4107e7c5ace27094659b45.php 第 32 行.
NOTIC: [8] A session had already been started - ignoring session_start() C:\WWW\ipaikt\HOME\Runtime\Cache\21bce5cfed4107e7c5ace27094659b45.php 第 35 行.
INFO: ParseTemplate Behavior ::run [ RunTime:0.027971s ]
INFO: [ view_parse ] --END-- [ RunTime:0.028048s ]
INFO: [ view_filter ] --START--
INFO: ContentReplace Behavior ::run [ RunTime:0.000948s ]
INFO: TokenBuild Behavior ::run [ RunTime:0.000623s ]
INFO: WriteHtmlCache Behavior ::run [ RunTime:0.000463s ]
INFO: ShowRuntime Behavior ::run [ RunTime:0.000600s ]
INFO: [ view_filter ] --END-- [ RunTime:0.002855s ]
INFO: [ view_end ] --START--
INFO: ShowPageTrace Behavior ::run [ RunTime:0.000761s ]
INFO: [ view_end ] --END-- [ RunTime:0.000842s ]

[ 2014-07-26T11:22:29+08:00 ] 127.0.0.1 /ipaikt/index.php?s=/Index/main
INFO: [ app_begin ] --START--
INFO: ReadHtmlCache Behavior ::run [ RunTime:0.001519s ]
INFO: [ app_begin ] --END-- [ RunTime:0.001666s ]
INFO: [ view_parse ] --START--
NOTIC: [8] Undefined index: user C:\WWW\ipaikt\HOME\Runtime\Cache\21bce5cfed4107e7c5ace27094659b45.php 第 32 行.
NOTIC: [8] A session had already been started - ignoring session_start() C:\WWW\ipaikt\HOME\Runtime\Cache\21bce5cfed4107e7c5ace27094659b45.php 第 35 行.
INFO: ParseTemplate Behavior ::run [ RunTime:0.029756s ]
INFO: [ view_parse ] --END-- [ RunTime:0.029990s ]
INFO: [ view_filter ] --START--
INFO: ContentReplace Behavior ::run [ RunTime:0.000973s ]
INFO: TokenBuild Behavior ::run [ RunTime:0.000598s ]
INFO: WriteHtmlCache Behavior ::run [ RunTime:0.000446s ]
INFO: ShowRuntime Behavior ::run [ RunTime:0.001089s ]
INFO: [ view_filter ] --END-- [ RunTime:0.003362s ]
INFO: [ view_end ] --START--
INFO: ShowPageTrace Behavior ::run [ RunTime:0.001017s ]
INFO: [ view_end ] --END-- [ RunTime:0.001131s ]

[ 2014-07-26T11:23:13+08:00 ] 127.0.0.1 /ipaikt/index.php?s=/Index/main
INFO: [ app_begin ] --START--
INFO: ReadHtmlCache Behavior ::run [ RunTime:0.000685s ]
INFO: [ app_begin ] --END-- [ RunTime:0.000764s ]
INFO: [ view_parse ] --START--
NOTIC: [8] Undefined index: user C:\WWW\ipaikt\HOME\Runtime\Cache\21bce5cfed4107e7c5ace27094659b45.php 第 32 行.
NOTIC: [8] A session had already been started - ignoring session_start() C:\WWW\ipaikt\HOME\Runtime\Cache\21bce5cfed4107e7c5ace27094659b45.php 第 35 行.
INFO: ParseTemplate Behavior ::run [ RunTime:0.025637s ]
INFO: [ view_parse ] --END-- [ RunTime:0.025718s ]
INFO: [ view_filter ] --START--
INFO: ContentReplace Behavior ::run [ RunTime:0.000853s ]
INFO: TokenBuild Behavior ::run [ RunTime:0.000661s ]
INFO: WriteHtmlCache Behavior ::run [ RunTime:0.000517s ]
INFO: ShowRuntime Behavior ::run [ RunTime:0.000814s ]
INFO: [ view_filter ] --END-- [ RunTime:0.003141s ]
INFO: [ view_end ] --START--
INFO: ShowPageTrace Behavior ::run [ RunTime:0.001339s ]
INFO: [ view_end ] --END-- [ RunTime:0.001434s ]

[ 2014-07-26T11:26:18+08:00 ] 127.0.0.1 /ipaikt/index.php?s=/Index/main
INFO: [ app_begin ] --START--
INFO: ReadHtmlCache Behavior ::run [ RunTime:0.000898s ]
INFO: [ app_begin ] --END-- [ RunTime:0.000987s ]
INFO: [ view_parse ] --START--
NOTIC: [8] Undefined index: user C:\WWW\ipaikt\HOME\Runtime\Cache\21bce5cfed4107e7c5ace27094659b45.php 第 32 行.
NOTIC: [8] A session had already been started - ignoring session_start() C:\WWW\ipaikt\HOME\Runtime\Cache\21bce5cfed4107e7c5ace27094659b45.php 第 35 行.
INFO: ParseTemplate Behavior ::run [ RunTime:0.122003s ]
INFO: [ view_parse ] --END-- [ RunTime:0.122109s ]
INFO: [ view_filter ] --START--
INFO: ContentReplace Behavior ::run [ RunTime:0.000850s ]
INFO: TokenBuild Behavior ::run [ RunTime:0.000767s ]
INFO: WriteHtmlCache Behavior ::run [ RunTime:0.000540s ]
INFO: ShowRuntime Behavior ::run [ RunTime:0.000885s ]
INFO: [ view_filter ] --END-- [ RunTime:0.003306s ]
INFO: [ view_end ] --START--
INFO: ShowPageTrace Behavior ::run [ RunTime:0.001095s ]
INFO: [ view_end ] --END-- [ RunTime:0.001317s ]

[ 2014-07-26T13:10:34+08:00 ] 127.0.0.1 /ipaikt/index.php?s=/Index/main
INFO: [ app_begin ] --START--
INFO: ReadHtmlCache Behavior ::run [ RunTime:0.000673s ]
INFO: [ app_begin ] --END-- [ RunTime:0.000745s ]
INFO: [ view_parse ] --START--
NOTIC: [8] Undefined index: user C:\WWW\ipaikt\HOME\Runtime\Cache\21bce5cfed4107e7c5ace27094659b45.php 第 32 行.
NOTIC: [8] A session had already been started - ignoring session_start() C:\WWW\ipaikt\HOME\Runtime\Cache\21bce5cfed4107e7c5ace27094659b45.php 第 35 行.
INFO: ParseTemplate Behavior ::run [ RunTime:0.084680s ]
INFO: [ view_parse ] --END-- [ RunTime:0.084793s ]
INFO: [ view_filter ] --START--
INFO: ContentReplace Behavior ::run [ RunTime:0.002317s ]
INFO: TokenBuild Behavior ::run [ RunTime:0.000651s ]
INFO: WriteHtmlCache Behavior ::run [ RunTime:0.000554s ]
INFO: ShowRuntime Behavior ::run [ RunTime:0.000762s ]
INFO: [ view_filter ] --END-- [ RunTime:0.004819s ]
INFO: [ view_end ] --START--
INFO: ShowPageTrace Behavior ::run [ RunTime:0.000917s ]
INFO: [ view_end ] --END-- [ RunTime:0.001005s ]

[ 2014-07-26T13:10:36+08:00 ] 127.0.0.1 /ipaikt/index.php?s=/Index/main
INFO: [ app_begin ] --START--
INFO: ReadHtmlCache Behavior ::run [ RunTime:0.000761s ]
INFO: [ app_begin ] --END-- [ RunTime:0.000841s ]
INFO: [ view_parse ] --START--
NOTIC: [8] Undefined index: user C:\WWW\ipaikt\HOME\Runtime\Cache\21bce5cfed4107e7c5ace27094659b45.php 第 32 行.
NOTIC: [8] A session had already been started - ignoring session_start() C:\WWW\ipaikt\HOME\Runtime\Cache\21bce5cfed4107e7c5ace27094659b45.php 第 35 行.
INFO: ParseTemplate Behavior ::run [ RunTime:0.031734s ]
INFO: [ view_parse ] --END-- [ RunTime:0.031834s ]
INFO: [ view_filter ] --START--
INFO: ContentReplace Behavior ::run [ RunTime:0.001232s ]
INFO: TokenBuild Behavior ::run [ RunTime:0.000738s ]
INFO: WriteHtmlCache Behavior ::run [ RunTime:0.000564s ]
INFO: ShowRuntime Behavior ::run [ RunTime:0.000767s ]
INFO: [ view_filter ] --END-- [ RunTime:0.003585s ]
INFO: [ view_end ] --START--
INFO: ShowPageTrace Behavior ::run [ RunTime:0.001074s ]
INFO: [ view_end ] --END-- [ RunTime:0.001180s ]

[ 2014-07-26T13:11:16+08:00 ] 127.0.0.1 /ipaikt/index.php?s=/Index/main
INFO: [ app_begin ] --START--
INFO: ReadHtmlCache Behavior ::run [ RunTime:0.001239s ]
INFO: [ app_begin ] --END-- [ RunTime:0.001375s ]
INFO: [ view_parse ] --START--
NOTIC: [8] Undefined index: user C:\WWW\ipaikt\HOME\Runtime\Cache\21bce5cfed4107e7c5ace27094659b45.php 第 32 行.
NOTIC: [8] A session had already been started - ignoring session_start() C:\WWW\ipaikt\HOME\Runtime\Cache\21bce5cfed4107e7c5ace27094659b45.php 第 35 行.
INFO: ParseTemplate Behavior ::run [ RunTime:0.033377s ]
INFO: [ view_parse ] --END-- [ RunTime:0.033467s ]
INFO: [ view_filter ] --START--
INFO: ContentReplace Behavior ::run [ RunTime:0.002937s ]
INFO: TokenBuild Behavior ::run [ RunTime:0.001109s ]
INFO: WriteHtmlCache Behavior ::run [ RunTime:0.000841s ]
INFO: ShowRuntime Behavior ::run [ RunTime:0.001301s ]
INFO: [ view_filter ] --END-- [ RunTime:0.006752s ]
INFO: [ view_end ] --START--
INFO: ShowPageTrace Behavior ::run [ RunTime:0.001009s ]
INFO: [ view_end ] --END-- [ RunTime:0.001128s ]

[ 2014-07-26T13:12:17+08:00 ] 127.0.0.1 /ipaikt/index.php?s=/Index/main
INFO: [ app_begin ] --START--
INFO: ReadHtmlCache Behavior ::run [ RunTime:0.001068s ]
INFO: [ app_begin ] --END-- [ RunTime:0.001188s ]
INFO: [ view_parse ] --START--
NOTIC: [8] Undefined index: user C:\WWW\ipaikt\HOME\Runtime\Cache\21bce5cfed4107e7c5ace27094659b45.php 第 32 行.
NOTIC: [8] A session had already been started - ignoring session_start() C:\WWW\ipaikt\HOME\Runtime\Cache\21bce5cfed4107e7c5ace27094659b45.php 第 35 行.
INFO: ParseTemplate Behavior ::run [ RunTime:0.028109s ]
INFO: [ view_parse ] --END-- [ RunTime:0.028194s ]
INFO: [ view_filter ] --START--
INFO: ContentReplace Behavior ::run [ RunTime:0.000761s ]
INFO: TokenBuild Behavior ::run [ RunTime:0.000602s ]
INFO: WriteHtmlCache Behavior ::run [ RunTime:0.000638s ]
INFO: ShowRuntime Behavior ::run [ RunTime:0.000972s ]
INFO: [ view_filter ] --END-- [ RunTime:0.003228s ]
INFO: [ view_end ] --START--
INFO: ShowPageTrace Behavior ::run [ RunTime:0.001318s ]
INFO: [ view_end ] --END-- [ RunTime:0.001445s ]

[ 2014-07-26T13:13:41+08:00 ] 127.0.0.1 /ipaikt/index.php?s=/Index/main
INFO: [ app_begin ] --START--
INFO: ReadHtmlCache Behavior ::run [ RunTime:0.000781s ]
INFO: [ app_begin ] --END-- [ RunTime:0.000873s ]
INFO: [ view_parse ] --START--
NOTIC: [8] Undefined index: user C:\WWW\ipaikt\HOME\Runtime\Cache\21bce5cfed4107e7c5ace27094659b45.php 第 32 行.
NOTIC: [8] A session had already been started - ignoring session_start() C:\WWW\ipaikt\HOME\Runtime\Cache\21bce5cfed4107e7c5ace27094659b45.php 第 35 行.
INFO: ParseTemplate Behavior ::run [ RunTime:0.027036s ]
INFO: [ view_parse ] --END-- [ RunTime:0.027145s ]
INFO: [ view_filter ] --START--
INFO: ContentReplace Behavior ::run [ RunTime:0.000912s ]
INFO: TokenBuild Behavior ::run [ RunTime:0.000622s ]
INFO: WriteHtmlCache Behavior ::run [ RunTime:0.000481s ]
INFO: ShowRuntime Behavior ::run [ RunTime:0.000589s ]
INFO: [ view_filter ] --END-- [ RunTime:0.002837s ]
INFO: [ view_end ] --START--
INFO: ShowPageTrace Behavior ::run [ RunTime:0.001155s ]
INFO: [ view_end ] --END-- [ RunTime:0.001246s ]

[ 2014-07-26T13:13:54+08:00 ] 127.0.0.1 /ipaikt/index.php?s=/Index/main
INFO: [ app_begin ] --START--
INFO: ReadHtmlCache Behavior ::run [ RunTime:0.000776s ]
INFO: [ app_begin ] --END-- [ RunTime:0.000859s ]
INFO: [ view_parse ] --START--
NOTIC: [8] Undefined index: user C:\WWW\ipaikt\HOME\Runtime\Cache\21bce5cfed4107e7c5ace27094659b45.php 第 32 行.
NOTIC: [8] A session had already been started - ignoring session_start() C:\WWW\ipaikt\HOME\Runtime\Cache\21bce5cfed4107e7c5ace27094659b45.php 第 35 行.
INFO: ParseTemplate Behavior ::run [ RunTime:0.030438s ]
INFO: [ view_parse ] --END-- [ RunTime:0.030550s ]
INFO: [ view_filter ] --START--
INFO: ContentReplace Behavior ::run [ RunTime:0.001216s ]
INFO: TokenBuild Behavior ::run [ RunTime:0.000716s ]
INFO: WriteHtmlCache Behavior ::run [ RunTime:0.000517s ]
INFO: ShowRuntime Behavior ::run [ RunTime:0.000665s ]
INFO: [ view_filter ] --END-- [ RunTime:0.003377s ]
INFO: [ view_end ] --START--
INFO: ShowPageTrace Behavior ::run [ RunTime:0.001573s ]
INFO: [ view_end ] --END-- [ RunTime:0.001695s ]

[ 2014-07-26T13:14:05+08:00 ] 127.0.0.1 /ipaikt/index.php?s=/Index/main
INFO: [ app_begin ] --START--
INFO: ReadHtmlCache Behavior ::run [ RunTime:0.001091s ]
INFO: [ app_begin ] --END-- [ RunTime:0.001177s ]
INFO: [ view_parse ] --START--
NOTIC: [8] Undefined index: user C:\WWW\ipaikt\HOME\Runtime\Cache\21bce5cfed4107e7c5ace27094659b45.php 第 32 行.
NOTIC: [8] A session had already been started - ignoring session_start() C:\WWW\ipaikt\HOME\Runtime\Cache\21bce5cfed4107e7c5ace27094659b45.php 第 35 行.
INFO: ParseTemplate Behavior ::run [ RunTime:0.026592s ]
INFO: [ view_parse ] --END-- [ RunTime:0.026681s ]
INFO: [ view_filter ] --START--
INFO: ContentReplace Behavior ::run [ RunTime:0.000889s ]
INFO: TokenBuild Behavior ::run [ RunTime:0.000620s ]
INFO: WriteHtmlCache Behavior ::run [ RunTime:0.000459s ]
INFO: ShowRuntime Behavior ::run [ RunTime:0.000601s ]
INFO: [ view_filter ] --END-- [ RunTime:0.002805s ]
INFO: [ view_end ] --START--
INFO: ShowPageTrace Behavior ::run [ RunTime:0.000812s ]
INFO: [ view_end ] --END-- [ RunTime:0.000891s ]

[ 2014-07-26T13:14:16+08:00 ] 127.0.0.1 /ipaikt/index.php?s=/Index/main
INFO: [ app_begin ] --START--
INFO: ReadHtmlCache Behavior ::run [ RunTime:0.001023s ]
INFO: [ app_begin ] --END-- [ RunTime:0.001127s ]
INFO: [ view_parse ] --START--
NOTIC: [8] Undefined index: user C:\WWW\ipaikt\HOME\Runtime\Cache\21bce5cfed4107e7c5ace27094659b45.php 第 32 行.
NOTIC: [8] A session had already been started - ignoring session_start() C:\WWW\ipaikt\HOME\Runtime\Cache\21bce5cfed4107e7c5ace27094659b45.php 第 35 行.
INFO: ParseTemplate Behavior ::run [ RunTime:0.023895s ]
INFO: [ view_parse ] --END-- [ RunTime:0.023996s ]
INFO: [ view_filter ] --START--
INFO: ContentReplace Behavior ::run [ RunTime:0.000753s ]
INFO: TokenBuild Behavior ::run [ RunTime:0.000702s ]
INFO: WriteHtmlCache Behavior ::run [ RunTime:0.000629s ]
INFO: ShowRuntime Behavior ::run [ RunTime:0.000940s ]
INFO: [ view_filter ] --END-- [ RunTime:0.003328s ]
INFO: [ view_end ] --START--
INFO: ShowPageTrace Behavior ::run [ RunTime:0.000747s ]
INFO: [ view_end ] --END-- [ RunTime:0.000825s ]

[ 2014-07-26T13:14:26+08:00 ] 127.0.0.1 /ipaikt/index.php?s=/Index/main
INFO: [ app_begin ] --START--
INFO: ReadHtmlCache Behavior ::run [ RunTime:0.000695s ]
INFO: [ app_begin ] --END-- [ RunTime:0.000777s ]
INFO: [ view_parse ] --START--
NOTIC: [8] Undefined index: user C:\WWW\ipaikt\HOME\Runtime\Cache\21bce5cfed4107e7c5ace27094659b45.php 第 32 行.
NOTIC: [8] A session had already been started - ignoring session_start() C:\WWW\ipaikt\HOME\Runtime\Cache\21bce5cfed4107e7c5ace27094659b45.php 第 35 行.
INFO: ParseTemplate Behavior ::run [ RunTime:0.029684s ]
INFO: [ view_parse ] --END-- [ RunTime:0.029763s ]
INFO: [ view_filter ] --START--
INFO: ContentReplace Behavior ::run [ RunTime:0.000774s ]
INFO: TokenBuild Behavior ::run [ RunTime:0.000758s ]
INFO: WriteHtmlCache Behavior ::run [ RunTime:0.000634s ]
INFO: ShowRuntime Behavior ::run [ RunTime:0.000657s ]
INFO: [ view_filter ] --END-- [ RunTime:0.003179s ]
INFO: [ view_end ] --START--
INFO: ShowPageTrace Behavior ::run [ RunTime:0.000958s ]
INFO: [ view_end ] --END-- [ RunTime:0.001050s ]

[ 2014-07-26T13:14:36+08:00 ] 127.0.0.1 /ipaikt/index.php?s=/Index/main
INFO: [ app_begin ] --START--
INFO: ReadHtmlCache Behavior ::run [ RunTime:0.000751s ]
INFO: [ app_begin ] --END-- [ RunTime:0.000831s ]
INFO: [ view_parse ] --START--
NOTIC: [8] Undefined index: user C:\WWW\ipaikt\HOME\Runtime\Cache\21bce5cfed4107e7c5ace27094659b45.php 第 32 行.
NOTIC: [8] A session had already been started - ignoring session_start() C:\WWW\ipaikt\HOME\Runtime\Cache\21bce5cfed4107e7c5ace27094659b45.php 第 35 行.
INFO: ParseTemplate Behavior ::run [ RunTime:0.025989s ]
INFO: [ view_parse ] --END-- [ RunTime:0.026076s ]
INFO: [ view_filter ] --START--
INFO: ContentReplace Behavior ::run [ RunTime:0.001069s ]
INFO: TokenBuild Behavior ::run [ RunTime:0.000660s ]
INFO: WriteHtmlCache Behavior ::run [ RunTime:0.000539s ]
INFO: ShowRuntime Behavior ::run [ RunTime:0.000782s ]
INFO: [ view_filter ] --END-- [ RunTime:0.003323s ]
INFO: [ view_end ] --START--
INFO: ShowPageTrace Behavior ::run [ RunTime:0.000890s ]
INFO: [ view_end ] --END-- [ RunTime:0.000976s ]

[ 2014-07-26T13:15:19+08:00 ] 127.0.0.1 /ipaikt/index.php?s=/Index/main
INFO: [ app_begin ] --START--
INFO: ReadHtmlCache Behavior ::run [ RunTime:0.000750s ]
INFO: [ app_begin ] --END-- [ RunTime:0.000834s ]
INFO: [ view_parse ] --START--
NOTIC: [8] Undefined index: user C:\WWW\ipaikt\HOME\Runtime\Cache\21bce5cfed4107e7c5ace27094659b45.php 第 32 行.
NOTIC: [8] A session had already been started - ignoring session_start() C:\WWW\ipaikt\HOME\Runtime\Cache\21bce5cfed4107e7c5ace27094659b45.php 第 35 行.
INFO: ParseTemplate Behavior ::run [ RunTime:0.024247s ]
INFO: [ view_parse ] --END-- [ RunTime:0.024327s ]
INFO: [ view_filter ] --START--
INFO: ContentReplace Behavior ::run [ RunTime:0.000754s ]
INFO: TokenBuild Behavior ::run [ RunTime:0.000644s ]
INFO: WriteHtmlCache Behavior ::run [ RunTime:0.000475s ]
INFO: ShowRuntime Behavior ::run [ RunTime:0.000642s ]
INFO: [ view_filter ] --END-- [ RunTime:0.002748s ]
INFO: [ view_end ] --START--
INFO: ShowPageTrace Behavior ::run [ RunTime:0.001092s ]
INFO: [ view_end ] --END-- [ RunTime:0.001193s ]

[ 2014-07-26T13:16:42+08:00 ] 127.0.0.1 /ipaikt/index.php?s=/Index/main
INFO: [ app_begin ] --START--
INFO: ReadHtmlCache Behavior ::run [ RunTime:0.000661s ]
INFO: [ app_begin ] --END-- [ RunTime:0.000734s ]
INFO: [ view_parse ] --START--
NOTIC: [8] Undefined index: user C:\WWW\ipaikt\HOME\Runtime\Cache\21bce5cfed4107e7c5ace27094659b45.php 第 32 行.
NOTIC: [8] A session had already been started - ignoring session_start() C:\WWW\ipaikt\HOME\Runtime\Cache\21bce5cfed4107e7c5ace27094659b45.php 第 35 行.
INFO: ParseTemplate Behavior ::run [ RunTime:0.100980s ]
INFO: [ view_parse ] --END-- [ RunTime:0.101057s ]
INFO: [ view_filter ] --START--
INFO: ContentReplace Behavior ::run [ RunTime:0.002092s ]
INFO: TokenBuild Behavior ::run [ RunTime:0.000622s ]
INFO: WriteHtmlCache Behavior ::run [ RunTime:0.000497s ]
INFO: ShowRuntime Behavior ::run [ RunTime:0.000607s ]
INFO: [ view_filter ] --END-- [ RunTime:0.004052s ]
INFO: [ view_end ] --START--
INFO: ShowPageTrace Behavior ::run [ RunTime:0.000956s ]
INFO: [ view_end ] --END-- [ RunTime:0.001051s ]

[ 2014-07-26T13:17:15+08:00 ] 127.0.0.1 /ipaikt/index.php?s=/Index/main
INFO: [ app_begin ] --START--
INFO: ReadHtmlCache Behavior ::run [ RunTime:0.000726s ]
INFO: [ app_begin ] --END-- [ RunTime:0.000802s ]
INFO: [ view_parse ] --START--
NOTIC: [8] Undefined index: user C:\WWW\ipaikt\HOME\Runtime\Cache\21bce5cfed4107e7c5ace27094659b45.php 第 32 行.
NOTIC: [8] A session had already been started - ignoring session_start() C:\WWW\ipaikt\HOME\Runtime\Cache\21bce5cfed4107e7c5ace27094659b45.php 第 35 行.
INFO: ParseTemplate Behavior ::run [ RunTime:0.027090s ]
INFO: [ view_parse ] --END-- [ RunTime:0.027164s ]
INFO: [ view_filter ] --START--
INFO: ContentReplace Behavior ::run [ RunTime:0.000788s ]
INFO: TokenBuild Behavior ::run [ RunTime:0.000572s ]
INFO: WriteHtmlCache Behavior ::run [ RunTime:0.000494s ]
INFO: ShowRuntime Behavior ::run [ RunTime:0.000613s ]
INFO: [ view_filter ] --END-- [ RunTime:0.002696s ]
INFO: [ view_end ] --START--
INFO: ShowPageTrace Behavior ::run [ RunTime:0.000842s ]
INFO: [ view_end ] --END-- [ RunTime:0.000931s ]

[ 2014-07-26T13:18:18+08:00 ] 127.0.0.1 /ipaikt/index.php?s=/Index/main
INFO: [ app_begin ] --START--
INFO: ReadHtmlCache Behavior ::run [ RunTime:0.001243s ]
INFO: [ app_begin ] --END-- [ RunTime:0.001376s ]
INFO: [ view_parse ] --START--
NOTIC: [8] Undefined index: user C:\WWW\ipaikt\HOME\Runtime\Cache\21bce5cfed4107e7c5ace27094659b45.php 第 32 行.
NOTIC: [8] A session had already been started - ignoring session_start() C:\WWW\ipaikt\HOME\Runtime\Cache\21bce5cfed4107e7c5ace27094659b45.php 第 35 行.
INFO: ParseTemplate Behavior ::run [ RunTime:0.026553s ]
INFO: [ view_parse ] --END-- [ RunTime:0.026697s ]
INFO: [ view_filter ] --START--
INFO: ContentReplace Behavior ::run [ RunTime:0.000832s ]
INFO: TokenBuild Behavior ::run [ RunTime:0.000557s ]
INFO: WriteHtmlCache Behavior ::run [ RunTime:0.000478s ]
INFO: ShowRuntime Behavior ::run [ RunTime:0.000639s ]
INFO: [ view_filter ] --END-- [ RunTime:0.002746s ]
INFO: [ view_end ] --START--
INFO: ShowPageTrace Behavior ::run [ RunTime:0.000886s ]
INFO: [ view_end ] --END-- [ RunTime:0.000975s ]

[ 2014-07-26T13:19:24+08:00 ] 127.0.0.1 /ipaikt/index.php?s=/Index/main
INFO: [ app_begin ] --START--
INFO: ReadHtmlCache Behavior ::run [ RunTime:0.000678s ]
INFO: [ app_begin ] --END-- [ RunTime:0.000762s ]
INFO: [ view_parse ] --START--
NOTIC: [8] Undefined index: user C:\WWW\ipaikt\HOME\Runtime\Cache\21bce5cfed4107e7c5ace27094659b45.php 第 32 行.
NOTIC: [8] A session had already been started - ignoring session_start() C:\WWW\ipaikt\HOME\Runtime\Cache\21bce5cfed4107e7c5ace27094659b45.php 第 35 行.
INFO: ParseTemplate Behavior ::run [ RunTime:0.027666s ]
INFO: [ view_parse ] --END-- [ RunTime:0.027742s ]
INFO: [ view_filter ] --START--
INFO: ContentReplace Behavior ::run [ RunTime:0.000717s ]
INFO: TokenBuild Behavior ::run [ RunTime:0.000538s ]
INFO: WriteHtmlCache Behavior ::run [ RunTime:0.000439s ]
INFO: ShowRuntime Behavior ::run [ RunTime:0.000568s ]
INFO: [ view_filter ] --END-- [ RunTime:0.002474s ]
INFO: [ view_end ] --START--
INFO: ShowPageTrace Behavior ::run [ RunTime:0.000772s ]
INFO: [ view_end ] --END-- [ RunTime:0.000872s ]

[ 2014-07-26T13:20:15+08:00 ] 127.0.0.1 /ipaikt/index.php?s=/Index/main
INFO: [ app_begin ] --START--
INFO: ReadHtmlCache Behavior ::run [ RunTime:0.000817s ]
INFO: [ app_begin ] --END-- [ RunTime:0.000904s ]
INFO: [ view_parse ] --START--
NOTIC: [8] Undefined index: user C:\WWW\ipaikt\HOME\Runtime\Cache\21bce5cfed4107e7c5ace27094659b45.php 第 35 行.
NOTIC: [8] A session had already been started - ignoring session_start() C:\WWW\ipaikt\HOME\Runtime\Cache\21bce5cfed4107e7c5ace27094659b45.php 第 38 行.
INFO: ParseTemplate Behavior ::run [ RunTime:0.033811s ]
INFO: [ view_parse ] --END-- [ RunTime:0.034263s ]
INFO: [ view_filter ] --START--
INFO: ContentReplace Behavior ::run [ RunTime:0.001761s ]
INFO: TokenBuild Behavior ::run [ RunTime:0.000750s ]
INFO: WriteHtmlCache Behavior ::run [ RunTime:0.000725s ]
INFO: ShowRuntime Behavior ::run [ RunTime:0.000824s ]
INFO: [ view_filter ] --END-- [ RunTime:0.004355s ]
INFO: [ view_end ] --START--
INFO: ShowPageTrace Behavior ::run [ RunTime:0.000951s ]
INFO: [ view_end ] --END-- [ RunTime:0.001057s ]

[ 2014-07-26T13:21:19+08:00 ] 127.0.0.1 /ipaikt/index.php?s=/Index/main
INFO: [ app_begin ] --START--
INFO: ReadHtmlCache Behavior ::run [ RunTime:0.000751s ]
INFO: [ app_begin ] --END-- [ RunTime:0.000827s ]
INFO: [ view_parse ] --START--
NOTIC: [8] Undefined index: user C:\WWW\ipaikt\HOME\Runtime\Cache\21bce5cfed4107e7c5ace27094659b45.php 第 44 行.
NOTIC: [8] A session had already been started - ignoring session_start() C:\WWW\ipaikt\HOME\Runtime\Cache\21bce5cfed4107e7c5ace27094659b45.php 第 47 行.
INFO: ParseTemplate Behavior ::run [ RunTime:0.034542s ]
INFO: [ view_parse ] --END-- [ RunTime:0.034633s ]
INFO: [ view_filter ] --START--
INFO: ContentReplace Behavior ::run [ RunTime:0.002242s ]
INFO: TokenBuild Behavior ::run [ RunTime:0.000989s ]
INFO: WriteHtmlCache Behavior ::run [ RunTime:0.001204s ]
INFO: ShowRuntime Behavior ::run [ RunTime:0.001365s ]
INFO: [ view_filter ] --END-- [ RunTime:0.006184s ]
INFO: [ view_end ] --START--
INFO: ShowPageTrace Behavior ::run [ RunTime:0.002315s ]
INFO: [ view_end ] --END-- [ RunTime:0.002860s ]

[ 2014-07-26T13:23:24+08:00 ] 127.0.0.1 /ipaikt/index.php/Index/main
INFO: [ app_begin ] --START--
INFO: ReadHtmlCache Behavior ::run [ RunTime:0.000771s ]
INFO: [ app_begin ] --END-- [ RunTime:0.000855s ]
INFO: [ view_parse ] --START--
NOTIC: [8] Undefined index: user C:\WWW\ipaikt\HOME\Runtime\Cache\21bce5cfed4107e7c5ace27094659b45.php 第 44 行.
NOTIC: [8] A session had already been started - ignoring session_start() C:\WWW\ipaikt\HOME\Runtime\Cache\21bce5cfed4107e7c5ace27094659b45.php 第 47 行.
INFO: ParseTemplate Behavior ::run [ RunTime:0.033378s ]
INFO: [ view_parse ] --END-- [ RunTime:0.033494s ]
INFO: [ view_filter ] --START--
INFO: ContentReplace Behavior ::run [ RunTime:0.000768s ]
INFO: TokenBuild Behavior ::run [ RunTime:0.000748s ]
INFO: WriteHtmlCache Behavior ::run [ RunTime:0.000804s ]
INFO: ShowRuntime Behavior ::run [ RunTime:0.001029s ]
INFO: [ view_filter ] --END-- [ RunTime:0.003687s ]
INFO: [ view_end ] --START--
INFO: ShowPageTrace Behavior ::run [ RunTime:0.001309s ]
INFO: [ view_end ] --END-- [ RunTime:0.001446s ]

[ 2014-07-26T13:23:52+08:00 ] 127.0.0.1 /ipaikt/index.php/Index/main
INFO: [ app_begin ] --START--
INFO: ReadHtmlCache Behavior ::run [ RunTime:0.000724s ]
INFO: [ app_begin ] --END-- [ RunTime:0.000810s ]
INFO: [ view_parse ] --START--
NOTIC: [8] Undefined index: user C:\WWW\ipaikt\HOME\Runtime\Cache\21bce5cfed4107e7c5ace27094659b45.php 第 35 行.
NOTIC: [8] A session had already been started - ignoring session_start() C:\WWW\ipaikt\HOME\Runtime\Cache\21bce5cfed4107e7c5ace27094659b45.php 第 38 行.
INFO: ParseTemplate Behavior ::run [ RunTime:0.034312s ]
INFO: [ view_parse ] --END-- [ RunTime:0.034615s ]
INFO: [ view_filter ] --START--
INFO: ContentReplace Behavior ::run [ RunTime:0.001284s ]
INFO: TokenBuild Behavior ::run [ RunTime:0.001712s ]
INFO: WriteHtmlCache Behavior ::run [ RunTime:0.001081s ]
INFO: ShowRuntime Behavior ::run [ RunTime:0.005322s ]
INFO: [ view_filter ] --END-- [ RunTime:0.009895s ]
INFO: [ view_end ] --START--
INFO: ShowPageTrace Behavior ::run [ RunTime:0.001021s ]
INFO: [ view_end ] --END-- [ RunTime:0.001124s ]

[ 2014-07-26T13:24:26+08:00 ] 127.0.0.1 /ipaikt/index.php/Index/main
INFO: [ app_begin ] --START--
INFO: ReadHtmlCache Behavior ::run [ RunTime:0.000874s ]
INFO: [ app_begin ] --END-- [ RunTime:0.000959s ]
INFO: [ view_parse ] --START--
NOTIC: [8] Undefined index: user C:\WWW\ipaikt\HOME\Runtime\Cache\21bce5cfed4107e7c5ace27094659b45.php 第 35 行.
NOTIC: [8] A session had already been started - ignoring session_start() C:\WWW\ipaikt\HOME\Runtime\Cache\21bce5cfed4107e7c5ace27094659b45.php 第 38 行.
INFO: ParseTemplate Behavior ::run [ RunTime:0.034129s ]
INFO: [ view_parse ] --END-- [ RunTime:0.034239s ]
INFO: [ view_filter ] --START--
INFO: ContentReplace Behavior ::run [ RunTime:0.001120s ]
INFO: TokenBuild Behavior ::run [ RunTime:0.001201s ]
INFO: WriteHtmlCache Behavior ::run [ RunTime:0.001337s ]
INFO: ShowRuntime Behavior ::run [ RunTime:0.000798s ]
INFO: [ view_filter ] --END-- [ RunTime:0.005012s ]
INFO: [ view_end ] --START--
INFO: ShowPageTrace Behavior ::run [ RunTime:0.002021s ]
INFO: [ view_end ] --END-- [ RunTime:0.002139s ]

[ 2014-07-26T13:24:40+08:00 ] 127.0.0.1 /ipaikt/index.php/Index/main
INFO: [ app_begin ] --START--
INFO: ReadHtmlCache Behavior ::run [ RunTime:0.001127s ]
INFO: [ app_begin ] --END-- [ RunTime:0.001248s ]
INFO: [ view_parse ] --START--
NOTIC: [8] Undefined index: user C:\WWW\ipaikt\HOME\Runtime\Cache\21bce5cfed4107e7c5ace27094659b45.php 第 35 行.
NOTIC: [8] A session had already been started - ignoring session_start() C:\WWW\ipaikt\HOME\Runtime\Cache\21bce5cfed4107e7c5ace27094659b45.php 第 38 行.
INFO: ParseTemplate Behavior ::run [ RunTime:0.029239s ]
INFO: [ view_parse ] --END-- [ RunTime:0.029348s ]
INFO: [ view_filter ] --START--
INFO: ContentReplace Behavior ::run [ RunTime:0.001411s ]
INFO: TokenBuild Behavior ::run [ RunTime:0.001024s ]
INFO: WriteHtmlCache Behavior ::run [ RunTime:0.000743s ]
INFO: ShowRuntime Behavior ::run [ RunTime:0.001145s ]
INFO: [ view_filter ] --END-- [ RunTime:0.004904s ]
INFO: [ view_end ] --START--
INFO: ShowPageTrace Behavior ::run [ RunTime:0.001284s ]
INFO: [ view_end ] --END-- [ RunTime:0.001424s ]

[ 2014-07-26T13:30:41+08:00 ] 127.0.0.1 /ipaikt/index.php/Index/main
INFO: [ app_begin ] --START--
INFO: ReadHtmlCache Behavior ::run [ RunTime:0.000994s ]
INFO: [ app_begin ] --END-- [ RunTime:0.001081s ]
INFO: [ view_parse ] --START--
NOTIC: [8] Undefined index: user C:\WWW\ipaikt\HOME\Runtime\Cache\21bce5cfed4107e7c5ace27094659b45.php 第 35 行.
NOTIC: [8] A session had already been started - ignoring session_start() C:\WWW\ipaikt\HOME\Runtime\Cache\21bce5cfed4107e7c5ace27094659b45.php 第 38 行.
INFO: ParseTemplate Behavior ::run [ RunTime:0.071976s ]
INFO: [ view_parse ] --END-- [ RunTime:0.072098s ]
INFO: [ view_filter ] --START--
INFO: ContentReplace Behavior ::run [ RunTime:0.000979s ]
INFO: TokenBuild Behavior ::run [ RunTime:0.000795s ]
INFO: WriteHtmlCache Behavior ::run [ RunTime:0.000668s ]
INFO: ShowRuntime Behavior ::run [ RunTime:0.001423s ]
INFO: [ view_filter ] --END-- [ RunTime:0.004686s ]
INFO: [ view_end ] --START--
INFO: ShowPageTrace Behavior ::run [ RunTime:0.001128s ]
INFO: [ view_end ] --END-- [ RunTime:0.001251s ]

[ 2014-07-26T13:32:55+08:00 ] 127.0.0.1 /ipaikt/index.php/Index/main
INFO: [ app_begin ] --START--
INFO: ReadHtmlCache Behavior ::run [ RunTime:0.000729s ]
INFO: [ app_begin ] --END-- [ RunTime:0.000816s ]
INFO: [ view_parse ] --START--
NOTIC: [8] Undefined index: user C:\WWW\ipaikt\HOME\Runtime\Cache\21bce5cfed4107e7c5ace27094659b45.php 第 35 行.
NOTIC: [8] A session had already been started - ignoring session_start() C:\WWW\ipaikt\HOME\Runtime\Cache\21bce5cfed4107e7c5ace27094659b45.php 第 38 行.
INFO: ParseTemplate Behavior ::run [ RunTime:0.035079s ]
INFO: [ view_parse ] --END-- [ RunTime:0.035213s ]
INFO: [ view_filter ] --START--
INFO: ContentReplace Behavior ::run [ RunTime:0.001432s ]
INFO: TokenBuild Behavior ::run [ RunTime:0.001127s ]
INFO: WriteHtmlCache Behavior ::run [ RunTime:0.000693s ]
INFO: ShowRuntime Behavior ::run [ RunTime:0.000628s ]
INFO: [ view_filter ] --END-- [ RunTime:0.004262s ]
INFO: [ view_end ] --START--
INFO: ShowPageTrace Behavior ::run [ RunTime:0.001173s ]
INFO: [ view_end ] --END-- [ RunTime:0.001267s ]

[ 2014-07-26T13:33:15+08:00 ] 127.0.0.1 /ipaikt/index.php/Index/main
INFO: [ app_begin ] --START--
INFO: ReadHtmlCache Behavior ::run [ RunTime:0.000943s ]
INFO: [ app_begin ] --END-- [ RunTime:0.001049s ]
INFO: [ view_parse ] --START--
NOTIC: [8] Undefined index: user C:\WWW\ipaikt\HOME\Runtime\Cache\21bce5cfed4107e7c5ace27094659b45.php 第 35 行.
NOTIC: [8] A session had already been started - ignoring session_start() C:\WWW\ipaikt\HOME\Runtime\Cache\21bce5cfed4107e7c5ace27094659b45.php 第 38 行.
INFO: ParseTemplate Behavior ::run [ RunTime:0.033956s ]
INFO: [ view_parse ] --END-- [ RunTime:0.034080s ]
INFO: [ view_filter ] --START--
INFO: ContentReplace Behavior ::run [ RunTime:0.001394s ]
INFO: TokenBuild Behavior ::run [ RunTime:0.001237s ]
INFO: WriteHtmlCache Behavior ::run [ RunTime:0.000737s ]
INFO: ShowRuntime Behavior ::run [ RunTime:0.000763s ]
INFO: [ view_filter ] --END-- [ RunTime:0.004435s ]
INFO: [ view_end ] --START--
INFO: ShowPageTrace Behavior ::run [ RunTime:0.000767s ]
INFO: [ view_end ] --END-- [ RunTime:0.000849s ]

[ 2014-07-26T13:35:06+08:00 ] 127.0.0.1 /ipaikt/index.php/Index/main
INFO: [ app_begin ] --START--
INFO: ReadHtmlCache Behavior ::run [ RunTime:0.001186s ]
INFO: [ app_begin ] --END-- [ RunTime:0.001291s ]
INFO: [ view_parse ] --START--
NOTIC: [8] Undefined index: user C:\WWW\ipaikt\HOME\Runtime\Cache\21bce5cfed4107e7c5ace27094659b45.php 第 35 行.
NOTIC: [8] A session had already been started - ignoring session_start() C:\WWW\ipaikt\HOME\Runtime\Cache\21bce5cfed4107e7c5ace27094659b45.php 第 38 行.
INFO: ParseTemplate Behavior ::run [ RunTime:0.033388s ]
INFO: [ view_parse ] --END-- [ RunTime:0.033569s ]
INFO: [ view_filter ] --START--
INFO: ContentReplace Behavior ::run [ RunTime:0.000800s ]
INFO: TokenBuild Behavior ::run [ RunTime:0.000937s ]
INFO: WriteHtmlCache Behavior ::run [ RunTime:0.000589s ]
INFO: ShowRuntime Behavior ::run [ RunTime:0.000862s ]
INFO: [ view_filter ] --END-- [ RunTime:0.003545s ]
INFO: [ view_end ] --START--
INFO: ShowPageTrace Behavior ::run [ RunTime:0.001036s ]
INFO: [ view_end ] --END-- [ RunTime:0.001153s ]

[ 2014-07-26T13:35:47+08:00 ] 127.0.0.1 /ipaikt/index.php/Index/main
INFO: [ app_begin ] --START--
INFO: ReadHtmlCache Behavior ::run [ RunTime:0.001015s ]
INFO: [ app_begin ] --END-- [ RunTime:0.001100s ]
INFO: [ view_parse ] --START--
NOTIC: [8] Undefined index: user C:\WWW\ipaikt\HOME\Runtime\Cache\21bce5cfed4107e7c5ace27094659b45.php 第 35 行.
NOTIC: [8] A session had already been started - ignoring session_start() C:\WWW\ipaikt\HOME\Runtime\Cache\21bce5cfed4107e7c5ace27094659b45.php 第 38 行.
INFO: ParseTemplate Behavior ::run [ RunTime:0.030089s ]
INFO: [ view_parse ] --END-- [ RunTime:0.030183s ]
INFO: [ view_filter ] --START--
INFO: ContentReplace Behavior ::run [ RunTime:0.000898s ]
INFO: TokenBuild Behavior ::run [ RunTime:0.000712s ]
INFO: WriteHtmlCache Behavior ::run [ RunTime:0.000612s ]
INFO: ShowRuntime Behavior ::run [ RunTime:0.000627s ]
INFO: [ view_filter ] --END-- [ RunTime:0.003114s ]
INFO: [ view_end ] --START--
INFO: ShowPageTrace Behavior ::run [ RunTime:0.000740s ]
INFO: [ view_end ] --END-- [ RunTime:0.000818s ]

[ 2014-07-26T13:36:44+08:00 ] 127.0.0.1 /ipaikt/index.php/Index/main
INFO: [ app_begin ] --START--
INFO: ReadHtmlCache Behavior ::run [ RunTime:0.000691s ]
INFO: [ app_begin ] --END-- [ RunTime:0.000771s ]
INFO: [ view_parse ] --START--
NOTIC: [8] Undefined index: user C:\WWW\ipaikt\HOME\Runtime\Cache\21bce5cfed4107e7c5ace27094659b45.php 第 35 行.
NOTIC: [8] A session had already been started - ignoring session_start() C:\WWW\ipaikt\HOME\Runtime\Cache\21bce5cfed4107e7c5ace27094659b45.php 第 38 行.
INFO: ParseTemplate Behavior ::run [ RunTime:0.029929s ]
INFO: [ view_parse ] --END-- [ RunTime:0.030016s ]
INFO: [ view_filter ] --START--
INFO: ContentReplace Behavior ::run [ RunTime:0.000742s ]
INFO: TokenBuild Behavior ::run [ RunTime:0.000799s ]
INFO: WriteHtmlCache Behavior ::run [ RunTime:0.000671s ]
INFO: ShowRuntime Behavior ::run [ RunTime:0.000653s ]
INFO: [ view_filter ] --END-- [ RunTime:0.003177s ]
INFO: [ view_end ] --START--
INFO: ShowPageTrace Behavior ::run [ RunTime:0.000893s ]
INFO: [ view_end ] --END-- [ RunTime:0.000983s ]

[ 2014-07-26T13:38:30+08:00 ] 127.0.0.1 /ipaikt/index.php/Index/main
INFO: [ app_begin ] --START--
INFO: ReadHtmlCache Behavior ::run [ RunTime:0.000777s ]
INFO: [ app_begin ] --END-- [ RunTime:0.000862s ]
INFO: [ view_parse ] --START--
NOTIC: [8] Undefined index: user C:\WWW\ipaikt\HOME\Runtime\Cache\21bce5cfed4107e7c5ace27094659b45.php 第 35 行.
NOTIC: [8] A session had already been started - ignoring session_start() C:\WWW\ipaikt\HOME\Runtime\Cache\21bce5cfed4107e7c5ace27094659b45.php 第 38 行.
INFO: ParseTemplate Behavior ::run [ RunTime:0.028928s ]
INFO: [ view_parse ] --END-- [ RunTime:0.029024s ]
INFO: [ view_filter ] --START--
INFO: ContentReplace Behavior ::run [ RunTime:0.002706s ]
INFO: TokenBuild Behavior ::run [ RunTime:0.000882s ]
INFO: WriteHtmlCache Behavior ::run [ RunTime:0.000803s ]
INFO: ShowRuntime Behavior ::run [ RunTime:0.000987s ]
INFO: [ view_filter ] --END-- [ RunTime:0.005671s ]
INFO: [ view_end ] --START--
INFO: ShowPageTrace Behavior ::run [ RunTime:0.001099s ]
INFO: [ view_end ] --END-- [ RunTime:0.001218s ]

[ 2014-07-26T13:39:25+08:00 ] 127.0.0.1 /ipaikt/index.php/Index/main
INFO: [ app_begin ] --START--
INFO: ReadHtmlCache Behavior ::run [ RunTime:0.000755s ]
INFO: [ app_begin ] --END-- [ RunTime:0.000844s ]
INFO: [ view_parse ] --START--
NOTIC: [8] Undefined index: user C:\WWW\ipaikt\HOME\Runtime\Cache\21bce5cfed4107e7c5ace27094659b45.php 第 35 行.
NOTIC: [8] A session had already been started - ignoring session_start() C:\WWW\ipaikt\HOME\Runtime\Cache\21bce5cfed4107e7c5ace27094659b45.php 第 38 行.
INFO: ParseTemplate Behavior ::run [ RunTime:0.029587s ]
INFO: [ view_parse ] --END-- [ RunTime:0.029675s ]
INFO: [ view_filter ] --START--
INFO: ContentReplace Behavior ::run [ RunTime:0.000736s ]
INFO: TokenBuild Behavior ::run [ RunTime:0.000680s ]
INFO: WriteHtmlCache Behavior ::run [ RunTime:0.000463s ]
INFO: ShowRuntime Behavior ::run [ RunTime:0.000697s ]
INFO: [ view_filter ] --END-- [ RunTime:0.002917s ]
INFO: [ view_end ] --START--
INFO: ShowPageTrace Behavior ::run [ RunTime:0.001650s ]
INFO: [ view_end ] --END-- [ RunTime:0.001749s ]

[ 2014-07-26T13:44:49+08:00 ] 127.0.0.1 /ipaikt/index.php/Index/main
INFO: [ app_begin ] --START--
INFO: ReadHtmlCache Behavior ::run [ RunTime:0.001294s ]
INFO: [ app_begin ] --END-- [ RunTime:0.001427s ]
INFO: [ view_parse ] --START--
NOTIC: [8] Undefined index: user C:\WWW\ipaikt\HOME\Runtime\Cache\21bce5cfed4107e7c5ace27094659b45.php 第 45 行.
NOTIC: [8] A session had already been started - ignoring session_start() C:\WWW\ipaikt\HOME\Runtime\Cache\21bce5cfed4107e7c5ace27094659b45.php 第 48 行.
INFO: ParseTemplate Behavior ::run [ RunTime:0.032837s ]
INFO: [ view_parse ] --END-- [ RunTime:0.032971s ]
INFO: [ view_filter ] --START--
INFO: ContentReplace Behavior ::run [ RunTime:0.001141s ]
INFO: TokenBuild Behavior ::run [ RunTime:0.000853s ]
INFO: WriteHtmlCache Behavior ::run [ RunTime:0.000495s ]
INFO: ShowRuntime Behavior ::run [ RunTime:0.000673s ]
INFO: [ view_filter ] --END-- [ RunTime:0.003441s ]
INFO: [ view_end ] --START--
INFO: ShowPageTrace Behavior ::run [ RunTime:0.000793s ]
INFO: [ view_end ] --END-- [ RunTime:0.000890s ]

[ 2014-07-26T13:45:00+08:00 ] 127.0.0.1 /ipaikt/index.php/Index/main
INFO: [ app_begin ] --START--
INFO: ReadHtmlCache Behavior ::run [ RunTime:0.000796s ]
INFO: [ app_begin ] --END-- [ RunTime:0.001012s ]
INFO: [ view_parse ] --START--
NOTIC: [8] Undefined index: user C:\WWW\ipaikt\HOME\Runtime\Cache\21bce5cfed4107e7c5ace27094659b45.php 第 45 行.
NOTIC: [8] A session had already been started - ignoring session_start() C:\WWW\ipaikt\HOME\Runtime\Cache\21bce5cfed4107e7c5ace27094659b45.php 第 48 行.
INFO: ParseTemplate Behavior ::run [ RunTime:0.029710s ]
INFO: [ view_parse ] --END-- [ RunTime:0.029803s ]
INFO: [ view_filter ] --START--
INFO: ContentReplace Behavior ::run [ RunTime:0.000789s ]
INFO: TokenBuild Behavior ::run [ RunTime:0.000620s ]
INFO: WriteHtmlCache Behavior ::run [ RunTime:0.000496s ]
INFO: ShowRuntime Behavior ::run [ RunTime:0.000657s ]
INFO: [ view_filter ] --END-- [ RunTime:0.002798s ]
INFO: [ view_end ] --START--
INFO: ShowPageTrace Behavior ::run [ RunTime:0.000816s ]
INFO: [ view_end ] --END-- [ RunTime:0.000906s ]

[ 2014-07-26T13:46:09+08:00 ] 127.0.0.1 /ipaikt/index.php/Index/main
INFO: [ app_begin ] --START--
INFO: ReadHtmlCache Behavior ::run [ RunTime:0.001178s ]
INFO: [ app_begin ] --END-- [ RunTime:0.001304s ]
INFO: [ view_parse ] --START--
NOTIC: [8] Undefined index: user C:\WWW\ipaikt\HOME\Runtime\Cache\21bce5cfed4107e7c5ace27094659b45.php 第 45 行.
NOTIC: [8] A session had already been started - ignoring session_start() C:\WWW\ipaikt\HOME\Runtime\Cache\21bce5cfed4107e7c5ace27094659b45.php 第 48 行.
INFO: ParseTemplate Behavior ::run [ RunTime:0.031273s ]
INFO: [ view_parse ] --END-- [ RunTime:0.031391s ]
INFO: [ view_filter ] --START--
INFO: ContentReplace Behavior ::run [ RunTime:0.000845s ]
INFO: TokenBuild Behavior ::run [ RunTime:0.000649s ]
INFO: WriteHtmlCache Behavior ::run [ RunTime:0.000497s ]
INFO: ShowRuntime Behavior ::run [ RunTime:0.000667s ]
INFO: [ view_filter ] --END-- [ RunTime:0.002902s ]
INFO: [ view_end ] --START--
INFO: ShowPageTrace Behavior ::run [ RunTime:0.001125s ]
INFO: [ view_end ] --END-- [ RunTime:0.001212s ]

[ 2014-07-26T13:46:33+08:00 ] 127.0.0.1 /ipaikt/index.php/Index/main
INFO: [ app_begin ] --START--
INFO: ReadHtmlCache Behavior ::run [ RunTime:0.000688s ]
INFO: [ app_begin ] --END-- [ RunTime:0.000761s ]
INFO: [ view_parse ] --START--
NOTIC: [8] Undefined index: user C:\WWW\ipaikt\HOME\Runtime\Cache\21bce5cfed4107e7c5ace27094659b45.php 第 45 行.
NOTIC: [8] A session had already been started - ignoring session_start() C:\WWW\ipaikt\HOME\Runtime\Cache\21bce5cfed4107e7c5ace27094659b45.php 第 48 行.
INFO: ParseTemplate Behavior ::run [ RunTime:0.028054s ]
INFO: [ view_parse ] --END-- [ RunTime:0.028138s ]
INFO: [ view_filter ] --START--
INFO: ContentReplace Behavior ::run [ RunTime:0.000764s ]
INFO: TokenBuild Behavior ::run [ RunTime:0.001762s ]
INFO: WriteHtmlCache Behavior ::run [ RunTime:0.000612s ]
INFO: ShowRuntime Behavior ::run [ RunTime:0.000786s ]
INFO: [ view_filter ] --END-- [ RunTime:0.004198s ]
INFO: [ view_end ] --START--
INFO: ShowPageTrace Behavior ::run [ RunTime:0.001425s ]
INFO: [ view_end ] --END-- [ RunTime:0.001719s ]

[ 2014-07-26T13:48:22+08:00 ] 127.0.0.1 /ipaikt/index.php/Index/main
INFO: [ app_begin ] --START--
INFO: ReadHtmlCache Behavior ::run [ RunTime:0.001027s ]
INFO: [ app_begin ] --END-- [ RunTime:0.001118s ]
INFO: [ view_parse ] --START--
NOTIC: [8] Undefined index: user C:\WWW\ipaikt\HOME\Runtime\Cache\21bce5cfed4107e7c5ace27094659b45.php 第 47 行.
NOTIC: [8] A session had already been started - ignoring session_start() C:\WWW\ipaikt\HOME\Runtime\Cache\21bce5cfed4107e7c5ace27094659b45.php 第 50 行.
INFO: ParseTemplate Behavior ::run [ RunTime:0.039729s ]
INFO: [ view_parse ] --END-- [ RunTime:0.039976s ]
INFO: [ view_filter ] --START--
INFO: ContentReplace Behavior ::run [ RunTime:0.001504s ]
INFO: TokenBuild Behavior ::run [ RunTime:0.001043s ]
INFO: WriteHtmlCache Behavior ::run [ RunTime:0.000897s ]
INFO: ShowRuntime Behavior ::run [ RunTime:0.000990s ]
INFO: [ view_filter ] --END-- [ RunTime:0.004825s ]
INFO: [ view_end ] --START--
INFO: ShowPageTrace Behavior ::run [ RunTime:0.001115s ]
INFO: [ view_end ] --END-- [ RunTime:0.001212s ]

[ 2014-07-26T13:48:38+08:00 ] 127.0.0.1 /ipaikt/index.php/Index/main
INFO: [ app_begin ] --START--
INFO: ReadHtmlCache Behavior ::run [ RunTime:0.000698s ]
INFO: [ app_begin ] --END-- [ RunTime:0.000776s ]
INFO: [ view_parse ] --START--
NOTIC: [8] Undefined index: user C:\WWW\ipaikt\HOME\Runtime\Cache\21bce5cfed4107e7c5ace27094659b45.php 第 47 行.
NOTIC: [8] A session had already been started - ignoring session_start() C:\WWW\ipaikt\HOME\Runtime\Cache\21bce5cfed4107e7c5ace27094659b45.php 第 50 行.
INFO: ParseTemplate Behavior ::run [ RunTime:0.030031s ]
INFO: [ view_parse ] --END-- [ RunTime:0.030278s ]
INFO: [ view_filter ] --START--
INFO: ContentReplace Behavior ::run [ RunTime:0.000892s ]
INFO: TokenBuild Behavior ::run [ RunTime:0.001081s ]
INFO: WriteHtmlCache Behavior ::run [ RunTime:0.000679s ]
INFO: ShowRuntime Behavior ::run [ RunTime:0.000598s ]
INFO: [ view_filter ] --END-- [ RunTime:0.003510s ]
INFO: [ view_end ] --START--
INFO: ShowPageTrace Behavior ::run [ RunTime:0.000873s ]
INFO: [ view_end ] --END-- [ RunTime:0.000969s ]

[ 2014-07-26T13:48:56+08:00 ] 127.0.0.1 /ipaikt/index.php/Index/main
INFO: [ app_begin ] --START--
INFO: ReadHtmlCache Behavior ::run [ RunTime:0.000708s ]
INFO: [ app_begin ] --END-- [ RunTime:0.000785s ]
INFO: [ view_parse ] --START--
NOTIC: [8] Undefined index: user C:\WWW\ipaikt\HOME\Runtime\Cache\21bce5cfed4107e7c5ace27094659b45.php 第 47 行.
NOTIC: [8] A session had already been started - ignoring session_start() C:\WWW\ipaikt\HOME\Runtime\Cache\21bce5cfed4107e7c5ace27094659b45.php 第 50 行.
INFO: ParseTemplate Behavior ::run [ RunTime:0.031957s ]
INFO: [ view_parse ] --END-- [ RunTime:0.032055s ]
INFO: [ view_filter ] --START--
INFO: ContentReplace Behavior ::run [ RunTime:0.002280s ]
INFO: TokenBuild Behavior ::run [ RunTime:0.000836s ]
INFO: WriteHtmlCache Behavior ::run [ RunTime:0.000665s ]
INFO: ShowRuntime Behavior ::run [ RunTime:0.001538s ]
INFO: [ view_filter ] --END-- [ RunTime:0.005925s ]
INFO: [ view_end ] --START--
INFO: ShowPageTrace Behavior ::run [ RunTime:0.001278s ]
INFO: [ view_end ] --END-- [ RunTime:0.001414s ]

[ 2014-07-26T13:49:54+08:00 ] 127.0.0.1 /ipaikt/index.php/Index/main
INFO: [ app_begin ] --START--
INFO: ReadHtmlCache Behavior ::run [ RunTime:0.000819s ]
INFO: [ app_begin ] --END-- [ RunTime:0.000930s ]
INFO: [ view_parse ] --START--
NOTIC: [8] Undefined index: user C:\WWW\ipaikt\HOME\Runtime\Cache\21bce5cfed4107e7c5ace27094659b45.php 第 47 行.
NOTIC: [8] A session had already been started - ignoring session_start() C:\WWW\ipaikt\HOME\Runtime\Cache\21bce5cfed4107e7c5ace27094659b45.php 第 50 行.
INFO: ParseTemplate Behavior ::run [ RunTime:0.034424s ]
INFO: [ view_parse ] --END-- [ RunTime:0.034516s ]
INFO: [ view_filter ] --START--
INFO: ContentReplace Behavior ::run [ RunTime:0.000849s ]
INFO: TokenBuild Behavior ::run [ RunTime:0.000673s ]
INFO: WriteHtmlCache Behavior ::run [ RunTime:0.000797s ]
INFO: ShowRuntime Behavior ::run [ RunTime:0.000738s ]
INFO: [ view_filter ] --END-- [ RunTime:0.003523s ]
INFO: [ view_end ] --START--
INFO: ShowPageTrace Behavior ::run [ RunTime:0.001255s ]
INFO: [ view_end ] --END-- [ RunTime:0.001407s ]

[ 2014-07-26T13:50:43+08:00 ] 127.0.0.1 /ipaikt/index.php/Index/main
INFO: [ app_begin ] --START--
INFO: ReadHtmlCache Behavior ::run [ RunTime:0.000754s ]
INFO: [ app_begin ] --END-- [ RunTime:0.000833s ]
INFO: [ view_parse ] --START--
NOTIC: [8] Undefined index: user C:\WWW\ipaikt\HOME\Runtime\Cache\21bce5cfed4107e7c5ace27094659b45.php 第 47 行.
NOTIC: [8] A session had already been started - ignoring session_start() C:\WWW\ipaikt\HOME\Runtime\Cache\21bce5cfed4107e7c5ace27094659b45.php 第 50 行.
INFO: ParseTemplate Behavior ::run [ RunTime:0.033184s ]
INFO: [ view_parse ] --END-- [ RunTime:0.033281s ]
INFO: [ view_filter ] --START--
INFO: ContentReplace Behavior ::run [ RunTime:0.000993s ]
INFO: TokenBuild Behavior ::run [ RunTime:0.001903s ]
INFO: WriteHtmlCache Behavior ::run [ RunTime:0.001391s ]
INFO: ShowRuntime Behavior ::run [ RunTime:0.003130s ]
INFO: [ view_filter ] --END-- [ RunTime:0.007839s ]
INFO: [ view_end ] --START--
INFO: ShowPageTrace Behavior ::run [ RunTime:0.001377s ]
INFO: [ view_end ] --END-- [ RunTime:0.001628s ]

[ 2014-07-26T13:51:05+08:00 ] 127.0.0.1 /ipaikt/index.php/Index/main
INFO: [ app_begin ] --START--
INFO: ReadHtmlCache Behavior ::run [ RunTime:0.000742s ]
INFO: [ app_begin ] --END-- [ RunTime:0.000823s ]
INFO: [ view_parse ] --START--
NOTIC: [8] Undefined index: user C:\WWW\ipaikt\HOME\Runtime\Cache\21bce5cfed4107e7c5ace27094659b45.php 第 47 行.
NOTIC: [8] A session had already been started - ignoring session_start() C:\WWW\ipaikt\HOME\Runtime\Cache\21bce5cfed4107e7c5ace27094659b45.php 第 50 行.
INFO: ParseTemplate Behavior ::run [ RunTime:0.029331s ]
INFO: [ view_parse ] --END-- [ RunTime:0.029426s ]
INFO: [ view_filter ] --START--
INFO: ContentReplace Behavior ::run [ RunTime:0.000793s ]
INFO: TokenBuild Behavior ::run [ RunTime:0.000690s ]
INFO: WriteHtmlCache Behavior ::run [ RunTime:0.000583s ]
INFO: ShowRuntime Behavior ::run [ RunTime:0.000651s ]
INFO: [ view_filter ] --END-- [ RunTime:0.003013s ]
INFO: [ view_end ] --START--
INFO: ShowPageTrace Behavior ::run [ RunTime:0.000901s ]
INFO: [ view_end ] --END-- [ RunTime:0.001015s ]

[ 2014-07-26T13:51:23+08:00 ] 127.0.0.1 /ipaikt/index.php/Index/main
INFO: [ app_begin ] --START--
INFO: ReadHtmlCache Behavior ::run [ RunTime:0.000929s ]
INFO: [ app_begin ] --END-- [ RunTime:0.001032s ]
INFO: [ view_parse ] --START--
NOTIC: [8] Undefined index: user C:\WWW\ipaikt\HOME\Runtime\Cache\21bce5cfed4107e7c5ace27094659b45.php 第 47 行.
NOTIC: [8] A session had already been started - ignoring session_start() C:\WWW\ipaikt\HOME\Runtime\Cache\21bce5cfed4107e7c5ace27094659b45.php 第 50 行.
INFO: ParseTemplate Behavior ::run [ RunTime:0.029087s ]
INFO: [ view_parse ] --END-- [ RunTime:0.029179s ]
INFO: [ view_filter ] --START--
INFO: ContentReplace Behavior ::run [ RunTime:0.000956s ]
INFO: TokenBuild Behavior ::run [ RunTime:0.000908s ]
INFO: WriteHtmlCache Behavior ::run [ RunTime:0.000519s ]
INFO: ShowRuntime Behavior ::run [ RunTime:0.000849s ]
INFO: [ view_filter ] --END-- [ RunTime:0.003492s ]
INFO: [ view_end ] --START--
INFO: ShowPageTrace Behavior ::run [ RunTime:0.001103s ]
INFO: [ view_end ] --END-- [ RunTime:0.001230s ]

[ 2014-07-26T13:51:39+08:00 ] 127.0.0.1 /ipaikt/index.php/Index/main
INFO: [ app_begin ] --START--
INFO: ReadHtmlCache Behavior ::run [ RunTime:0.000734s ]
INFO: [ app_begin ] --END-- [ RunTime:0.000812s ]
INFO: [ view_parse ] --START--
NOTIC: [8] Undefined index: user C:\WWW\ipaikt\HOME\Runtime\Cache\21bce5cfed4107e7c5ace27094659b45.php 第 47 行.
NOTIC: [8] A session had already been started - ignoring session_start() C:\WWW\ipaikt\HOME\Runtime\Cache\21bce5cfed4107e7c5ace27094659b45.php 第 50 行.
INFO: ParseTemplate Behavior ::run [ RunTime:0.047015s ]
INFO: [ view_parse ] --END-- [ RunTime:0.047095s ]
INFO: [ view_filter ] --START--
INFO: ContentReplace Behavior ::run [ RunTime:0.000813s ]
INFO: TokenBuild Behavior ::run [ RunTime:0.000721s ]
INFO: WriteHtmlCache Behavior ::run [ RunTime:0.000816s ]
INFO: ShowRuntime Behavior ::run [ RunTime:0.000982s ]
INFO: [ view_filter ] --END-- [ RunTime:0.003665s ]
INFO: [ view_end ] --START--
INFO: ShowPageTrace Behavior ::run [ RunTime:0.000856s ]
INFO: [ view_end ] --END-- [ RunTime:0.000943s ]

[ 2014-07-26T13:51:56+08:00 ] 127.0.0.1 /ipaikt/index.php/Index/main
INFO: [ app_begin ] --START--
INFO: ReadHtmlCache Behavior ::run [ RunTime:0.000956s ]
INFO: [ app_begin ] --END-- [ RunTime:0.001077s ]
INFO: [ view_parse ] --START--
NOTIC: [8] Undefined index: user C:\WWW\ipaikt\HOME\Runtime\Cache\21bce5cfed4107e7c5ace27094659b45.php 第 47 行.
NOTIC: [8] A session had already been started - ignoring session_start() C:\WWW\ipaikt\HOME\Runtime\Cache\21bce5cfed4107e7c5ace27094659b45.php 第 50 行.
INFO: ParseTemplate Behavior ::run [ RunTime:0.028034s ]
INFO: [ view_parse ] --END-- [ RunTime:0.028253s ]
INFO: [ view_filter ] --START--
INFO: ContentReplace Behavior ::run [ RunTime:0.000921s ]
INFO: TokenBuild Behavior ::run [ RunTime:0.001065s ]
INFO: WriteHtmlCache Behavior ::run [ RunTime:0.000809s ]
INFO: ShowRuntime Behavior ::run [ RunTime:0.000788s ]
INFO: [ view_filter ] --END-- [ RunTime:0.003921s ]
INFO: [ view_end ] --START--
INFO: ShowPageTrace Behavior ::run [ RunTime:0.001207s ]
INFO: [ view_end ] --END-- [ RunTime:0.001385s ]

[ 2014-07-26T13:52:38+08:00 ] 127.0.0.1 /ipaikt/index.php/Index/main
INFO: [ app_begin ] --START--
INFO: ReadHtmlCache Behavior ::run [ RunTime:0.000762s ]
INFO: [ app_begin ] --END-- [ RunTime:0.000850s ]
INFO: [ view_parse ] --START--
NOTIC: [8] Undefined index: user C:\WWW\ipaikt\HOME\Runtime\Cache\21bce5cfed4107e7c5ace27094659b45.php 第 47 行.
NOTIC: [8] A session had already been started - ignoring session_start() C:\WWW\ipaikt\HOME\Runtime\Cache\21bce5cfed4107e7c5ace27094659b45.php 第 50 行.
INFO: ParseTemplate Behavior ::run [ RunTime:0.028938s ]
INFO: [ view_parse ] --END-- [ RunTime:0.029026s ]
INFO: [ view_filter ] --START--
INFO: ContentReplace Behavior ::run [ RunTime:0.000933s ]
INFO: TokenBuild Behavior ::run [ RunTime:0.000771s ]
INFO: WriteHtmlCache Behavior ::run [ RunTime:0.000562s ]
INFO: ShowRuntime Behavior ::run [ RunTime:0.000761s ]
INFO: [ view_filter ] --END-- [ RunTime:0.003286s ]
INFO: [ view_end ] --START--
INFO: ShowPageTrace Behavior ::run [ RunTime:0.001283s ]
INFO: [ view_end ] --END-- [ RunTime:0.001397s ]

[ 2014-07-26T13:57:23+08:00 ] 127.0.0.1 /ipaikt/index.php/Index/main
INFO: [ app_begin ] --START--
INFO: ReadHtmlCache Behavior ::run [ RunTime:0.000815s ]
INFO: [ app_begin ] --END-- [ RunTime:0.000899s ]
INFO: [ view_parse ] --START--
NOTIC: [8] Undefined index: user C:\WWW\ipaikt\HOME\Runtime\Cache\21bce5cfed4107e7c5ace27094659b45.php 第 47 行.
NOTIC: [8] A session had already been started - ignoring session_start() C:\WWW\ipaikt\HOME\Runtime\Cache\21bce5cfed4107e7c5ace27094659b45.php 第 50 行.
INFO: ParseTemplate Behavior ::run [ RunTime:0.100016s ]
INFO: [ view_parse ] --END-- [ RunTime:0.100109s ]
INFO: [ view_filter ] --START--
INFO: ContentReplace Behavior ::run [ RunTime:0.000763s ]
INFO: TokenBuild Behavior ::run [ RunTime:0.000602s ]
INFO: WriteHtmlCache Behavior ::run [ RunTime:0.000458s ]
INFO: ShowRuntime Behavior ::run [ RunTime:0.000558s ]
INFO: [ view_filter ] --END-- [ RunTime:0.002594s ]
INFO: [ view_end ] --START--
INFO: ShowPageTrace Behavior ::run [ RunTime:0.000773s ]
INFO: [ view_end ] --END-- [ RunTime:0.000851s ]

[ 2014-07-26T13:57:51+08:00 ] 127.0.0.1 /ipaikt/index.php/Index/main
INFO: [ app_begin ] --START--
INFO: ReadHtmlCache Behavior ::run [ RunTime:0.001633s ]
INFO: [ app_begin ] --END-- [ RunTime:0.001767s ]
INFO: [ view_parse ] --START--
NOTIC: [8] Undefined index: user C:\WWW\ipaikt\HOME\Runtime\Cache\21bce5cfed4107e7c5ace27094659b45.php 第 36 行.
NOTIC: [8] A session had already been started - ignoring session_start() C:\WWW\ipaikt\HOME\Runtime\Cache\21bce5cfed4107e7c5ace27094659b45.php 第 39 行.
INFO: ParseTemplate Behavior ::run [ RunTime:0.030101s ]
INFO: [ view_parse ] --END-- [ RunTime:0.030481s ]
INFO: [ view_filter ] --START--
INFO: ContentReplace Behavior ::run [ RunTime:0.000813s ]
INFO: TokenBuild Behavior ::run [ RunTime:0.000672s ]
INFO: WriteHtmlCache Behavior ::run [ RunTime:0.000872s ]
INFO: ShowRuntime Behavior ::run [ RunTime:0.001000s ]
INFO: [ view_filter ] --END-- [ RunTime:0.003843s ]
INFO: [ view_end ] --START--
INFO: ShowPageTrace Behavior ::run [ RunTime:0.001502s ]
INFO: [ view_end ] --END-- [ RunTime:0.001625s ]

[ 2014-07-26T14:06:54+08:00 ] 127.0.0.1 /ipaikt/index.php/Index/main
INFO: [ app_begin ] --START--
INFO: ReadHtmlCache Behavior ::run [ RunTime:0.000707s ]
INFO: [ app_begin ] --END-- [ RunTime:0.000787s ]
INFO: [ view_parse ] --START--
NOTIC: [8] Undefined index: user C:\WWW\ipaikt\HOME\Runtime\Cache\21bce5cfed4107e7c5ace27094659b45.php 第 35 行.
NOTIC: [8] A session had already been started - ignoring session_start() C:\WWW\ipaikt\HOME\Runtime\Cache\21bce5cfed4107e7c5ace27094659b45.php 第 38 行.
INFO: ParseTemplate Behavior ::run [ RunTime:0.462579s ]
INFO: [ view_parse ] --END-- [ RunTime:0.462662s ]
INFO: [ view_filter ] --START--
INFO: ContentReplace Behavior ::run [ RunTime:0.000787s ]
INFO: TokenBuild Behavior ::run [ RunTime:0.000659s ]
INFO: WriteHtmlCache Behavior ::run [ RunTime:0.000514s ]
INFO: ShowRuntime Behavior ::run [ RunTime:0.000750s ]
INFO: [ view_filter ] --END-- [ RunTime:0.002922s ]
INFO: [ view_end ] --START--
INFO: ShowPageTrace Behavior ::run [ RunTime:0.000795s ]
INFO: [ view_end ] --END-- [ RunTime:0.000874s ]

[ 2014-07-26T17:12:13+08:00 ] 127.0.0.1 /ipaikt/index.php/Index/main
INFO: [ app_begin ] --START--
INFO: ReadHtmlCache Behavior ::run [ RunTime:0.001120s ]
INFO: [ app_begin ] --END-- [ RunTime:0.001242s ]
INFO: [ view_parse ] --START--
NOTIC: [8] Undefined index: user C:\WWW\ipaikt\HOME\Runtime\Cache\21bce5cfed4107e7c5ace27094659b45.php 第 35 行.
NOTIC: [8] A session had already been started - ignoring session_start() C:\WWW\ipaikt\HOME\Runtime\Cache\21bce5cfed4107e7c5ace27094659b45.php 第 38 行.
INFO: ParseTemplate Behavior ::run [ RunTime:0.023670s ]
INFO: [ view_parse ] --END-- [ RunTime:0.023767s ]
INFO: [ view_filter ] --START--
INFO: ContentReplace Behavior ::run [ RunTime:0.000744s ]
INFO: TokenBuild Behavior ::run [ RunTime:0.000606s ]
INFO: WriteHtmlCache Behavior ::run [ RunTime:0.000509s ]
INFO: ShowRuntime Behavior ::run [ RunTime:0.000631s ]
INFO: [ view_filter ] --END-- [ RunTime:0.002723s ]
INFO: [ view_end ] --START--
INFO: ShowPageTrace Behavior ::run [ RunTime:0.000843s ]
INFO: [ view_end ] --END-- [ RunTime:0.000930s ]

[ 2014-07-26T17:12:20+08:00 ] 127.0.0.1 /ipaikt/index.php/Index/main
INFO: [ app_begin ] --START--
INFO: ReadHtmlCache Behavior ::run [ RunTime:0.000666s ]
INFO: [ app_begin ] --END-- [ RunTime:0.000738s ]
INFO: [ view_parse ] --START--
NOTIC: [8] Undefined index: user C:\WWW\ipaikt\HOME\Runtime\Cache\21bce5cfed4107e7c5ace27094659b45.php 第 35 行.
NOTIC: [8] A session had already been started - ignoring session_start() C:\WWW\ipaikt\HOME\Runtime\Cache\21bce5cfed4107e7c5ace27094659b45.php 第 38 行.
INFO: ParseTemplate Behavior ::run [ RunTime:0.022454s ]
INFO: [ view_parse ] --END-- [ RunTime:0.022542s ]
INFO: [ view_filter ] --START--
INFO: ContentReplace Behavior ::run [ RunTime:0.000807s ]
INFO: TokenBuild Behavior ::run [ RunTime:0.000757s ]
INFO: WriteHtmlCache Behavior ::run [ RunTime:0.000533s ]
INFO: ShowRuntime Behavior ::run [ RunTime:0.000663s ]
INFO: [ view_filter ] --END-- [ RunTime:0.002986s ]
INFO: [ view_end ] --START--
INFO: ShowPageTrace Behavior ::run [ RunTime:0.000847s ]
INFO: [ view_end ] --END-- [ RunTime:0.000926s ]

[ 2014-07-26T17:24:17+08:00 ] 127.0.0.1 /ipaikt/index.php/Index/main
INFO: [ app_begin ] --START--
INFO: ReadHtmlCache Behavior ::run [ RunTime:0.001146s ]
INFO: [ app_begin ] --END-- [ RunTime:0.001258s ]
INFO: [ view_parse ] --START--
NOTIC: [8] Undefined index: user C:\WWW\ipaikt\HOME\Runtime\Cache\21bce5cfed4107e7c5ace27094659b45.php 第 35 行.
NOTIC: [8] A session had already been started - ignoring session_start() C:\WWW\ipaikt\HOME\Runtime\Cache\21bce5cfed4107e7c5ace27094659b45.php 第 38 行.
INFO: ParseTemplate Behavior ::run [ RunTime:0.021751s ]
INFO: [ view_parse ] --END-- [ RunTime:0.021840s ]
INFO: [ view_filter ] --START--
INFO: ContentReplace Behavior ::run [ RunTime:0.000743s ]
INFO: TokenBuild Behavior ::run [ RunTime:0.000549s ]
INFO: WriteHtmlCache Behavior ::run [ RunTime:0.000437s ]
INFO: ShowRuntime Behavior ::run [ RunTime:0.000574s ]
INFO: [ view_filter ] --END-- [ RunTime:0.002514s ]
INFO: [ view_end ] --START--
INFO: ShowPageTrace Behavior ::run [ RunTime:0.000731s ]
INFO: [ view_end ] --END-- [ RunTime:0.000810s ]

[ 2014-07-26T17:24:17+08:00 ] 127.0.0.1 /ipaikt/index.php/Index/main
INFO: [ app_begin ] --START--
INFO: ReadHtmlCache Behavior ::run [ RunTime:0.000981s ]
INFO: [ app_begin ] --END-- [ RunTime:0.001083s ]
INFO: [ view_parse ] --START--
NOTIC: [8] Undefined index: user C:\WWW\ipaikt\HOME\Runtime\Cache\21bce5cfed4107e7c5ace27094659b45.php 第 35 行.
NOTIC: [8] A session had already been started - ignoring session_start() C:\WWW\ipaikt\HOME\Runtime\Cache\21bce5cfed4107e7c5ace27094659b45.php 第 38 行.
INFO: ParseTemplate Behavior ::run [ RunTime:0.021359s ]
INFO: [ view_parse ] --END-- [ RunTime:0.021432s ]
INFO: [ view_filter ] --START--
INFO: ContentReplace Behavior ::run [ RunTime:0.000712s ]
INFO: TokenBuild Behavior ::run [ RunTime:0.000592s ]
INFO: WriteHtmlCache Behavior ::run [ RunTime:0.000641s ]
INFO: ShowRuntime Behavior ::run [ RunTime:0.000645s ]
INFO: [ view_filter ] --END-- [ RunTime:0.002842s ]
INFO: [ view_end ] --START--
INFO: ShowPageTrace Behavior ::run [ RunTime:0.000883s ]
INFO: [ view_end ] --END-- [ RunTime:0.001004s ]

[ 2014-07-26T17:26:00+08:00 ] 127.0.0.1 /ipaikt/index.php/Index/main
INFO: [ app_begin ] --START--
INFO: ReadHtmlCache Behavior ::run [ RunTime:0.000960s ]
INFO: [ app_begin ] --END-- [ RunTime:0.001052s ]
INFO: [ view_parse ] --START--
NOTIC: [8] Undefined index: user C:\WWW\ipaikt\HOME\Runtime\Cache\21bce5cfed4107e7c5ace27094659b45.php 第 35 行.
NOTIC: [8] A session had already been started - ignoring session_start() C:\WWW\ipaikt\HOME\Runtime\Cache\21bce5cfed4107e7c5ace27094659b45.php 第 38 行.
INFO: ParseTemplate Behavior ::run [ RunTime:0.025154s ]
INFO: [ view_parse ] --END-- [ RunTime:0.025243s ]
INFO: [ view_filter ] --START--
INFO: ContentReplace Behavior ::run [ RunTime:0.000759s ]
INFO: TokenBuild Behavior ::run [ RunTime:0.001124s ]
INFO: WriteHtmlCache Behavior ::run [ RunTime:0.000812s ]
INFO: ShowRuntime Behavior ::run [ RunTime:0.000651s ]
INFO: [ view_filter ] --END-- [ RunTime:0.003610s ]
INFO: [ view_end ] --START--
INFO: ShowPageTrace Behavior ::run [ RunTime:0.000934s ]
INFO: [ view_end ] --END-- [ RunTime:0.001022s ]

[ 2014-07-26T17:26:22+08:00 ] 127.0.0.1 /ipaikt/index.php/Index/main
INFO: [ app_begin ] --START--
INFO: ReadHtmlCache Behavior ::run [ RunTime:0.001082s ]
INFO: [ app_begin ] --END-- [ RunTime:0.001190s ]
INFO: [ view_parse ] --START--
NOTIC: [8] Undefined index: user C:\WWW\ipaikt\HOME\Runtime\Cache\21bce5cfed4107e7c5ace27094659b45.php 第 35 行.
NOTIC: [8] A session had already been started - ignoring session_start() C:\WWW\ipaikt\HOME\Runtime\Cache\21bce5cfed4107e7c5ace27094659b45.php 第 38 行.
INFO: ParseTemplate Behavior ::run [ RunTime:0.024194s ]
INFO: [ view_parse ] --END-- [ RunTime:0.024304s ]
INFO: [ view_filter ] --START--
INFO: ContentReplace Behavior ::run [ RunTime:0.000915s ]
INFO: TokenBuild Behavior ::run [ RunTime:0.000704s ]
INFO: WriteHtmlCache Behavior ::run [ RunTime:0.000679s ]
INFO: ShowRuntime Behavior ::run [ RunTime:0.001111s ]
INFO: [ view_filter ] --END-- [ RunTime:0.003701s ]
INFO: [ view_end ] --START--
INFO: ShowPageTrace Behavior ::run [ RunTime:0.000810s ]
INFO: [ view_end ] --END-- [ RunTime:0.000898s ]

[ 2014-07-26T18:27:47+08:00 ] 127.0.0.1 /ipaikt/index.php/Index/main
INFO: [ app_begin ] --START--
INFO: ReadHtmlCache Behavior ::run [ RunTime:0.000688s ]
INFO: [ app_begin ] --END-- [ RunTime:0.000766s ]
INFO: [ view_parse ] --START--
NOTIC: [8] Undefined index: user C:\WWW\ipaikt\HOME\Runtime\Cache\21bce5cfed4107e7c5ace27094659b45.php 第 35 行.
NOTIC: [8] A session had already been started - ignoring session_start() C:\WWW\ipaikt\HOME\Runtime\Cache\21bce5cfed4107e7c5ace27094659b45.php 第 38 行.
INFO: ParseTemplate Behavior ::run [ RunTime:0.156281s ]
INFO: [ view_parse ] --END-- [ RunTime:0.156363s ]
INFO: [ view_filter ] --START--
INFO: ContentReplace Behavior ::run [ RunTime:0.000768s ]
INFO: TokenBuild Behavior ::run [ RunTime:0.000547s ]
INFO: WriteHtmlCache Behavior ::run [ RunTime:0.000437s ]
INFO: ShowRuntime Behavior ::run [ RunTime:0.000607s ]
INFO: [ view_filter ] --END-- [ RunTime:0.002573s ]
INFO: [ view_end ] --START--
INFO: ShowPageTrace Behavior ::run [ RunTime:0.000771s ]
INFO: [ view_end ] --END-- [ RunTime:0.000878s ]

[ 2014-07-26T18:30:31+08:00 ] 127.0.0.1 /ipaikt/index.php/Index/main
INFO: [ app_begin ] --START--
INFO: ReadHtmlCache Behavior ::run [ RunTime:0.000727s ]
INFO: [ app_begin ] --END-- [ RunTime:0.000812s ]
INFO: [ view_parse ] --START--
NOTIC: [8] Undefined index: user C:\WWW\ipaikt\HOME\Runtime\Cache\21bce5cfed4107e7c5ace27094659b45.php 第 35 行.
NOTIC: [8] A session had already been started - ignoring session_start() C:\WWW\ipaikt\HOME\Runtime\Cache\21bce5cfed4107e7c5ace27094659b45.php 第 38 行.
INFO: ParseTemplate Behavior ::run [ RunTime:0.021779s ]
INFO: [ view_parse ] --END-- [ RunTime:0.021856s ]
INFO: [ view_filter ] --START--
INFO: ContentReplace Behavior ::run [ RunTime:0.000791s ]
INFO: TokenBuild Behavior ::run [ RunTime:0.000703s ]
INFO: WriteHtmlCache Behavior ::run [ RunTime:0.000441s ]
INFO: ShowRuntime Behavior ::run [ RunTime:0.000615s ]
INFO: [ view_filter ] --END-- [ RunTime:0.002781s ]
INFO: [ view_end ] --START--
INFO: ShowPageTrace Behavior ::run [ RunTime:0.000773s ]
INFO: [ view_end ] --END-- [ RunTime:0.000864s ]

