[ 2014-07-29T16:55:28+08:00 ] 127.0.0.1 /index.php/Login/user_register
INFO: [ app_begin ] --START--
INFO: ReadHtmlCache Behavior ::run [ RunTime:0.001439s ]
INFO: [ app_begin ] --END-- [ RunTime:0.001595s ]
INFO: [ view_parse ] --START--
INFO: ParseTemplate Behavior ::run [ RunTime:0.020888s ]
INFO: [ view_parse ] --END-- [ RunTime:0.021029s ]
INFO: [ view_filter ] --START--
INFO: ContentReplace Behavior ::run [ RunTime:0.000990s ]
INFO: TokenBuild Behavior ::run [ RunTime:0.000847s ]
INFO: WriteHtmlCache Behavior ::run [ RunTime:0.001194s ]
INFO: ShowRuntime Behavior ::run [ RunTime:0.001007s ]
INFO: [ view_filter ] --END-- [ RunTime:0.004317s ]
INFO: [ view_end ] --START--
INFO: ShowPageTrace Behavior ::run [ RunTime:0.001248s ]
INFO: [ view_end ] --END-- [ RunTime:0.001335s ]

[ 2014-07-29T16:55:28+08:00 ] 127.0.0.1 /index.php/Index/main
INFO: [ app_begin ] --START--
INFO: ReadHtmlCache Behavior ::run [ RunTime:0.000872s ]
INFO: [ app_begin ] --END-- [ RunTime:0.000966s ]
INFO: [ view_parse ] --START--
NOTIC: [8] Undefined index: uid C:\WWW\HOME\Runtime\Cache\21bce5cfed4107e7c5ace27094659b45.php 第 36 行.
NOTIC: [8] A session had already been started - ignoring session_start() C:\WWW\HOME\Runtime\Cache\21bce5cfed4107e7c5ace27094659b45.php 第 39 行.
INFO: ParseTemplate Behavior ::run [ RunTime:0.031271s ]
INFO: [ view_parse ] --END-- [ RunTime:0.031402s ]
INFO: [ view_filter ] --START--
INFO: ContentReplace Behavior ::run [ RunTime:0.001290s ]
INFO: TokenBuild Behavior ::run [ RunTime:0.000882s ]
INFO: WriteHtmlCache Behavior ::run [ RunTime:0.000980s ]
INFO: ShowRuntime Behavior ::run [ RunTime:0.001147s ]
INFO: [ view_filter ] --END-- [ RunTime:0.004619s ]
INFO: [ view_end ] --START--
INFO: ShowPageTrace Behavior ::run [ RunTime:0.001231s ]
INFO: [ view_end ] --END-- [ RunTime:0.001352s ]

[ 2014-07-29T16:55:58+08:00 ] 127.0.0.1 /index.php/Index/main
INFO: [ app_begin ] --START--
INFO: ReadHtmlCache Behavior ::run [ RunTime:0.000839s ]
INFO: [ app_begin ] --END-- [ RunTime:0.000944s ]
INFO: [ view_parse ] --START--
NOTIC: [8] Undefined index: uid C:\WWW\HOME\Runtime\Cache\21bce5cfed4107e7c5ace27094659b45.php 第 36 行.
NOTIC: [8] A session had already been started - ignoring session_start() C:\WWW\HOME\Runtime\Cache\21bce5cfed4107e7c5ace27094659b45.php 第 39 行.
INFO: ParseTemplate Behavior ::run [ RunTime:0.039305s ]
INFO: [ view_parse ] --END-- [ RunTime:0.039389s ]
INFO: [ view_filter ] --START--
INFO: ContentReplace Behavior ::run [ RunTime:0.001017s ]
INFO: TokenBuild Behavior ::run [ RunTime:0.001139s ]
INFO: WriteHtmlCache Behavior ::run [ RunTime:0.000957s ]
INFO: ShowRuntime Behavior ::run [ RunTime:0.001318s ]
INFO: [ view_filter ] --END-- [ RunTime:0.004740s ]
INFO: [ view_end ] --START--
INFO: ShowPageTrace Behavior ::run [ RunTime:0.001088s ]
INFO: [ view_end ] --END-- [ RunTime:0.001225s ]

[ 2014-07-29T16:55:58+08:00 ] 127.0.0.1 /index.php/Login/user_register
INFO: [ app_begin ] --START--
INFO: ReadHtmlCache Behavior ::run [ RunTime:0.000916s ]
INFO: [ app_begin ] --END-- [ RunTime:0.001016s ]
INFO: [ view_parse ] --START--
INFO: ParseTemplate Behavior ::run [ RunTime:0.010120s ]
INFO: [ view_parse ] --END-- [ RunTime:0.010239s ]
INFO: [ view_filter ] --START--
INFO: ContentReplace Behavior ::run [ RunTime:0.000794s ]
INFO: TokenBuild Behavior ::run [ RunTime:0.000787s ]
INFO: WriteHtmlCache Behavior ::run [ RunTime:0.000880s ]
INFO: ShowRuntime Behavior ::run [ RunTime:0.001029s ]
INFO: [ view_filter ] --END-- [ RunTime:0.003745s ]
INFO: [ view_end ] --START--
INFO: ShowPageTrace Behavior ::run [ RunTime:0.001009s ]
INFO: [ view_end ] --END-- [ RunTime:0.001089s ]

[ 2014-07-29T16:56:57+08:00 ] 127.0.0.1 /index.php?s=/Index/main
INFO: [ app_begin ] --START--
INFO: ReadHtmlCache Behavior ::run [ RunTime:0.001285s ]
INFO: [ app_begin ] --END-- [ RunTime:0.001676s ]
INFO: [ view_parse ] --START--
NOTIC: [8] Undefined index: uid C:\WWW\HOME\Runtime\Cache\21bce5cfed4107e7c5ace27094659b45.php 第 36 行.
NOTIC: [8] A session had already been started - ignoring session_start() C:\WWW\HOME\Runtime\Cache\21bce5cfed4107e7c5ace27094659b45.php 第 39 行.
INFO: ParseTemplate Behavior ::run [ RunTime:0.029119s ]
INFO: [ view_parse ] --END-- [ RunTime:0.029244s ]
INFO: [ view_filter ] --START--
INFO: ContentReplace Behavior ::run [ RunTime:0.001904s ]
INFO: TokenBuild Behavior ::run [ RunTime:0.001402s ]
INFO: WriteHtmlCache Behavior ::run [ RunTime:0.000845s ]
INFO: ShowRuntime Behavior ::run [ RunTime:0.000931s ]
INFO: [ view_filter ] --END-- [ RunTime:0.005417s ]
INFO: [ view_end ] --START--
INFO: ShowPageTrace Behavior ::run [ RunTime:0.001128s ]
INFO: [ view_end ] --END-- [ RunTime:0.001223s ]

[ 2014-07-29T16:56:57+08:00 ] 127.0.0.1 /index.php?s=/Login/user_register
INFO: [ app_begin ] --START--
INFO: ReadHtmlCache Behavior ::run [ RunTime:0.001011s ]
INFO: [ app_begin ] --END-- [ RunTime:0.001134s ]
INFO: [ view_parse ] --START--
INFO: ParseTemplate Behavior ::run [ RunTime:0.019761s ]
INFO: [ view_parse ] --END-- [ RunTime:0.019891s ]
INFO: [ view_filter ] --START--
INFO: ContentReplace Behavior ::run [ RunTime:0.000756s ]
INFO: TokenBuild Behavior ::run [ RunTime:0.000836s ]
INFO: WriteHtmlCache Behavior ::run [ RunTime:0.001045s ]
INFO: ShowRuntime Behavior ::run [ RunTime:0.000980s ]
INFO: [ view_filter ] --END-- [ RunTime:0.003871s ]
INFO: [ view_end ] --START--
INFO: ShowPageTrace Behavior ::run [ RunTime:0.001235s ]
INFO: [ view_end ] --END-- [ RunTime:0.001318s ]

[ 2014-07-29T16:57:33+08:00 ] 127.0.0.1 /index.php/Index/main
INFO: [ app_begin ] --START--
INFO: ReadHtmlCache Behavior ::run [ RunTime:0.000963s ]
INFO: [ app_begin ] --END-- [ RunTime:0.001087s ]
INFO: [ view_parse ] --START--
NOTIC: [8] Undefined index: uid C:\WWW\HOME\Runtime\Cache\21bce5cfed4107e7c5ace27094659b45.php 第 36 行.
NOTIC: [8] A session had already been started - ignoring session_start() C:\WWW\HOME\Runtime\Cache\21bce5cfed4107e7c5ace27094659b45.php 第 39 行.
INFO: ParseTemplate Behavior ::run [ RunTime:0.038831s ]
INFO: [ view_parse ] --END-- [ RunTime:0.038944s ]
INFO: [ view_filter ] --START--
INFO: ContentReplace Behavior ::run [ RunTime:0.001103s ]
INFO: TokenBuild Behavior ::run [ RunTime:0.000895s ]
INFO: WriteHtmlCache Behavior ::run [ RunTime:0.000733s ]
INFO: ShowRuntime Behavior ::run [ RunTime:0.000938s ]
INFO: [ view_filter ] --END-- [ RunTime:0.003962s ]
INFO: [ view_end ] --START--
INFO: ShowPageTrace Behavior ::run [ RunTime:0.001162s ]
INFO: [ view_end ] --END-- [ RunTime:0.001271s ]

[ 2014-07-29T16:57:33+08:00 ] 127.0.0.1 /index.php/Login/user_register
INFO: [ app_begin ] --START--
INFO: ReadHtmlCache Behavior ::run [ RunTime:0.000879s ]
INFO: [ app_begin ] --END-- [ RunTime:0.000990s ]
INFO: [ view_parse ] --START--
INFO: ParseTemplate Behavior ::run [ RunTime:0.016752s ]
INFO: [ view_parse ] --END-- [ RunTime:0.016927s ]
INFO: [ view_filter ] --START--
INFO: ContentReplace Behavior ::run [ RunTime:0.000857s ]
INFO: TokenBuild Behavior ::run [ RunTime:0.000945s ]
INFO: WriteHtmlCache Behavior ::run [ RunTime:0.000703s ]
INFO: ShowRuntime Behavior ::run [ RunTime:0.000851s ]
INFO: [ view_filter ] --END-- [ RunTime:0.003713s ]
INFO: [ view_end ] --START--
INFO: ShowPageTrace Behavior ::run [ RunTime:0.000975s ]
INFO: [ view_end ] --END-- [ RunTime:0.001049s ]

[ 2014-07-29T16:58:29+08:00 ] 127.0.0.1 /index.php/Index/main
INFO: [ app_begin ] --START--
INFO: ReadHtmlCache Behavior ::run [ RunTime:0.000837s ]
INFO: [ app_begin ] --END-- [ RunTime:0.000923s ]
INFO: [ view_parse ] --START--
NOTIC: [8] Undefined index: uid C:\WWW\HOME\Runtime\Cache\21bce5cfed4107e7c5ace27094659b45.php 第 36 行.
NOTIC: [8] A session had already been started - ignoring session_start() C:\WWW\HOME\Runtime\Cache\21bce5cfed4107e7c5ace27094659b45.php 第 39 行.
INFO: ParseTemplate Behavior ::run [ RunTime:0.033928s ]
INFO: [ view_parse ] --END-- [ RunTime:0.034037s ]
INFO: [ view_filter ] --START--
INFO: ContentReplace Behavior ::run [ RunTime:0.001738s ]
INFO: TokenBuild Behavior ::run [ RunTime:0.001462s ]
INFO: WriteHtmlCache Behavior ::run [ RunTime:0.001212s ]
INFO: ShowRuntime Behavior ::run [ RunTime:0.001914s ]
INFO: [ view_filter ] --END-- [ RunTime:0.006636s ]
INFO: [ view_end ] --START--
INFO: ShowPageTrace Behavior ::run [ RunTime:0.001630s ]
INFO: [ view_end ] --END-- [ RunTime:0.002044s ]

[ 2014-07-29T16:58:29+08:00 ] 127.0.0.1 /index.php/Login/user_register
INFO: [ app_begin ] --START--
INFO: ReadHtmlCache Behavior ::run [ RunTime:0.001135s ]
INFO: [ app_begin ] --END-- [ RunTime:0.001232s ]
INFO: [ view_parse ] --START--
INFO: ParseTemplate Behavior ::run [ RunTime:0.024682s ]
INFO: [ view_parse ] --END-- [ RunTime:0.024799s ]
INFO: [ view_filter ] --START--
INFO: ContentReplace Behavior ::run [ RunTime:0.000752s ]
INFO: TokenBuild Behavior ::run [ RunTime:0.000738s ]
INFO: WriteHtmlCache Behavior ::run [ RunTime:0.001072s ]
INFO: ShowRuntime Behavior ::run [ RunTime:0.001174s ]
INFO: [ view_filter ] --END-- [ RunTime:0.004034s ]
INFO: [ view_end ] --START--
INFO: ShowPageTrace Behavior ::run [ RunTime:0.002568s ]
INFO: [ view_end ] --END-- [ RunTime:0.002947s ]

[ 2014-07-29T16:58:29+08:00 ] 127.0.0.1 /index.php/Login/user_register
INFO: [ app_begin ] --START--
INFO: ReadHtmlCache Behavior ::run [ RunTime:0.000838s ]
INFO: [ app_begin ] --END-- [ RunTime:0.000934s ]
INFO: [ view_parse ] --START--
INFO: ParseTemplate Behavior ::run [ RunTime:0.010757s ]
INFO: [ view_parse ] --END-- [ RunTime:0.010895s ]
INFO: [ view_filter ] --START--
INFO: ContentReplace Behavior ::run [ RunTime:0.000833s ]
INFO: TokenBuild Behavior ::run [ RunTime:0.000914s ]
INFO: WriteHtmlCache Behavior ::run [ RunTime:0.000853s ]
INFO: ShowRuntime Behavior ::run [ RunTime:0.000770s ]
INFO: [ view_filter ] --END-- [ RunTime:0.003618s ]
INFO: [ view_end ] --START--
INFO: ShowPageTrace Behavior ::run [ RunTime:0.000935s ]
INFO: [ view_end ] --END-- [ RunTime:0.001014s ]

[ 2014-07-29T16:58:29+08:00 ] 127.0.0.1 /index.php/Index/main
INFO: [ app_begin ] --START--
INFO: ReadHtmlCache Behavior ::run [ RunTime:0.000881s ]
INFO: [ app_begin ] --END-- [ RunTime:0.000985s ]
INFO: [ view_parse ] --START--
NOTIC: [8] Undefined index: uid C:\WWW\HOME\Runtime\Cache\21bce5cfed4107e7c5ace27094659b45.php 第 36 行.
NOTIC: [8] A session had already been started - ignoring session_start() C:\WWW\HOME\Runtime\Cache\21bce5cfed4107e7c5ace27094659b45.php 第 39 行.
INFO: ParseTemplate Behavior ::run [ RunTime:0.028920s ]
INFO: [ view_parse ] --END-- [ RunTime:0.029063s ]
INFO: [ view_filter ] --START--
INFO: ContentReplace Behavior ::run [ RunTime:0.000930s ]
INFO: TokenBuild Behavior ::run [ RunTime:0.000841s ]
INFO: WriteHtmlCache Behavior ::run [ RunTime:0.000622s ]
INFO: ShowRuntime Behavior ::run [ RunTime:0.000755s ]
INFO: [ view_filter ] --END-- [ RunTime:0.003404s ]
INFO: [ view_end ] --START--
INFO: ShowPageTrace Behavior ::run [ RunTime:0.001021s ]
INFO: [ view_end ] --END-- [ RunTime:0.001113s ]

[ 2014-07-29T18:08:34+08:00 ] 127.0.0.1 /index.php/Index/main
INFO: [ app_begin ] --START--
INFO: ReadHtmlCache Behavior ::run [ RunTime:0.000802s ]
INFO: [ app_begin ] --END-- [ RunTime:0.000897s ]
INFO: [ view_parse ] --START--
NOTIC: [8] Undefined index: uid C:\WWW\HOME\Runtime\Cache\21bce5cfed4107e7c5ace27094659b45.php 第 36 行.
NOTIC: [8] A session had already been started - ignoring session_start() C:\WWW\HOME\Runtime\Cache\21bce5cfed4107e7c5ace27094659b45.php 第 39 行.
INFO: ParseTemplate Behavior ::run [ RunTime:0.034971s ]
INFO: [ view_parse ] --END-- [ RunTime:0.035075s ]
INFO: [ view_filter ] --START--
INFO: ContentReplace Behavior ::run [ RunTime:0.001693s ]
INFO: TokenBuild Behavior ::run [ RunTime:0.001236s ]
INFO: WriteHtmlCache Behavior ::run [ RunTime:0.002677s ]
INFO: ShowRuntime Behavior ::run [ RunTime:0.000778s ]
INFO: [ view_filter ] --END-- [ RunTime:0.006807s ]
INFO: [ view_end ] --START--
INFO: ShowPageTrace Behavior ::run [ RunTime:0.001026s ]
INFO: [ view_end ] --END-- [ RunTime:0.001116s ]

[ 2014-07-29T18:08:34+08:00 ] 127.0.0.1 /index.php/Login/user_register
INFO: [ app_begin ] --START--
INFO: ReadHtmlCache Behavior ::run [ RunTime:0.001192s ]
INFO: [ app_begin ] --END-- [ RunTime:0.001297s ]
INFO: [ view_parse ] --START--
INFO: ParseTemplate Behavior ::run [ RunTime:0.010876s ]
INFO: [ view_parse ] --END-- [ RunTime:0.010995s ]
INFO: [ view_filter ] --START--
INFO: ContentReplace Behavior ::run [ RunTime:0.000895s ]
INFO: TokenBuild Behavior ::run [ RunTime:0.001042s ]
INFO: WriteHtmlCache Behavior ::run [ RunTime:0.000941s ]
INFO: ShowRuntime Behavior ::run [ RunTime:0.001385s ]
INFO: [ view_filter ] --END-- [ RunTime:0.004635s ]
INFO: [ view_end ] --START--
INFO: ShowPageTrace Behavior ::run [ RunTime:0.001877s ]
INFO: [ view_end ] --END-- [ RunTime:0.001997s ]

[ 2014-07-29T18:08:36+08:00 ] 127.0.0.1 /index.php/Login/user_register
INFO: [ app_begin ] --START--
INFO: ReadHtmlCache Behavior ::run [ RunTime:0.000923s ]
INFO: [ app_begin ] --END-- [ RunTime:0.001030s ]
INFO: [ view_parse ] --START--
INFO: ParseTemplate Behavior ::run [ RunTime:0.010224s ]
INFO: [ view_parse ] --END-- [ RunTime:0.010352s ]
INFO: [ view_filter ] --START--
INFO: ContentReplace Behavior ::run [ RunTime:0.000768s ]
INFO: TokenBuild Behavior ::run [ RunTime:0.001287s ]
INFO: WriteHtmlCache Behavior ::run [ RunTime:0.000685s ]
INFO: ShowRuntime Behavior ::run [ RunTime:0.001115s ]
INFO: [ view_filter ] --END-- [ RunTime:0.004295s ]
INFO: [ view_end ] --START--
INFO: ShowPageTrace Behavior ::run [ RunTime:0.001080s ]
INFO: [ view_end ] --END-- [ RunTime:0.001198s ]

[ 2014-07-29T18:08:36+08:00 ] 127.0.0.1 /index.php/Index/main
INFO: [ app_begin ] --START--
INFO: ReadHtmlCache Behavior ::run [ RunTime:0.000800s ]
INFO: [ app_begin ] --END-- [ RunTime:0.000890s ]
INFO: [ view_parse ] --START--
NOTIC: [8] Undefined index: uid C:\WWW\HOME\Runtime\Cache\21bce5cfed4107e7c5ace27094659b45.php 第 36 行.
NOTIC: [8] A session had already been started - ignoring session_start() C:\WWW\HOME\Runtime\Cache\21bce5cfed4107e7c5ace27094659b45.php 第 39 行.
INFO: ParseTemplate Behavior ::run [ RunTime:0.028712s ]
INFO: [ view_parse ] --END-- [ RunTime:0.028800s ]
INFO: [ view_filter ] --START--
INFO: ContentReplace Behavior ::run [ RunTime:0.001187s ]
INFO: TokenBuild Behavior ::run [ RunTime:0.000801s ]
INFO: WriteHtmlCache Behavior ::run [ RunTime:0.000691s ]
INFO: ShowRuntime Behavior ::run [ RunTime:0.000898s ]
INFO: [ view_filter ] --END-- [ RunTime:0.003836s ]
INFO: [ view_end ] --START--
INFO: ShowPageTrace Behavior ::run [ RunTime:0.001091s ]
INFO: [ view_end ] --END-- [ RunTime:0.001196s ]

[ 2014-07-29T18:09:48+08:00 ] 127.0.0.1 /index.php/Index/main
INFO: [ app_begin ] --START--
INFO: ReadHtmlCache Behavior ::run [ RunTime:0.000996s ]
INFO: [ app_begin ] --END-- [ RunTime:0.001108s ]
INFO: [ view_parse ] --START--
NOTIC: [8] Undefined index: uid C:\WWW\HOME\Runtime\Cache\21bce5cfed4107e7c5ace27094659b45.php 第 36 行.
NOTIC: [8] A session had already been started - ignoring session_start() C:\WWW\HOME\Runtime\Cache\21bce5cfed4107e7c5ace27094659b45.php 第 39 行.
INFO: ParseTemplate Behavior ::run [ RunTime:0.026055s ]
INFO: [ view_parse ] --END-- [ RunTime:0.026141s ]
INFO: [ view_filter ] --START--
INFO: ContentReplace Behavior ::run [ RunTime:0.001073s ]
INFO: TokenBuild Behavior ::run [ RunTime:0.000809s ]
INFO: WriteHtmlCache Behavior ::run [ RunTime:0.000635s ]
INFO: ShowRuntime Behavior ::run [ RunTime:0.000797s ]
INFO: [ view_filter ] --END-- [ RunTime:0.003567s ]
INFO: [ view_end ] --START--
INFO: ShowPageTrace Behavior ::run [ RunTime:0.001030s ]
INFO: [ view_end ] --END-- [ RunTime:0.001116s ]

[ 2014-07-29T18:09:48+08:00 ] 127.0.0.1 /index.php/Login/user_register
INFO: [ app_begin ] --START--
INFO: ReadHtmlCache Behavior ::run [ RunTime:0.001051s ]
INFO: [ app_begin ] --END-- [ RunTime:0.001190s ]
INFO: [ view_parse ] --START--
INFO: ParseTemplate Behavior ::run [ RunTime:0.014381s ]
INFO: [ view_parse ] --END-- [ RunTime:0.014498s ]
INFO: [ view_filter ] --START--
INFO: ContentReplace Behavior ::run [ RunTime:0.000834s ]
INFO: TokenBuild Behavior ::run [ RunTime:0.000864s ]
INFO: WriteHtmlCache Behavior ::run [ RunTime:0.001188s ]
INFO: ShowRuntime Behavior ::run [ RunTime:0.002755s ]
INFO: [ view_filter ] --END-- [ RunTime:0.005907s ]
INFO: [ view_end ] --START--
INFO: ShowPageTrace Behavior ::run [ RunTime:0.001613s ]
INFO: [ view_end ] --END-- [ RunTime:0.001895s ]

[ 2014-07-29T18:17:25+08:00 ] 127.0.0.1 /index.php/Index/main
INFO: [ app_begin ] --START--
INFO: ReadHtmlCache Behavior ::run [ RunTime:0.000796s ]
INFO: [ app_begin ] --END-- [ RunTime:0.000879s ]
INFO: [ view_parse ] --START--
NOTIC: [8] Undefined index: uid C:\WWW\HOME\Runtime\Cache\21bce5cfed4107e7c5ace27094659b45.php 第 36 行.
NOTIC: [8] A session had already been started - ignoring session_start() C:\WWW\HOME\Runtime\Cache\21bce5cfed4107e7c5ace27094659b45.php 第 39 行.
INFO: ParseTemplate Behavior ::run [ RunTime:0.059337s ]
INFO: [ view_parse ] --END-- [ RunTime:0.059417s ]
INFO: [ view_filter ] --START--
INFO: ContentReplace Behavior ::run [ RunTime:0.000999s ]
INFO: TokenBuild Behavior ::run [ RunTime:0.000800s ]
INFO: WriteHtmlCache Behavior ::run [ RunTime:0.000611s ]
INFO: ShowRuntime Behavior ::run [ RunTime:0.000807s ]
INFO: [ view_filter ] --END-- [ RunTime:0.003439s ]
INFO: [ view_end ] --START--
INFO: ShowPageTrace Behavior ::run [ RunTime:0.001005s ]
INFO: [ view_end ] --END-- [ RunTime:0.001093s ]

[ 2014-07-29T18:17:26+08:00 ] 127.0.0.1 /index.php/Login/user_register
INFO: [ app_begin ] --START--
INFO: ReadHtmlCache Behavior ::run [ RunTime:0.001004s ]
INFO: [ app_begin ] --END-- [ RunTime:0.001128s ]
INFO: [ view_parse ] --START--
INFO: ParseTemplate Behavior ::run [ RunTime:0.010138s ]
INFO: [ view_parse ] --END-- [ RunTime:0.010259s ]
INFO: [ view_filter ] --START--
INFO: ContentReplace Behavior ::run [ RunTime:0.000954s ]
INFO: TokenBuild Behavior ::run [ RunTime:0.002086s ]
INFO: WriteHtmlCache Behavior ::run [ RunTime:0.001440s ]
INFO: ShowRuntime Behavior ::run [ RunTime:0.000868s ]
INFO: [ view_filter ] --END-- [ RunTime:0.005631s ]
INFO: [ view_end ] --START--
INFO: ShowPageTrace Behavior ::run [ RunTime:0.000971s ]
INFO: [ view_end ] --END-- [ RunTime:0.001049s ]

[ 2014-07-29T18:19:06+08:00 ] 127.0.0.1 /index.php/Index/main
INFO: [ app_begin ] --START--
INFO: ReadHtmlCache Behavior ::run [ RunTime:0.001169s ]
INFO: [ app_begin ] --END-- [ RunTime:0.001312s ]
INFO: [ view_parse ] --START--
NOTIC: [8] Undefined index: uid C:\WWW\HOME\Runtime\Cache\21bce5cfed4107e7c5ace27094659b45.php 第 36 行.
NOTIC: [8] A session had already been started - ignoring session_start() C:\WWW\HOME\Runtime\Cache\21bce5cfed4107e7c5ace27094659b45.php 第 39 行.
INFO: ParseTemplate Behavior ::run [ RunTime:0.030063s ]
INFO: [ view_parse ] --END-- [ RunTime:0.030152s ]
INFO: [ view_filter ] --START--
INFO: ContentReplace Behavior ::run [ RunTime:0.001041s ]
INFO: TokenBuild Behavior ::run [ RunTime:0.001050s ]
INFO: WriteHtmlCache Behavior ::run [ RunTime:0.000741s ]
INFO: ShowRuntime Behavior ::run [ RunTime:0.000864s ]
INFO: [ view_filter ] --END-- [ RunTime:0.003957s ]
INFO: [ view_end ] --START--
INFO: ShowPageTrace Behavior ::run [ RunTime:0.001050s ]
INFO: [ view_end ] --END-- [ RunTime:0.001176s ]

[ 2014-07-29T18:19:06+08:00 ] 127.0.0.1 /index.php/Login/user_register
INFO: [ app_begin ] --START--
INFO: ReadHtmlCache Behavior ::run [ RunTime:0.001839s ]
INFO: [ app_begin ] --END-- [ RunTime:0.001952s ]
INFO: [ view_parse ] --START--
INFO: ParseTemplate Behavior ::run [ RunTime:0.011080s ]
INFO: [ view_parse ] --END-- [ RunTime:0.011206s ]
INFO: [ view_filter ] --START--
INFO: ContentReplace Behavior ::run [ RunTime:0.001004s ]
INFO: TokenBuild Behavior ::run [ RunTime:0.000961s ]
INFO: WriteHtmlCache Behavior ::run [ RunTime:0.000725s ]
INFO: ShowRuntime Behavior ::run [ RunTime:0.000862s ]
INFO: [ view_filter ] --END-- [ RunTime:0.003936s ]
INFO: [ view_end ] --START--
INFO: ShowPageTrace Behavior ::run [ RunTime:0.000940s ]
INFO: [ view_end ] --END-- [ RunTime:0.001015s ]

[ 2014-07-29T18:21:40+08:00 ] 127.0.0.1 /index.php/Index/main
INFO: [ app_begin ] --START--
INFO: ReadHtmlCache Behavior ::run [ RunTime:0.000813s ]
INFO: [ app_begin ] --END-- [ RunTime:0.000899s ]
INFO: [ view_parse ] --START--
NOTIC: [8] Undefined index: uid C:\WWW\HOME\Runtime\Cache\21bce5cfed4107e7c5ace27094659b45.php 第 36 行.
NOTIC: [8] A session had already been started - ignoring session_start() C:\WWW\HOME\Runtime\Cache\21bce5cfed4107e7c5ace27094659b45.php 第 39 行.
INFO: ParseTemplate Behavior ::run [ RunTime:0.084368s ]
INFO: [ view_parse ] --END-- [ RunTime:0.084461s ]
INFO: [ view_filter ] --START--
INFO: ContentReplace Behavior ::run [ RunTime:0.001789s ]
INFO: TokenBuild Behavior ::run [ RunTime:0.000883s ]
INFO: WriteHtmlCache Behavior ::run [ RunTime:0.012319s ]
INFO: ShowRuntime Behavior ::run [ RunTime:0.001666s ]
INFO: [ view_filter ] --END-- [ RunTime:0.017048s ]
INFO: [ view_end ] --START--
INFO: ShowPageTrace Behavior ::run [ RunTime:0.001743s ]
INFO: [ view_end ] --END-- [ RunTime:0.001879s ]

[ 2014-07-29T18:21:40+08:00 ] 127.0.0.1 /index.php/Login/user_register
INFO: [ app_begin ] --START--
INFO: ReadHtmlCache Behavior ::run [ RunTime:0.000916s ]
INFO: [ app_begin ] --END-- [ RunTime:0.001010s ]
INFO: [ view_parse ] --START--
INFO: ParseTemplate Behavior ::run [ RunTime:0.013723s ]
INFO: [ view_parse ] --END-- [ RunTime:0.013830s ]
INFO: [ view_filter ] --START--
INFO: ContentReplace Behavior ::run [ RunTime:0.000752s ]
INFO: TokenBuild Behavior ::run [ RunTime:0.000711s ]
INFO: WriteHtmlCache Behavior ::run [ RunTime:0.000843s ]
INFO: ShowRuntime Behavior ::run [ RunTime:0.001368s ]
INFO: [ view_filter ] --END-- [ RunTime:0.003931s ]
INFO: [ view_end ] --START--
INFO: ShowPageTrace Behavior ::run [ RunTime:0.001286s ]
INFO: [ view_end ] --END-- [ RunTime:0.001605s ]

[ 2014-07-29T18:26:35+08:00 ] 127.0.0.1 /index.php/Index/main
INFO: [ app_begin ] --START--
INFO: ReadHtmlCache Behavior ::run [ RunTime:0.000862s ]
INFO: [ app_begin ] --END-- [ RunTime:0.000968s ]
INFO: [ view_parse ] --START--
NOTIC: [8] Undefined index: uid C:\WWW\HOME\Runtime\Cache\21bce5cfed4107e7c5ace27094659b45.php 第 36 行.
NOTIC: [8] A session had already been started - ignoring session_start() C:\WWW\HOME\Runtime\Cache\21bce5cfed4107e7c5ace27094659b45.php 第 39 行.
INFO: ParseTemplate Behavior ::run [ RunTime:0.028290s ]
INFO: [ view_parse ] --END-- [ RunTime:0.028503s ]
INFO: [ view_filter ] --START--
INFO: ContentReplace Behavior ::run [ RunTime:0.001018s ]
INFO: TokenBuild Behavior ::run [ RunTime:0.000887s ]
INFO: WriteHtmlCache Behavior ::run [ RunTime:0.000758s ]
INFO: ShowRuntime Behavior ::run [ RunTime:0.000883s ]
INFO: [ view_filter ] --END-- [ RunTime:0.003782s ]
INFO: [ view_end ] --START--
INFO: ShowPageTrace Behavior ::run [ RunTime:0.001287s ]
INFO: [ view_end ] --END-- [ RunTime:0.001391s ]

[ 2014-07-29T18:26:35+08:00 ] 127.0.0.1 /index.php/Login/user_register
INFO: [ app_begin ] --START--
INFO: ReadHtmlCache Behavior ::run [ RunTime:0.000789s ]
INFO: [ app_begin ] --END-- [ RunTime:0.000912s ]
INFO: [ view_parse ] --START--
INFO: ParseTemplate Behavior ::run [ RunTime:0.011537s ]
INFO: [ view_parse ] --END-- [ RunTime:0.011666s ]
INFO: [ view_filter ] --START--
INFO: ContentReplace Behavior ::run [ RunTime:0.000991s ]
INFO: TokenBuild Behavior ::run [ RunTime:0.000788s ]
INFO: WriteHtmlCache Behavior ::run [ RunTime:0.000710s ]
INFO: ShowRuntime Behavior ::run [ RunTime:0.000851s ]
INFO: [ view_filter ] --END-- [ RunTime:0.003575s ]
INFO: [ view_end ] --START--
INFO: ShowPageTrace Behavior ::run [ RunTime:0.001366s ]
INFO: [ view_end ] --END-- [ RunTime:0.001465s ]

[ 2014-07-29T18:27:22+08:00 ] 127.0.0.1 /index.php/Index/main
INFO: [ app_begin ] --START--
INFO: ReadHtmlCache Behavior ::run [ RunTime:0.000845s ]
INFO: [ app_begin ] --END-- [ RunTime:0.000946s ]
INFO: [ view_parse ] --START--
NOTIC: [8] Undefined index: uid C:\WWW\HOME\Runtime\Cache\21bce5cfed4107e7c5ace27094659b45.php 第 36 行.
NOTIC: [8] A session had already been started - ignoring session_start() C:\WWW\HOME\Runtime\Cache\21bce5cfed4107e7c5ace27094659b45.php 第 39 行.
INFO: ParseTemplate Behavior ::run [ RunTime:0.043879s ]
INFO: [ view_parse ] --END-- [ RunTime:0.043965s ]
INFO: [ view_filter ] --START--
INFO: ContentReplace Behavior ::run [ RunTime:0.001256s ]
INFO: TokenBuild Behavior ::run [ RunTime:0.001092s ]
INFO: WriteHtmlCache Behavior ::run [ RunTime:0.000923s ]
INFO: ShowRuntime Behavior ::run [ RunTime:0.002543s ]
INFO: [ view_filter ] --END-- [ RunTime:0.006193s ]
INFO: [ view_end ] --START--
INFO: ShowPageTrace Behavior ::run [ RunTime:0.002157s ]
INFO: [ view_end ] --END-- [ RunTime:0.002348s ]

[ 2014-07-29T18:27:22+08:00 ] 127.0.0.1 /index.php/Login/user_register
INFO: [ app_begin ] --START--
INFO: ReadHtmlCache Behavior ::run [ RunTime:0.001464s ]
INFO: [ app_begin ] --END-- [ RunTime:0.001694s ]
INFO: [ view_parse ] --START--
INFO: ParseTemplate Behavior ::run [ RunTime:0.011133s ]
INFO: [ view_parse ] --END-- [ RunTime:0.011260s ]
INFO: [ view_filter ] --START--
INFO: ContentReplace Behavior ::run [ RunTime:0.000912s ]
INFO: TokenBuild Behavior ::run [ RunTime:0.000931s ]
INFO: WriteHtmlCache Behavior ::run [ RunTime:0.000791s ]
INFO: ShowRuntime Behavior ::run [ RunTime:0.001007s ]
INFO: [ view_filter ] --END-- [ RunTime:0.003895s ]
INFO: [ view_end ] --START--
INFO: ShowPageTrace Behavior ::run [ RunTime:0.000952s ]
INFO: [ view_end ] --END-- [ RunTime:0.001024s ]

[ 2014-07-29T18:28:34+08:00 ] 127.0.0.1 /index.php/Index/main
INFO: [ app_begin ] --START--
INFO: ReadHtmlCache Behavior ::run [ RunTime:0.000944s ]
INFO: [ app_begin ] --END-- [ RunTime:0.001054s ]
INFO: [ view_parse ] --START--
NOTIC: [8] Undefined index: uid C:\WWW\HOME\Runtime\Cache\21bce5cfed4107e7c5ace27094659b45.php 第 36 行.
NOTIC: [8] A session had already been started - ignoring session_start() C:\WWW\HOME\Runtime\Cache\21bce5cfed4107e7c5ace27094659b45.php 第 39 行.
INFO: ParseTemplate Behavior ::run [ RunTime:0.034428s ]
INFO: [ view_parse ] --END-- [ RunTime:0.034527s ]
INFO: [ view_filter ] --START--
INFO: ContentReplace Behavior ::run [ RunTime:0.001511s ]
INFO: TokenBuild Behavior ::run [ RunTime:0.000873s ]
INFO: WriteHtmlCache Behavior ::run [ RunTime:0.001089s ]
INFO: ShowRuntime Behavior ::run [ RunTime:0.000937s ]
INFO: [ view_filter ] --END-- [ RunTime:0.004701s ]
INFO: [ view_end ] --START--
INFO: ShowPageTrace Behavior ::run [ RunTime:0.001076s ]
INFO: [ view_end ] --END-- [ RunTime:0.001177s ]

[ 2014-07-29T18:28:34+08:00 ] 127.0.0.1 /index.php/Login/user_register
INFO: [ app_begin ] --START--
INFO: ReadHtmlCache Behavior ::run [ RunTime:0.000815s ]
INFO: [ app_begin ] --END-- [ RunTime:0.000902s ]
INFO: [ view_parse ] --START--
INFO: ParseTemplate Behavior ::run [ RunTime:0.010563s ]
INFO: [ view_parse ] --END-- [ RunTime:0.010676s ]
INFO: [ view_filter ] --START--
INFO: ContentReplace Behavior ::run [ RunTime:0.001176s ]
INFO: TokenBuild Behavior ::run [ RunTime:0.001171s ]
INFO: WriteHtmlCache Behavior ::run [ RunTime:0.000689s ]
INFO: ShowRuntime Behavior ::run [ RunTime:0.001002s ]
INFO: [ view_filter ] --END-- [ RunTime:0.004356s ]
INFO: [ view_end ] --START--
INFO: ShowPageTrace Behavior ::run [ RunTime:0.000922s ]
INFO: [ view_end ] --END-- [ RunTime:0.000998s ]

[ 2014-07-29T18:30:27+08:00 ] 127.0.0.1 /index.php/Index/main
INFO: [ app_begin ] --START--
INFO: ReadHtmlCache Behavior ::run [ RunTime:0.000816s ]
INFO: [ app_begin ] --END-- [ RunTime:0.000916s ]
INFO: [ view_parse ] --START--
NOTIC: [8] Undefined index: uid C:\WWW\HOME\Runtime\Cache\21bce5cfed4107e7c5ace27094659b45.php 第 36 行.
NOTIC: [8] A session had already been started - ignoring session_start() C:\WWW\HOME\Runtime\Cache\21bce5cfed4107e7c5ace27094659b45.php 第 39 行.
INFO: ParseTemplate Behavior ::run [ RunTime:0.027648s ]
INFO: [ view_parse ] --END-- [ RunTime:0.027736s ]
INFO: [ view_filter ] --START--
INFO: ContentReplace Behavior ::run [ RunTime:0.001185s ]
INFO: TokenBuild Behavior ::run [ RunTime:0.000812s ]
INFO: WriteHtmlCache Behavior ::run [ RunTime:0.000700s ]
INFO: ShowRuntime Behavior ::run [ RunTime:0.000870s ]
INFO: [ view_filter ] --END-- [ RunTime:0.003848s ]
INFO: [ view_end ] --START--
INFO: ShowPageTrace Behavior ::run [ RunTime:0.001083s ]
INFO: [ view_end ] --END-- [ RunTime:0.001173s ]

[ 2014-07-29T18:30:27+08:00 ] 127.0.0.1 /index.php/Login/user_register
INFO: [ app_begin ] --START--
INFO: ReadHtmlCache Behavior ::run [ RunTime:0.000872s ]
INFO: [ app_begin ] --END-- [ RunTime:0.000962s ]
INFO: [ view_parse ] --START--
INFO: ParseTemplate Behavior ::run [ RunTime:0.010458s ]
INFO: [ view_parse ] --END-- [ RunTime:0.010584s ]
INFO: [ view_filter ] --START--
INFO: ContentReplace Behavior ::run [ RunTime:0.000748s ]
INFO: TokenBuild Behavior ::run [ RunTime:0.000778s ]
INFO: WriteHtmlCache Behavior ::run [ RunTime:0.000624s ]
INFO: ShowRuntime Behavior ::run [ RunTime:0.000808s ]
INFO: [ view_filter ] --END-- [ RunTime:0.003193s ]
INFO: [ view_end ] --START--
INFO: ShowPageTrace Behavior ::run [ RunTime:0.000939s ]
INFO: [ view_end ] --END-- [ RunTime:0.001015s ]

[ 2014-07-29T18:31:31+08:00 ] 127.0.0.1 /index.php/Index/main
INFO: [ app_begin ] --START--
INFO: ReadHtmlCache Behavior ::run [ RunTime:0.000830s ]
INFO: [ app_begin ] --END-- [ RunTime:0.000919s ]
INFO: [ view_parse ] --START--
NOTIC: [8] Undefined index: uid C:\WWW\HOME\Runtime\Cache\21bce5cfed4107e7c5ace27094659b45.php 第 36 行.
NOTIC: [8] A session had already been started - ignoring session_start() C:\WWW\HOME\Runtime\Cache\21bce5cfed4107e7c5ace27094659b45.php 第 39 行.
INFO: ParseTemplate Behavior ::run [ RunTime:0.039770s ]
INFO: [ view_parse ] --END-- [ RunTime:0.039876s ]
INFO: [ view_filter ] --START--
INFO: ContentReplace Behavior ::run [ RunTime:0.001218s ]
INFO: TokenBuild Behavior ::run [ RunTime:0.000885s ]
INFO: WriteHtmlCache Behavior ::run [ RunTime:0.000705s ]
INFO: ShowRuntime Behavior ::run [ RunTime:0.000913s ]
INFO: [ view_filter ] --END-- [ RunTime:0.003998s ]
INFO: [ view_end ] --START--
INFO: ShowPageTrace Behavior ::run [ RunTime:0.001228s ]
INFO: [ view_end ] --END-- [ RunTime:0.001347s ]

[ 2014-07-29T18:31:31+08:00 ] 127.0.0.1 /index.php/Login/user_register
INFO: [ app_begin ] --START--
INFO: ReadHtmlCache Behavior ::run [ RunTime:0.000991s ]
INFO: [ app_begin ] --END-- [ RunTime:0.001108s ]
INFO: [ view_parse ] --START--
INFO: ParseTemplate Behavior ::run [ RunTime:0.011589s ]
INFO: [ view_parse ] --END-- [ RunTime:0.011718s ]
INFO: [ view_filter ] --START--
INFO: ContentReplace Behavior ::run [ RunTime:0.000989s ]
INFO: TokenBuild Behavior ::run [ RunTime:0.001218s ]
INFO: WriteHtmlCache Behavior ::run [ RunTime:0.000996s ]
INFO: ShowRuntime Behavior ::run [ RunTime:0.001110s ]
INFO: [ view_filter ] --END-- [ RunTime:0.004592s ]
INFO: [ view_end ] --START--
INFO: ShowPageTrace Behavior ::run [ RunTime:0.001001s ]
INFO: [ view_end ] --END-- [ RunTime:0.001085s ]

[ 2014-07-29T18:33:04+08:00 ] 127.0.0.1 /index.php/Index/main
INFO: [ app_begin ] --START--
INFO: ReadHtmlCache Behavior ::run [ RunTime:0.000866s ]
INFO: [ app_begin ] --END-- [ RunTime:0.000976s ]
INFO: [ view_parse ] --START--
NOTIC: [8] Undefined index: uid C:\WWW\HOME\Runtime\Cache\21bce5cfed4107e7c5ace27094659b45.php 第 36 行.
NOTIC: [8] A session had already been started - ignoring session_start() C:\WWW\HOME\Runtime\Cache\21bce5cfed4107e7c5ace27094659b45.php 第 39 行.
INFO: ParseTemplate Behavior ::run [ RunTime:0.032627s ]
INFO: [ view_parse ] --END-- [ RunTime:0.032721s ]
INFO: [ view_filter ] --START--
INFO: ContentReplace Behavior ::run [ RunTime:0.001292s ]
INFO: TokenBuild Behavior ::run [ RunTime:0.000914s ]
INFO: WriteHtmlCache Behavior ::run [ RunTime:0.001008s ]
INFO: ShowRuntime Behavior ::run [ RunTime:0.000874s ]
INFO: [ view_filter ] --END-- [ RunTime:0.004535s ]
INFO: [ view_end ] --START--
INFO: ShowPageTrace Behavior ::run [ RunTime:0.001030s ]
INFO: [ view_end ] --END-- [ RunTime:0.001123s ]

[ 2014-07-29T18:33:04+08:00 ] 127.0.0.1 /index.php/Login/user_register
INFO: [ app_begin ] --START--
INFO: ReadHtmlCache Behavior ::run [ RunTime:0.000821s ]
INFO: [ app_begin ] --END-- [ RunTime:0.000904s ]
INFO: [ view_parse ] --START--
INFO: ParseTemplate Behavior ::run [ RunTime:0.009802s ]
INFO: [ view_parse ] --END-- [ RunTime:0.009932s ]
INFO: [ view_filter ] --START--
INFO: ContentReplace Behavior ::run [ RunTime:0.000923s ]
INFO: TokenBuild Behavior ::run [ RunTime:0.000767s ]
INFO: WriteHtmlCache Behavior ::run [ RunTime:0.000688s ]
INFO: ShowRuntime Behavior ::run [ RunTime:0.000852s ]
INFO: [ view_filter ] --END-- [ RunTime:0.003468s ]
INFO: [ view_end ] --START--
INFO: ShowPageTrace Behavior ::run [ RunTime:0.000928s ]
INFO: [ view_end ] --END-- [ RunTime:0.001000s ]

[ 2014-07-29T18:34:31+08:00 ] 127.0.0.1 /index.php/Index/main
INFO: [ app_begin ] --START--
INFO: ReadHtmlCache Behavior ::run [ RunTime:0.000830s ]
INFO: [ app_begin ] --END-- [ RunTime:0.000918s ]
INFO: [ view_parse ] --START--
NOTIC: [8] Undefined index: uid C:\WWW\HOME\Runtime\Cache\21bce5cfed4107e7c5ace27094659b45.php 第 36 行.
NOTIC: [8] A session had already been started - ignoring session_start() C:\WWW\HOME\Runtime\Cache\21bce5cfed4107e7c5ace27094659b45.php 第 39 行.
INFO: ParseTemplate Behavior ::run [ RunTime:0.032501s ]
INFO: [ view_parse ] --END-- [ RunTime:0.032586s ]
INFO: [ view_filter ] --START--
INFO: ContentReplace Behavior ::run [ RunTime:0.001396s ]
INFO: TokenBuild Behavior ::run [ RunTime:0.000933s ]
INFO: WriteHtmlCache Behavior ::run [ RunTime:0.000783s ]
INFO: ShowRuntime Behavior ::run [ RunTime:0.001352s ]
INFO: [ view_filter ] --END-- [ RunTime:0.004766s ]
INFO: [ view_end ] --START--
INFO: ShowPageTrace Behavior ::run [ RunTime:0.001477s ]
INFO: [ view_end ] --END-- [ RunTime:0.001585s ]

[ 2014-07-29T18:34:31+08:00 ] 127.0.0.1 /index.php/Login/user_register
INFO: [ app_begin ] --START--
INFO: ReadHtmlCache Behavior ::run [ RunTime:0.000853s ]
INFO: [ app_begin ] --END-- [ RunTime:0.000941s ]
INFO: [ view_parse ] --START--
INFO: ParseTemplate Behavior ::run [ RunTime:0.008920s ]
INFO: [ view_parse ] --END-- [ RunTime:0.009049s ]
INFO: [ view_filter ] --START--
INFO: ContentReplace Behavior ::run [ RunTime:0.000949s ]
INFO: TokenBuild Behavior ::run [ RunTime:0.000943s ]
INFO: WriteHtmlCache Behavior ::run [ RunTime:0.000667s ]
INFO: ShowRuntime Behavior ::run [ RunTime:0.000788s ]
INFO: [ view_filter ] --END-- [ RunTime:0.003643s ]
INFO: [ view_end ] --START--
INFO: ShowPageTrace Behavior ::run [ RunTime:0.000978s ]
INFO: [ view_end ] --END-- [ RunTime:0.001195s ]

[ 2014-07-29T18:36:31+08:00 ] 127.0.0.1 /index.php/Index/main
INFO: [ app_begin ] --START--
INFO: ReadHtmlCache Behavior ::run [ RunTime:0.000968s ]
INFO: [ app_begin ] --END-- [ RunTime:0.001066s ]
INFO: [ view_parse ] --START--
NOTIC: [8] Undefined index: uid C:\WWW\HOME\Runtime\Cache\21bce5cfed4107e7c5ace27094659b45.php 第 36 行.
NOTIC: [8] A session had already been started - ignoring session_start() C:\WWW\HOME\Runtime\Cache\21bce5cfed4107e7c5ace27094659b45.php 第 39 行.
INFO: ParseTemplate Behavior ::run [ RunTime:0.031234s ]
INFO: [ view_parse ] --END-- [ RunTime:0.031318s ]
INFO: [ view_filter ] --START--
INFO: ContentReplace Behavior ::run [ RunTime:0.001085s ]
INFO: TokenBuild Behavior ::run [ RunTime:0.000891s ]
INFO: WriteHtmlCache Behavior ::run [ RunTime:0.000700s ]
INFO: ShowRuntime Behavior ::run [ RunTime:0.000939s ]
INFO: [ view_filter ] --END-- [ RunTime:0.003867s ]
INFO: [ view_end ] --START--
INFO: ShowPageTrace Behavior ::run [ RunTime:0.001774s ]
INFO: [ view_end ] --END-- [ RunTime:0.001892s ]

[ 2014-07-29T18:36:32+08:00 ] 127.0.0.1 /index.php/Login/user_register
INFO: [ app_begin ] --START--
INFO: ReadHtmlCache Behavior ::run [ RunTime:0.000934s ]
INFO: [ app_begin ] --END-- [ RunTime:0.001022s ]
INFO: [ view_parse ] --START--
INFO: ParseTemplate Behavior ::run [ RunTime:0.015028s ]
INFO: [ view_parse ] --END-- [ RunTime:0.015168s ]
INFO: [ view_filter ] --START--
INFO: ContentReplace Behavior ::run [ RunTime:0.001849s ]
INFO: TokenBuild Behavior ::run [ RunTime:0.000900s ]
INFO: WriteHtmlCache Behavior ::run [ RunTime:0.000790s ]
INFO: ShowRuntime Behavior ::run [ RunTime:0.000948s ]
INFO: [ view_filter ] --END-- [ RunTime:0.004784s ]
INFO: [ view_end ] --START--
INFO: ShowPageTrace Behavior ::run [ RunTime:0.000973s ]
INFO: [ view_end ] --END-- [ RunTime:0.001048s ]

[ 2014-07-29T18:42:28+08:00 ] 127.0.0.1 /index.php/Index/main
INFO: [ app_begin ] --START--
INFO: ReadHtmlCache Behavior ::run [ RunTime:0.000900s ]
INFO: [ app_begin ] --END-- [ RunTime:0.001000s ]
INFO: [ view_parse ] --START--
NOTIC: [8] Undefined index: uid C:\WWW\HOME\Runtime\Cache\21bce5cfed4107e7c5ace27094659b45.php 第 36 行.
NOTIC: [8] A session had already been started - ignoring session_start() C:\WWW\HOME\Runtime\Cache\21bce5cfed4107e7c5ace27094659b45.php 第 39 行.
INFO: ParseTemplate Behavior ::run [ RunTime:0.075843s ]
INFO: [ view_parse ] --END-- [ RunTime:0.075997s ]
INFO: [ view_filter ] --START--
INFO: ContentReplace Behavior ::run [ RunTime:0.001313s ]
INFO: TokenBuild Behavior ::run [ RunTime:0.001127s ]
INFO: WriteHtmlCache Behavior ::run [ RunTime:0.000690s ]
INFO: ShowRuntime Behavior ::run [ RunTime:0.001148s ]
INFO: [ view_filter ] --END-- [ RunTime:0.004546s ]
INFO: [ view_end ] --START--
INFO: ShowPageTrace Behavior ::run [ RunTime:0.001105s ]
INFO: [ view_end ] --END-- [ RunTime:0.001213s ]

[ 2014-07-29T18:42:28+08:00 ] 127.0.0.1 /index.php/Login/user_register
INFO: [ app_begin ] --START--
INFO: ReadHtmlCache Behavior ::run [ RunTime:0.001339s ]
INFO: [ app_begin ] --END-- [ RunTime:0.001435s ]
INFO: [ view_parse ] --START--
INFO: ParseTemplate Behavior ::run [ RunTime:0.045129s ]
INFO: [ view_parse ] --END-- [ RunTime:0.045378s ]
INFO: [ view_filter ] --START--
INFO: ContentReplace Behavior ::run [ RunTime:0.000834s ]
INFO: TokenBuild Behavior ::run [ RunTime:0.000729s ]
INFO: WriteHtmlCache Behavior ::run [ RunTime:0.001070s ]
INFO: ShowRuntime Behavior ::run [ RunTime:0.001324s ]
INFO: [ view_filter ] --END-- [ RunTime:0.004257s ]
INFO: [ view_end ] --START--
INFO: ShowPageTrace Behavior ::run [ RunTime:0.000890s ]
INFO: [ view_end ] --END-- [ RunTime:0.000962s ]

[ 2014-07-29T19:08:19+08:00 ] 127.0.0.1 /index.php/Index/main
INFO: [ app_begin ] --START--
INFO: ReadHtmlCache Behavior ::run [ RunTime:0.001091s ]
INFO: [ app_begin ] --END-- [ RunTime:0.001219s ]
INFO: [ view_parse ] --START--
NOTIC: [8] Undefined index: uid C:\WWW\HOME\Runtime\Cache\21bce5cfed4107e7c5ace27094659b45.php 第 36 行.
NOTIC: [8] A session had already been started - ignoring session_start() C:\WWW\HOME\Runtime\Cache\21bce5cfed4107e7c5ace27094659b45.php 第 39 行.
INFO: ParseTemplate Behavior ::run [ RunTime:0.031542s ]
INFO: [ view_parse ] --END-- [ RunTime:0.031910s ]
INFO: [ view_filter ] --START--
INFO: ContentReplace Behavior ::run [ RunTime:0.001557s ]
INFO: TokenBuild Behavior ::run [ RunTime:0.001654s ]
INFO: WriteHtmlCache Behavior ::run [ RunTime:0.000864s ]
INFO: ShowRuntime Behavior ::run [ RunTime:0.001652s ]
INFO: [ view_filter ] --END-- [ RunTime:0.006084s ]
INFO: [ view_end ] --START--
INFO: ShowPageTrace Behavior ::run [ RunTime:0.001529s ]
INFO: [ view_end ] --END-- [ RunTime:0.001738s ]

[ 2014-07-29T19:08:19+08:00 ] 127.0.0.1 /index.php/Login/user_register
INFO: [ app_begin ] --START--
INFO: ReadHtmlCache Behavior ::run [ RunTime:0.001788s ]
INFO: [ app_begin ] --END-- [ RunTime:0.002150s ]
INFO: [ view_parse ] --START--
INFO: ParseTemplate Behavior ::run [ RunTime:0.015247s ]
INFO: [ view_parse ] --END-- [ RunTime:0.015368s ]
INFO: [ view_filter ] --START--
INFO: ContentReplace Behavior ::run [ RunTime:0.000848s ]
INFO: TokenBuild Behavior ::run [ RunTime:0.000809s ]
INFO: WriteHtmlCache Behavior ::run [ RunTime:0.002117s ]
INFO: ShowRuntime Behavior ::run [ RunTime:0.001807s ]
INFO: [ view_filter ] --END-- [ RunTime:0.005909s ]
INFO: [ view_end ] --START--
INFO: ShowPageTrace Behavior ::run [ RunTime:0.000951s ]
INFO: [ view_end ] --END-- [ RunTime:0.001025s ]

[ 2014-07-29T19:08:23+08:00 ] 127.0.0.1 /index.php/Index/main
INFO: [ app_begin ] --START--
INFO: ReadHtmlCache Behavior ::run [ RunTime:0.001370s ]
INFO: [ app_begin ] --END-- [ RunTime:0.001525s ]
INFO: [ view_parse ] --START--
NOTIC: [8] Undefined index: uid C:\WWW\HOME\Runtime\Cache\21bce5cfed4107e7c5ace27094659b45.php 第 36 行.
NOTIC: [8] A session had already been started - ignoring session_start() C:\WWW\HOME\Runtime\Cache\21bce5cfed4107e7c5ace27094659b45.php 第 39 行.
INFO: ParseTemplate Behavior ::run [ RunTime:0.030511s ]
INFO: [ view_parse ] --END-- [ RunTime:0.030610s ]
INFO: [ view_filter ] --START--
INFO: ContentReplace Behavior ::run [ RunTime:0.000933s ]
INFO: TokenBuild Behavior ::run [ RunTime:0.001422s ]
INFO: WriteHtmlCache Behavior ::run [ RunTime:0.000666s ]
INFO: ShowRuntime Behavior ::run [ RunTime:0.000846s ]
INFO: [ view_filter ] --END-- [ RunTime:0.004271s ]
INFO: [ view_end ] --START--
INFO: ShowPageTrace Behavior ::run [ RunTime:0.001471s ]
INFO: [ view_end ] --END-- [ RunTime:0.001601s ]

[ 2014-07-29T19:08:23+08:00 ] 127.0.0.1 /index.php/Login/user_register
INFO: [ app_begin ] --START--
INFO: ReadHtmlCache Behavior ::run [ RunTime:0.001414s ]
INFO: [ app_begin ] --END-- [ RunTime:0.001529s ]
INFO: [ view_parse ] --START--
INFO: ParseTemplate Behavior ::run [ RunTime:0.012651s ]
INFO: [ view_parse ] --END-- [ RunTime:0.012833s ]
INFO: [ view_filter ] --START--
INFO: ContentReplace Behavior ::run [ RunTime:0.001346s ]
INFO: TokenBuild Behavior ::run [ RunTime:0.000859s ]
INFO: WriteHtmlCache Behavior ::run [ RunTime:0.000935s ]
INFO: ShowRuntime Behavior ::run [ RunTime:0.000995s ]
INFO: [ view_filter ] --END-- [ RunTime:0.004449s ]
INFO: [ view_end ] --START--
INFO: ShowPageTrace Behavior ::run [ RunTime:0.000922s ]
INFO: [ view_end ] --END-- [ RunTime:0.001010s ]

[ 2014-07-29T19:08:50+08:00 ] 127.0.0.1 /index.php/Index/main
INFO: [ app_begin ] --START--
INFO: ReadHtmlCache Behavior ::run [ RunTime:0.001272s ]
INFO: [ app_begin ] --END-- [ RunTime:0.001443s ]
INFO: [ view_parse ] --START--
NOTIC: [8] Undefined index: uid C:\WWW\HOME\Runtime\Cache\21bce5cfed4107e7c5ace27094659b45.php 第 36 行.
NOTIC: [8] A session had already been started - ignoring session_start() C:\WWW\HOME\Runtime\Cache\21bce5cfed4107e7c5ace27094659b45.php 第 39 行.
INFO: ParseTemplate Behavior ::run [ RunTime:0.032593s ]
INFO: [ view_parse ] --END-- [ RunTime:0.032709s ]
INFO: [ view_filter ] --START--
INFO: ContentReplace Behavior ::run [ RunTime:0.001031s ]
INFO: TokenBuild Behavior ::run [ RunTime:0.000949s ]
INFO: WriteHtmlCache Behavior ::run [ RunTime:0.000699s ]
INFO: ShowRuntime Behavior ::run [ RunTime:0.000798s ]
INFO: [ view_filter ] --END-- [ RunTime:0.003732s ]
INFO: [ view_end ] --START--
INFO: ShowPageTrace Behavior ::run [ RunTime:0.001427s ]
INFO: [ view_end ] --END-- [ RunTime:0.001519s ]

[ 2014-07-29T19:08:50+08:00 ] 127.0.0.1 /index.php/Login/user_register
INFO: [ app_begin ] --START--
INFO: ReadHtmlCache Behavior ::run [ RunTime:0.000981s ]
INFO: [ app_begin ] --END-- [ RunTime:0.001080s ]
INFO: [ view_parse ] --START--
INFO: ParseTemplate Behavior ::run [ RunTime:0.009698s ]
INFO: [ view_parse ] --END-- [ RunTime:0.009812s ]
INFO: [ view_filter ] --START--
INFO: ContentReplace Behavior ::run [ RunTime:0.001103s ]
INFO: TokenBuild Behavior ::run [ RunTime:0.000738s ]
INFO: WriteHtmlCache Behavior ::run [ RunTime:0.000619s ]
INFO: ShowRuntime Behavior ::run [ RunTime:0.000851s ]
INFO: [ view_filter ] --END-- [ RunTime:0.003537s ]
INFO: [ view_end ] --START--
INFO: ShowPageTrace Behavior ::run [ RunTime:0.000874s ]
INFO: [ view_end ] --END-- [ RunTime:0.000945s ]

[ 2014-07-29T19:09:47+08:00 ] 127.0.0.1 /index.php/Index/main
INFO: [ app_begin ] --START--
INFO: ReadHtmlCache Behavior ::run [ RunTime:0.001100s ]
INFO: [ app_begin ] --END-- [ RunTime:0.001244s ]
INFO: [ view_parse ] --START--
NOTIC: [8] Undefined index: uid C:\WWW\HOME\Runtime\Cache\21bce5cfed4107e7c5ace27094659b45.php 第 36 行.
NOTIC: [8] A session had already been started - ignoring session_start() C:\WWW\HOME\Runtime\Cache\21bce5cfed4107e7c5ace27094659b45.php 第 39 行.
INFO: ParseTemplate Behavior ::run [ RunTime:0.026285s ]
INFO: [ view_parse ] --END-- [ RunTime:0.026373s ]
INFO: [ view_filter ] --START--
INFO: ContentReplace Behavior ::run [ RunTime:0.000950s ]
INFO: TokenBuild Behavior ::run [ RunTime:0.000785s ]
INFO: WriteHtmlCache Behavior ::run [ RunTime:0.000643s ]
INFO: ShowRuntime Behavior ::run [ RunTime:0.000807s ]
INFO: [ view_filter ] --END-- [ RunTime:0.003419s ]
INFO: [ view_end ] --START--
INFO: ShowPageTrace Behavior ::run [ RunTime:0.001072s ]
INFO: [ view_end ] --END-- [ RunTime:0.001196s ]

[ 2014-07-29T19:09:47+08:00 ] 127.0.0.1 /index.php/Login/user_register
INFO: [ app_begin ] --START--
INFO: ReadHtmlCache Behavior ::run [ RunTime:0.001357s ]
INFO: [ app_begin ] --END-- [ RunTime:0.001470s ]
INFO: [ view_parse ] --START--
INFO: ParseTemplate Behavior ::run [ RunTime:0.011479s ]
INFO: [ view_parse ] --END-- [ RunTime:0.011643s ]
INFO: [ view_filter ] --START--
INFO: ContentReplace Behavior ::run [ RunTime:0.002915s ]
INFO: TokenBuild Behavior ::run [ RunTime:0.001574s ]
INFO: WriteHtmlCache Behavior ::run [ RunTime:0.001363s ]
INFO: ShowRuntime Behavior ::run [ RunTime:0.001464s ]
INFO: [ view_filter ] --END-- [ RunTime:0.007630s ]
INFO: [ view_end ] --START--
INFO: ShowPageTrace Behavior ::run [ RunTime:0.001043s ]
INFO: [ view_end ] --END-- [ RunTime:0.001181s ]

[ 2014-07-29T19:14:11+08:00 ] 127.0.0.1 /index.php/Login/user_register
INFO: [ app_begin ] --START--
INFO: ReadHtmlCache Behavior ::run [ RunTime:0.001236s ]
INFO: [ app_begin ] --END-- [ RunTime:0.001344s ]
INFO: [ view_parse ] --START--
INFO: ParseTemplate Behavior ::run [ RunTime:0.016065s ]
INFO: [ view_parse ] --END-- [ RunTime:0.016226s ]
INFO: [ view_filter ] --START--
INFO: ContentReplace Behavior ::run [ RunTime:0.000796s ]
INFO: TokenBuild Behavior ::run [ RunTime:0.000711s ]
INFO: WriteHtmlCache Behavior ::run [ RunTime:0.000655s ]
INFO: ShowRuntime Behavior ::run [ RunTime:0.001140s ]
INFO: [ view_filter ] --END-- [ RunTime:0.003568s ]
INFO: [ view_end ] --START--
INFO: ShowPageTrace Behavior ::run [ RunTime:0.001053s ]
INFO: [ view_end ] --END-- [ RunTime:0.001151s ]

[ 2014-07-29T19:14:11+08:00 ] 127.0.0.1 /index.php/Index/main
INFO: [ app_begin ] --START--
INFO: ReadHtmlCache Behavior ::run [ RunTime:0.000866s ]
INFO: [ app_begin ] --END-- [ RunTime:0.000955s ]
INFO: [ view_parse ] --START--
NOTIC: [8] Undefined index: uid C:\WWW\HOME\Runtime\Cache\21bce5cfed4107e7c5ace27094659b45.php 第 36 行.
NOTIC: [8] A session had already been started - ignoring session_start() C:\WWW\HOME\Runtime\Cache\21bce5cfed4107e7c5ace27094659b45.php 第 39 行.
INFO: ParseTemplate Behavior ::run [ RunTime:0.188907s ]
INFO: [ view_parse ] --END-- [ RunTime:0.188995s ]
INFO: [ view_filter ] --START--
INFO: ContentReplace Behavior ::run [ RunTime:0.001640s ]
INFO: TokenBuild Behavior ::run [ RunTime:0.005443s ]
INFO: WriteHtmlCache Behavior ::run [ RunTime:0.002043s ]
INFO: ShowRuntime Behavior ::run [ RunTime:0.002621s ]
INFO: [ view_filter ] --END-- [ RunTime:0.012695s ]
INFO: [ view_end ] --START--
INFO: ShowPageTrace Behavior ::run [ RunTime:0.002219s ]
INFO: [ view_end ] --END-- [ RunTime:0.002438s ]

[ 2014-07-29T19:14:18+08:00 ] 127.0.0.1 /index.php/Index/main
INFO: [ app_begin ] --START--
INFO: ReadHtmlCache Behavior ::run [ RunTime:0.001240s ]
INFO: [ app_begin ] --END-- [ RunTime:0.001364s ]
INFO: [ view_parse ] --START--
NOTIC: [8] Undefined index: uid C:\WWW\HOME\Runtime\Cache\21bce5cfed4107e7c5ace27094659b45.php 第 36 行.
NOTIC: [8] A session had already been started - ignoring session_start() C:\WWW\HOME\Runtime\Cache\21bce5cfed4107e7c5ace27094659b45.php 第 39 行.
INFO: ParseTemplate Behavior ::run [ RunTime:0.035177s ]
INFO: [ view_parse ] --END-- [ RunTime:0.035275s ]
INFO: [ view_filter ] --START--
INFO: ContentReplace Behavior ::run [ RunTime:0.001046s ]
INFO: TokenBuild Behavior ::run [ RunTime:0.000985s ]
INFO: WriteHtmlCache Behavior ::run [ RunTime:0.000785s ]
INFO: ShowRuntime Behavior ::run [ RunTime:0.000908s ]
INFO: [ view_filter ] --END-- [ RunTime:0.004052s ]
INFO: [ view_end ] --START--
INFO: ShowPageTrace Behavior ::run [ RunTime:0.001905s ]
INFO: [ view_end ] --END-- [ RunTime:0.002022s ]

[ 2014-07-29T19:14:18+08:00 ] 127.0.0.1 /index.php/Login/user_register
INFO: [ app_begin ] --START--
INFO: ReadHtmlCache Behavior ::run [ RunTime:0.000879s ]
INFO: [ app_begin ] --END-- [ RunTime:0.000968s ]
INFO: [ view_parse ] --START--
INFO: ParseTemplate Behavior ::run [ RunTime:0.112466s ]
INFO: [ view_parse ] --END-- [ RunTime:0.112609s ]
INFO: [ view_filter ] --START--
INFO: ContentReplace Behavior ::run [ RunTime:0.003672s ]
INFO: TokenBuild Behavior ::run [ RunTime:0.000902s ]
INFO: WriteHtmlCache Behavior ::run [ RunTime:0.000764s ]
INFO: ShowRuntime Behavior ::run [ RunTime:0.001232s ]
INFO: [ view_filter ] --END-- [ RunTime:0.006840s ]
INFO: [ view_end ] --START--
INFO: ShowPageTrace Behavior ::run [ RunTime:0.001204s ]
INFO: [ view_end ] --END-- [ RunTime:0.001291s ]

[ 2014-07-29T19:14:30+08:00 ] 127.0.0.1 /index.php/Login/user_register
INFO: [ app_begin ] --START--
INFO: ReadHtmlCache Behavior ::run [ RunTime:0.000819s ]
INFO: [ app_begin ] --END-- [ RunTime:0.000915s ]
INFO: [ view_parse ] --START--
INFO: ParseTemplate Behavior ::run [ RunTime:0.010175s ]
INFO: [ view_parse ] --END-- [ RunTime:0.010312s ]
INFO: [ view_filter ] --START--
INFO: ContentReplace Behavior ::run [ RunTime:0.001173s ]
INFO: TokenBuild Behavior ::run [ RunTime:0.001165s ]
INFO: WriteHtmlCache Behavior ::run [ RunTime:0.001167s ]
INFO: ShowRuntime Behavior ::run [ RunTime:0.001008s ]
INFO: [ view_filter ] --END-- [ RunTime:0.004841s ]
INFO: [ view_end ] --START--
INFO: ShowPageTrace Behavior ::run [ RunTime:0.001148s ]
INFO: [ view_end ] --END-- [ RunTime:0.001234s ]

[ 2014-07-29T19:14:30+08:00 ] 127.0.0.1 /index.php/Index/main
INFO: [ app_begin ] --START--
INFO: ReadHtmlCache Behavior ::run [ RunTime:0.000928s ]
INFO: [ app_begin ] --END-- [ RunTime:0.001033s ]
INFO: [ view_parse ] --START--
NOTIC: [8] Undefined index: uid C:\WWW\HOME\Runtime\Cache\21bce5cfed4107e7c5ace27094659b45.php 第 36 行.
NOTIC: [8] A session had already been started - ignoring session_start() C:\WWW\HOME\Runtime\Cache\21bce5cfed4107e7c5ace27094659b45.php 第 39 行.
INFO: ParseTemplate Behavior ::run [ RunTime:0.031977s ]
INFO: [ view_parse ] --END-- [ RunTime:0.032104s ]
INFO: [ view_filter ] --START--
INFO: ContentReplace Behavior ::run [ RunTime:0.001161s ]
INFO: TokenBuild Behavior ::run [ RunTime:0.000816s ]
INFO: WriteHtmlCache Behavior ::run [ RunTime:0.000631s ]
INFO: ShowRuntime Behavior ::run [ RunTime:0.000774s ]
INFO: [ view_filter ] --END-- [ RunTime:0.003669s ]
INFO: [ view_end ] --START--
INFO: ShowPageTrace Behavior ::run [ RunTime:0.001271s ]
INFO: [ view_end ] --END-- [ RunTime:0.001372s ]

[ 2014-07-29T19:15:12+08:00 ] 127.0.0.1 /index.php/Index/main
INFO: [ app_begin ] --START--
INFO: ReadHtmlCache Behavior ::run [ RunTime:0.001096s ]
INFO: [ app_begin ] --END-- [ RunTime:0.001213s ]
INFO: [ view_parse ] --START--
NOTIC: [8] Undefined index: uid C:\WWW\HOME\Runtime\Cache\21bce5cfed4107e7c5ace27094659b45.php 第 36 行.
NOTIC: [8] A session had already been started - ignoring session_start() C:\WWW\HOME\Runtime\Cache\21bce5cfed4107e7c5ace27094659b45.php 第 39 行.
INFO: ParseTemplate Behavior ::run [ RunTime:0.031916s ]
INFO: [ view_parse ] --END-- [ RunTime:0.031998s ]
INFO: [ view_filter ] --START--
INFO: ContentReplace Behavior ::run [ RunTime:0.000999s ]
INFO: TokenBuild Behavior ::run [ RunTime:0.000814s ]
INFO: WriteHtmlCache Behavior ::run [ RunTime:0.000681s ]
INFO: ShowRuntime Behavior ::run [ RunTime:0.000822s ]
INFO: [ view_filter ] --END-- [ RunTime:0.003543s ]
INFO: [ view_end ] --START--
INFO: ShowPageTrace Behavior ::run [ RunTime:0.001038s ]
INFO: [ view_end ] --END-- [ RunTime:0.001125s ]

[ 2014-07-29T19:15:12+08:00 ] 127.0.0.1 /index.php/Login/user_register
INFO: [ app_begin ] --START--
INFO: ReadHtmlCache Behavior ::run [ RunTime:0.000797s ]
INFO: [ app_begin ] --END-- [ RunTime:0.000880s ]
INFO: [ view_parse ] --START--
INFO: ParseTemplate Behavior ::run [ RunTime:0.008991s ]
INFO: [ view_parse ] --END-- [ RunTime:0.009100s ]
INFO: [ view_filter ] --START--
INFO: ContentReplace Behavior ::run [ RunTime:0.000979s ]
INFO: TokenBuild Behavior ::run [ RunTime:0.001153s ]
INFO: WriteHtmlCache Behavior ::run [ RunTime:0.000638s ]
INFO: ShowRuntime Behavior ::run [ RunTime:0.000821s ]
INFO: [ view_filter ] --END-- [ RunTime:0.003832s ]
INFO: [ view_end ] --START--
INFO: ShowPageTrace Behavior ::run [ RunTime:0.000937s ]
INFO: [ view_end ] --END-- [ RunTime:0.001009s ]

