[ 2014-07-30T15:14:40+08:00 ] 127.0.0.1 /index.php/Login/user_register
INFO: [ app_begin ] --START--
INFO: ReadHtmlCache Behavior ::run [ RunTime:0.001471s ]
INFO: [ app_begin ] --END-- [ RunTime:0.001623s ]

[ 2014-07-30T15:14:40+08:00 ] 127.0.0.1 /index.php/Login/user_register
INFO: [ app_begin ] --START--
INFO: ReadHtmlCache Behavior ::run [ RunTime:0.000751s ]
INFO: [ app_begin ] --END-- [ RunTime:0.000833s ]

[ 2014-07-30T15:14:41+08:00 ] 127.0.0.1 /index.php/Index/main
INFO: [ app_begin ] --START--
INFO: ReadHtmlCache Behavior ::run [ RunTime:0.000669s ]
INFO: [ app_begin ] --END-- [ RunTime:0.000743s ]
INFO: [ view_parse ] --START--
NOTIC: [8] Undefined index: uid C:\WWW\HOME\Runtime\Cache\21bce5cfed4107e7c5ace27094659b45.php 第 36 行.
NOTIC: [8] A session had already been started - ignoring session_start() C:\WWW\HOME\Runtime\Cache\21bce5cfed4107e7c5ace27094659b45.php 第 39 行.
INFO: ParseTemplate Behavior ::run [ RunTime:0.195153s ]
INFO: [ view_parse ] --END-- [ RunTime:0.195241s ]
INFO: [ view_filter ] --START--
INFO: ContentReplace Behavior ::run [ RunTime:0.000742s ]
INFO: TokenBuild Behavior ::run [ RunTime:0.001150s ]
INFO: WriteHtmlCache Behavior ::run [ RunTime:0.000466s ]
INFO: ShowRuntime Behavior ::run [ RunTime:0.000770s ]
INFO: [ view_filter ] --END-- [ RunTime:0.003354s ]
INFO: [ view_end ] --START--
INFO: ShowPageTrace Behavior ::run [ RunTime:0.000786s ]
INFO: [ view_end ] --END-- [ RunTime:0.000889s ]

[ 2014-07-30T15:24:34+08:00 ] 127.0.0.1 /index.php/Index/main
INFO: [ app_begin ] --START--
INFO: ReadHtmlCache Behavior ::run [ RunTime:0.000761s ]
INFO: [ app_begin ] --END-- [ RunTime:0.000846s ]
INFO: [ view_parse ] --START--
NOTIC: [8] Undefined index: uid C:\WWW\HOME\Runtime\Cache\21bce5cfed4107e7c5ace27094659b45.php 第 36 行.
NOTIC: [8] A session had already been started - ignoring session_start() C:\WWW\HOME\Runtime\Cache\21bce5cfed4107e7c5ace27094659b45.php 第 39 行.
INFO: ParseTemplate Behavior ::run [ RunTime:0.083619s ]
INFO: [ view_parse ] --END-- [ RunTime:0.083713s ]
INFO: [ view_filter ] --START--
INFO: ContentReplace Behavior ::run [ RunTime:0.000851s ]
INFO: TokenBuild Behavior ::run [ RunTime:0.001120s ]
INFO: WriteHtmlCache Behavior ::run [ RunTime:0.000500s ]
INFO: ShowRuntime Behavior ::run [ RunTime:0.000647s ]
INFO: [ view_filter ] --END-- [ RunTime:0.003365s ]
INFO: [ view_end ] --START--
INFO: ShowPageTrace Behavior ::run [ RunTime:0.000830s ]
INFO: [ view_end ] --END-- [ RunTime:0.000934s ]

[ 2014-07-30T15:24:34+08:00 ] 127.0.0.1 /index.php/Login/user_register
INFO: [ app_begin ] --START--
INFO: ReadHtmlCache Behavior ::run [ RunTime:0.000721s ]
INFO: [ app_begin ] --END-- [ RunTime:0.000807s ]

[ 2014-07-30T15:24:34+08:00 ] 127.0.0.1 /index.php/Login/user_register
INFO: [ app_begin ] --START--
INFO: ReadHtmlCache Behavior ::run [ RunTime:0.000747s ]
INFO: [ app_begin ] --END-- [ RunTime:0.000829s ]

[ 2014-07-30T15:24:34+08:00 ] 127.0.0.1 /index.php/Index/main
INFO: [ app_begin ] --START--
INFO: ReadHtmlCache Behavior ::run [ RunTime:0.000728s ]
INFO: [ app_begin ] --END-- [ RunTime:0.000813s ]
INFO: [ view_parse ] --START--
NOTIC: [8] Undefined index: uid C:\WWW\HOME\Runtime\Cache\21bce5cfed4107e7c5ace27094659b45.php 第 36 行.
NOTIC: [8] A session had already been started - ignoring session_start() C:\WWW\HOME\Runtime\Cache\21bce5cfed4107e7c5ace27094659b45.php 第 39 行.
INFO: ParseTemplate Behavior ::run [ RunTime:0.042201s ]
INFO: [ view_parse ] --END-- [ RunTime:0.042292s ]
INFO: [ view_filter ] --START--
INFO: ContentReplace Behavior ::run [ RunTime:0.000841s ]
INFO: TokenBuild Behavior ::run [ RunTime:0.000589s ]
INFO: WriteHtmlCache Behavior ::run [ RunTime:0.001007s ]
INFO: ShowRuntime Behavior ::run [ RunTime:0.001012s ]
INFO: [ view_filter ] --END-- [ RunTime:0.003726s ]
INFO: [ view_end ] --START--
INFO: ShowPageTrace Behavior ::run [ RunTime:0.001057s ]
INFO: [ view_end ] --END-- [ RunTime:0.001165s ]

[ 2014-07-30T15:24:57+08:00 ] 127.0.0.1 /index.php/Login/user_register
INFO: [ app_begin ] --START--
INFO: ReadHtmlCache Behavior ::run [ RunTime:0.000995s ]
INFO: [ app_begin ] --END-- [ RunTime:0.001107s ]

[ 2014-07-30T15:24:57+08:00 ] 127.0.0.1 /index.php/Login/user_register
INFO: [ app_begin ] --START--
INFO: ReadHtmlCache Behavior ::run [ RunTime:0.000809s ]
INFO: [ app_begin ] --END-- [ RunTime:0.000917s ]

[ 2014-07-30T15:24:57+08:00 ] 127.0.0.1 /index.php/Index/main
INFO: [ app_begin ] --START--
INFO: ReadHtmlCache Behavior ::run [ RunTime:0.000751s ]
INFO: [ app_begin ] --END-- [ RunTime:0.000832s ]
INFO: [ view_parse ] --START--
NOTIC: [8] Undefined index: uid C:\WWW\HOME\Runtime\Cache\21bce5cfed4107e7c5ace27094659b45.php 第 36 行.
NOTIC: [8] A session had already been started - ignoring session_start() C:\WWW\HOME\Runtime\Cache\21bce5cfed4107e7c5ace27094659b45.php 第 39 行.
INFO: ParseTemplate Behavior ::run [ RunTime:0.029350s ]
INFO: [ view_parse ] --END-- [ RunTime:0.029477s ]
INFO: [ view_filter ] --START--
INFO: ContentReplace Behavior ::run [ RunTime:0.000825s ]
INFO: TokenBuild Behavior ::run [ RunTime:0.000559s ]
INFO: WriteHtmlCache Behavior ::run [ RunTime:0.000509s ]
INFO: ShowRuntime Behavior ::run [ RunTime:0.000733s ]
INFO: [ view_filter ] --END-- [ RunTime:0.002903s ]
INFO: [ view_end ] --START--
INFO: ShowPageTrace Behavior ::run [ RunTime:0.000846s ]
INFO: [ view_end ] --END-- [ RunTime:0.000932s ]

[ 2014-07-30T16:38:17+08:00 ] 127.0.0.1 /index.php/Index/main
INFO: [ app_begin ] --START--
INFO: ReadHtmlCache Behavior ::run [ RunTime:0.000687s ]
INFO: [ app_begin ] --END-- [ RunTime:0.000779s ]
INFO: [ view_parse ] --START--
NOTIC: [8] Undefined index: uid C:\WWW\HOME\Runtime\Cache\21bce5cfed4107e7c5ace27094659b45.php 第 36 行.
NOTIC: [8] A session had already been started - ignoring session_start() C:\WWW\HOME\Runtime\Cache\21bce5cfed4107e7c5ace27094659b45.php 第 39 行.
INFO: ParseTemplate Behavior ::run [ RunTime:0.042917s ]
INFO: [ view_parse ] --END-- [ RunTime:0.043001s ]
INFO: [ view_filter ] --START--
INFO: ContentReplace Behavior ::run [ RunTime:0.001028s ]
INFO: TokenBuild Behavior ::run [ RunTime:0.000687s ]
INFO: WriteHtmlCache Behavior ::run [ RunTime:0.000539s ]
INFO: ShowRuntime Behavior ::run [ RunTime:0.000646s ]
INFO: [ view_filter ] --END-- [ RunTime:0.003172s ]
INFO: [ view_end ] --START--
INFO: ShowPageTrace Behavior ::run [ RunTime:0.001042s ]
INFO: [ view_end ] --END-- [ RunTime:0.001150s ]

[ 2014-07-30T16:38:17+08:00 ] 127.0.0.1 /index.php/Login/user_register
INFO: [ app_begin ] --START--
INFO: ReadHtmlCache Behavior ::run [ RunTime:0.000755s ]
INFO: [ app_begin ] --END-- [ RunTime:0.000841s ]

[ 2014-07-30T16:38:20+08:00 ] 127.0.0.1 /index.php/Public/get_school_list
INFO: [ app_begin ] --START--
INFO: ReadHtmlCache Behavior ::run [ RunTime:0.000778s ]
INFO: [ app_begin ] --END-- [ RunTime:0.000860s ]

[ 2014-07-30T16:38:21+08:00 ] 127.0.0.1 /index.php/Public/get_school_list
INFO: [ app_begin ] --START--
INFO: ReadHtmlCache Behavior ::run [ RunTime:0.000742s ]
INFO: [ app_begin ] --END-- [ RunTime:0.000826s ]

[ 2014-07-30T16:38:21+08:00 ] 127.0.0.1 /index.php/Public/get_school_list
INFO: [ app_begin ] --START--
INFO: ReadHtmlCache Behavior ::run [ RunTime:0.000902s ]
INFO: [ app_begin ] --END-- [ RunTime:0.001010s ]

[ 2014-07-30T16:38:23+08:00 ] 127.0.0.1 /index.php/Public/get_school_list
INFO: [ app_begin ] --START--
INFO: ReadHtmlCache Behavior ::run [ RunTime:0.000720s ]
INFO: [ app_begin ] --END-- [ RunTime:0.000806s ]

[ 2014-07-30T16:38:23+08:00 ] 127.0.0.1 /index.php/Public/get_school_list
INFO: [ app_begin ] --START--
INFO: ReadHtmlCache Behavior ::run [ RunTime:0.000681s ]
INFO: [ app_begin ] --END-- [ RunTime:0.000762s ]

[ 2014-07-30T16:38:24+08:00 ] 127.0.0.1 /index.php/Public/get_school_list
INFO: [ app_begin ] --START--
INFO: ReadHtmlCache Behavior ::run [ RunTime:0.000915s ]
INFO: [ app_begin ] --END-- [ RunTime:0.001004s ]

[ 2014-07-30T16:38:26+08:00 ] 127.0.0.1 /index.php/Public/get_school_list
INFO: [ app_begin ] --START--
INFO: ReadHtmlCache Behavior ::run [ RunTime:0.000759s ]
INFO: [ app_begin ] --END-- [ RunTime:0.000846s ]

[ 2014-07-30T16:38:26+08:00 ] 127.0.0.1 /index.php/Public/get_school_list
INFO: [ app_begin ] --START--
INFO: ReadHtmlCache Behavior ::run [ RunTime:0.000677s ]
INFO: [ app_begin ] --END-- [ RunTime:0.000750s ]

[ 2014-07-30T16:38:26+08:00 ] 127.0.0.1 /index.php/Public/get_school_list
INFO: [ app_begin ] --START--
INFO: ReadHtmlCache Behavior ::run [ RunTime:0.000802s ]
INFO: [ app_begin ] --END-- [ RunTime:0.000897s ]

[ 2014-07-30T16:38:28+08:00 ] 127.0.0.1 /index.php/Public/get_discipline_list
INFO: [ app_begin ] --START--
INFO: ReadHtmlCache Behavior ::run [ RunTime:0.000979s ]
INFO: [ app_begin ] --END-- [ RunTime:0.001062s ]

[ 2014-07-30T16:38:28+08:00 ] 127.0.0.1 /index.php/Public/get_discipline_list
INFO: [ app_begin ] --START--
INFO: ReadHtmlCache Behavior ::run [ RunTime:0.000942s ]
INFO: [ app_begin ] --END-- [ RunTime:0.001030s ]

[ 2014-07-30T16:38:28+08:00 ] 127.0.0.1 /index.php/Public/get_discipline_list
INFO: [ app_begin ] --START--
INFO: ReadHtmlCache Behavior ::run [ RunTime:0.000679s ]
INFO: [ app_begin ] --END-- [ RunTime:0.000776s ]

[ 2014-07-30T16:38:28+08:00 ] 127.0.0.1 /index.php/Public/get_discipline_list
INFO: [ app_begin ] --START--
INFO: ReadHtmlCache Behavior ::run [ RunTime:0.000769s ]
INFO: [ app_begin ] --END-- [ RunTime:0.000858s ]

[ 2014-07-30T16:38:31+08:00 ] 127.0.0.1 /index.php/Public/get_discipline_list
INFO: [ app_begin ] --START--
INFO: ReadHtmlCache Behavior ::run [ RunTime:0.001032s ]
INFO: [ app_begin ] --END-- [ RunTime:0.001156s ]

[ 2014-07-30T16:38:31+08:00 ] 127.0.0.1 /index.php/Public/get_discipline_list
INFO: [ app_begin ] --START--
INFO: ReadHtmlCache Behavior ::run [ RunTime:0.000650s ]
INFO: [ app_begin ] --END-- [ RunTime:0.000727s ]

[ 2014-07-30T16:38:31+08:00 ] 127.0.0.1 /index.php/Public/get_discipline_list
INFO: [ app_begin ] --START--
INFO: ReadHtmlCache Behavior ::run [ RunTime:0.000727s ]
INFO: [ app_begin ] --END-- [ RunTime:0.000813s ]

[ 2014-07-30T16:38:33+08:00 ] 127.0.0.1 /index.php/Public/get_discipline_list
INFO: [ app_begin ] --START--
INFO: ReadHtmlCache Behavior ::run [ RunTime:0.001055s ]
INFO: [ app_begin ] --END-- [ RunTime:0.001175s ]

[ 2014-07-30T16:38:38+08:00 ] 127.0.0.1 /index.php/Public/get_school_list
INFO: [ app_begin ] --START--
INFO: ReadHtmlCache Behavior ::run [ RunTime:0.000860s ]
INFO: [ app_begin ] --END-- [ RunTime:0.000957s ]

[ 2014-07-30T16:38:38+08:00 ] 127.0.0.1 /index.php/Public/get_school_list
INFO: [ app_begin ] --START--
INFO: ReadHtmlCache Behavior ::run [ RunTime:0.000934s ]
INFO: [ app_begin ] --END-- [ RunTime:0.001027s ]

[ 2014-07-30T16:44:45+08:00 ] 127.0.0.1 /index.php/Index/main
INFO: [ app_begin ] --START--
INFO: ReadHtmlCache Behavior ::run [ RunTime:0.000781s ]
INFO: [ app_begin ] --END-- [ RunTime:0.000863s ]
INFO: [ view_parse ] --START--
NOTIC: [8] Undefined index: uid C:\WWW\HOME\Runtime\Cache\21bce5cfed4107e7c5ace27094659b45.php 第 36 行.
NOTIC: [8] A session had already been started - ignoring session_start() C:\WWW\HOME\Runtime\Cache\21bce5cfed4107e7c5ace27094659b45.php 第 39 行.
INFO: ParseTemplate Behavior ::run [ RunTime:0.036206s ]
INFO: [ view_parse ] --END-- [ RunTime:0.036291s ]
INFO: [ view_filter ] --START--
INFO: ContentReplace Behavior ::run [ RunTime:0.000810s ]
INFO: TokenBuild Behavior ::run [ RunTime:0.000905s ]
INFO: WriteHtmlCache Behavior ::run [ RunTime:0.000757s ]
INFO: ShowRuntime Behavior ::run [ RunTime:0.001326s ]
INFO: [ view_filter ] --END-- [ RunTime:0.004333s ]
INFO: [ view_end ] --START--
INFO: ShowPageTrace Behavior ::run [ RunTime:0.001292s ]
INFO: [ view_end ] --END-- [ RunTime:0.001431s ]

[ 2014-07-30T16:44:45+08:00 ] 127.0.0.1 /index.php/Login/user_register
INFO: [ app_begin ] --START--
INFO: ReadHtmlCache Behavior ::run [ RunTime:0.000790s ]
INFO: [ app_begin ] --END-- [ RunTime:0.001001s ]

[ 2014-07-30T16:45:24+08:00 ] 127.0.0.1 /index.php/Login/user_register
INFO: [ app_begin ] --START--
INFO: ReadHtmlCache Behavior ::run [ RunTime:0.001236s ]
INFO: [ app_begin ] --END-- [ RunTime:0.001375s ]

[ 2014-07-30T16:45:24+08:00 ] 127.0.0.1 /index.php/Index/main
INFO: [ app_begin ] --START--
INFO: ReadHtmlCache Behavior ::run [ RunTime:0.000774s ]
INFO: [ app_begin ] --END-- [ RunTime:0.000863s ]
INFO: [ view_parse ] --START--
NOTIC: [8] Undefined index: uid C:\WWW\HOME\Runtime\Cache\21bce5cfed4107e7c5ace27094659b45.php 第 36 行.
NOTIC: [8] A session had already been started - ignoring session_start() C:\WWW\HOME\Runtime\Cache\21bce5cfed4107e7c5ace27094659b45.php 第 39 行.
INFO: ParseTemplate Behavior ::run [ RunTime:0.081384s ]
INFO: [ view_parse ] --END-- [ RunTime:0.081465s ]
INFO: [ view_filter ] --START--
INFO: ContentReplace Behavior ::run [ RunTime:0.000790s ]
INFO: TokenBuild Behavior ::run [ RunTime:0.000653s ]
INFO: WriteHtmlCache Behavior ::run [ RunTime:0.000541s ]
INFO: ShowRuntime Behavior ::run [ RunTime:0.000678s ]
INFO: [ view_filter ] --END-- [ RunTime:0.002947s ]
INFO: [ view_end ] --START--
INFO: ShowPageTrace Behavior ::run [ RunTime:0.000930s ]
INFO: [ view_end ] --END-- [ RunTime:0.001037s ]

[ 2014-07-30T20:23:29+08:00 ] 127.0.0.1 /index.php/Login/user_register
INFO: [ app_begin ] --START--
INFO: ReadHtmlCache Behavior ::run [ RunTime:0.000736s ]
INFO: [ app_begin ] --END-- [ RunTime:0.000832s ]

[ 2014-07-30T20:23:29+08:00 ] 127.0.0.1 /index.php/Index/main
INFO: [ app_begin ] --START--
INFO: ReadHtmlCache Behavior ::run [ RunTime:0.000734s ]
INFO: [ app_begin ] --END-- [ RunTime:0.000816s ]
INFO: [ view_parse ] --START--
NOTIC: [8] Undefined index: uid C:\WWW\HOME\Runtime\Cache\21bce5cfed4107e7c5ace27094659b45.php 第 36 行.
NOTIC: [8] A session had already been started - ignoring session_start() C:\WWW\HOME\Runtime\Cache\21bce5cfed4107e7c5ace27094659b45.php 第 39 行.
INFO: ParseTemplate Behavior ::run [ RunTime:0.155882s ]
INFO: [ view_parse ] --END-- [ RunTime:0.155977s ]
INFO: [ view_filter ] --START--
INFO: ContentReplace Behavior ::run [ RunTime:0.000774s ]
INFO: TokenBuild Behavior ::run [ RunTime:0.000688s ]
INFO: WriteHtmlCache Behavior ::run [ RunTime:0.000490s ]
INFO: ShowRuntime Behavior ::run [ RunTime:0.000713s ]
INFO: [ view_filter ] --END-- [ RunTime:0.002928s ]
INFO: [ view_end ] --START--
INFO: ShowPageTrace Behavior ::run [ RunTime:0.001237s ]
INFO: [ view_end ] --END-- [ RunTime:0.001352s ]

