[ 2014-07-28T11:32:05+08:00 ] 127.0.0.1 /ipaikt/index.php/Index/main
INFO: [ app_begin ] --START--
INFO: ReadHtmlCache Behavior ::run [ RunTime:0.000730s ]
INFO: [ app_begin ] --END-- [ RunTime:0.000812s ]
INFO: [ view_parse ] --START--
NOTIC: [8] Undefined index: uid C:\WWW\ipaikt\HOME\Runtime\Cache\21bce5cfed4107e7c5ace27094659b45.php 第 40 行.
NOTIC: [8] A session had already been started - ignoring session_start() C:\WWW\ipaikt\HOME\Runtime\Cache\21bce5cfed4107e7c5ace27094659b45.php 第 43 行.
INFO: ParseTemplate Behavior ::run [ RunTime:0.182899s ]
INFO: [ view_parse ] --END-- [ RunTime:0.183018s ]
INFO: [ view_filter ] --START--
INFO: ContentReplace Behavior ::run [ RunTime:0.001110s ]
INFO: TokenBuild Behavior ::run [ RunTime:0.001165s ]
INFO: WriteHtmlCache Behavior ::run [ RunTime:0.000700s ]
INFO: ShowRuntime Behavior ::run [ RunTime:0.001193s ]
INFO: [ view_filter ] --END-- [ RunTime:0.005286s ]
INFO: [ view_end ] --START--
INFO: ShowPageTrace Behavior ::run [ RunTime:0.000954s ]
INFO: [ view_end ] --END-- [ RunTime:0.001057s ]

[ 2014-07-28T11:32:17+08:00 ] 127.0.0.1 /ipaikt/index.php/Index/main
INFO: [ app_begin ] --START--
INFO: ReadHtmlCache Behavior ::run [ RunTime:0.001157s ]
INFO: [ app_begin ] --END-- [ RunTime:0.001636s ]
INFO: [ view_parse ] --START--
NOTIC: [8] Undefined index: uid C:\WWW\ipaikt\HOME\Runtime\Cache\21bce5cfed4107e7c5ace27094659b45.php 第 40 行.
NOTIC: [8] A session had already been started - ignoring session_start() C:\WWW\ipaikt\HOME\Runtime\Cache\21bce5cfed4107e7c5ace27094659b45.php 第 43 行.
INFO: ParseTemplate Behavior ::run [ RunTime:0.028269s ]
INFO: [ view_parse ] --END-- [ RunTime:0.028397s ]
INFO: [ view_filter ] --START--
INFO: ContentReplace Behavior ::run [ RunTime:0.001233s ]
INFO: TokenBuild Behavior ::run [ RunTime:0.002441s ]
INFO: WriteHtmlCache Behavior ::run [ RunTime:0.000505s ]
INFO: ShowRuntime Behavior ::run [ RunTime:0.000750s ]
INFO: [ view_filter ] --END-- [ RunTime:0.005248s ]
INFO: [ view_end ] --START--
INFO: ShowPageTrace Behavior ::run [ RunTime:0.001252s ]
INFO: [ view_end ] --END-- [ RunTime:0.001383s ]

[ 2014-07-28T11:33:05+08:00 ] 127.0.0.1 /ipaikt/index.php/Index/main
INFO: [ app_begin ] --START--
INFO: ReadHtmlCache Behavior ::run [ RunTime:0.001171s ]
INFO: [ app_begin ] --END-- [ RunTime:0.001451s ]
INFO: [ view_parse ] --START--
NOTIC: [8] Undefined index: uid C:\WWW\ipaikt\HOME\Runtime\Cache\21bce5cfed4107e7c5ace27094659b45.php 第 40 行.
NOTIC: [8] A session had already been started - ignoring session_start() C:\WWW\ipaikt\HOME\Runtime\Cache\21bce5cfed4107e7c5ace27094659b45.php 第 43 行.
INFO: ParseTemplate Behavior ::run [ RunTime:0.030925s ]
INFO: [ view_parse ] --END-- [ RunTime:0.031027s ]
INFO: [ view_filter ] --START--
INFO: ContentReplace Behavior ::run [ RunTime:0.001321s ]
INFO: TokenBuild Behavior ::run [ RunTime:0.000756s ]
INFO: WriteHtmlCache Behavior ::run [ RunTime:0.001158s ]
INFO: ShowRuntime Behavior ::run [ RunTime:0.000987s ]
INFO: [ view_filter ] --END-- [ RunTime:0.004499s ]
INFO: [ view_end ] --START--
INFO: ShowPageTrace Behavior ::run [ RunTime:0.000999s ]
INFO: [ view_end ] --END-- [ RunTime:0.001184s ]

[ 2014-07-28T11:33:24+08:00 ] 127.0.0.1 /ipaikt/index.php/Index/main
INFO: [ app_begin ] --START--
INFO: ReadHtmlCache Behavior ::run [ RunTime:0.000925s ]
INFO: [ app_begin ] --END-- [ RunTime:0.001027s ]
INFO: [ view_parse ] --START--
NOTIC: [8] Undefined index: uid C:\WWW\ipaikt\HOME\Runtime\Cache\21bce5cfed4107e7c5ace27094659b45.php 第 40 行.
NOTIC: [8] A session had already been started - ignoring session_start() C:\WWW\ipaikt\HOME\Runtime\Cache\21bce5cfed4107e7c5ace27094659b45.php 第 43 行.
INFO: ParseTemplate Behavior ::run [ RunTime:0.033669s ]
INFO: [ view_parse ] --END-- [ RunTime:0.033810s ]
INFO: [ view_filter ] --START--
INFO: ContentReplace Behavior ::run [ RunTime:0.000945s ]
INFO: TokenBuild Behavior ::run [ RunTime:0.001021s ]
INFO: WriteHtmlCache Behavior ::run [ RunTime:0.000671s ]
INFO: ShowRuntime Behavior ::run [ RunTime:0.000777s ]
INFO: [ view_filter ] --END-- [ RunTime:0.003708s ]
INFO: [ view_end ] --START--
INFO: ShowPageTrace Behavior ::run [ RunTime:0.000998s ]
INFO: [ view_end ] --END-- [ RunTime:0.001093s ]

[ 2014-07-28T13:56:52+08:00 ] 127.0.0.1 /ipaikt/index.php/Index/main
INFO: [ app_begin ] --START--
INFO: ReadHtmlCache Behavior ::run [ RunTime:0.000823s ]
INFO: [ app_begin ] --END-- [ RunTime:0.000912s ]
INFO: [ view_parse ] --START--
NOTIC: [8] Undefined index: uid C:\WWW\ipaikt\HOME\Runtime\Cache\21bce5cfed4107e7c5ace27094659b45.php 第 40 行.
NOTIC: [8] A session had already been started - ignoring session_start() C:\WWW\ipaikt\HOME\Runtime\Cache\21bce5cfed4107e7c5ace27094659b45.php 第 43 行.
INFO: ParseTemplate Behavior ::run [ RunTime:0.253353s ]
INFO: [ view_parse ] --END-- [ RunTime:0.253545s ]
INFO: [ view_filter ] --START--
INFO: ContentReplace Behavior ::run [ RunTime:0.001755s ]
INFO: TokenBuild Behavior ::run [ RunTime:0.002018s ]
INFO: WriteHtmlCache Behavior ::run [ RunTime:0.000734s ]
INFO: ShowRuntime Behavior ::run [ RunTime:0.000720s ]
INFO: [ view_filter ] --END-- [ RunTime:0.005613s ]
INFO: [ view_end ] --START--
INFO: ShowPageTrace Behavior ::run [ RunTime:0.000999s ]
INFO: [ view_end ] --END-- [ RunTime:0.001140s ]

[ 2014-07-28T13:59:26+08:00 ] 127.0.0.1 /ipaikt/index.php/Index/main
INFO: [ app_begin ] --START--
INFO: ReadHtmlCache Behavior ::run [ RunTime:0.000944s ]
INFO: [ app_begin ] --END-- [ RunTime:0.001033s ]
INFO: [ view_parse ] --START--
NOTIC: [8] Undefined index: uid C:\WWW\ipaikt\HOME\Runtime\Cache\21bce5cfed4107e7c5ace27094659b45.php 第 40 行.
NOTIC: [8] A session had already been started - ignoring session_start() C:\WWW\ipaikt\HOME\Runtime\Cache\21bce5cfed4107e7c5ace27094659b45.php 第 43 行.
INFO: ParseTemplate Behavior ::run [ RunTime:0.028400s ]
INFO: [ view_parse ] --END-- [ RunTime:0.028490s ]
INFO: [ view_filter ] --START--
INFO: ContentReplace Behavior ::run [ RunTime:0.000822s ]
INFO: TokenBuild Behavior ::run [ RunTime:0.000675s ]
INFO: WriteHtmlCache Behavior ::run [ RunTime:0.000520s ]
INFO: ShowRuntime Behavior ::run [ RunTime:0.000706s ]
INFO: [ view_filter ] --END-- [ RunTime:0.002980s ]
INFO: [ view_end ] --START--
INFO: ShowPageTrace Behavior ::run [ RunTime:0.000903s ]
INFO: [ view_end ] --END-- [ RunTime:0.001055s ]

[ 2014-07-28T14:00:42+08:00 ] 127.0.0.1 /ipaikt/index.php/Index/main
INFO: [ app_begin ] --START--
INFO: ReadHtmlCache Behavior ::run [ RunTime:0.000970s ]
INFO: [ app_begin ] --END-- [ RunTime:0.001058s ]
INFO: [ view_parse ] --START--
NOTIC: [8] Undefined index: uid C:\WWW\ipaikt\HOME\Runtime\Cache\21bce5cfed4107e7c5ace27094659b45.php 第 40 行.
NOTIC: [8] A session had already been started - ignoring session_start() C:\WWW\ipaikt\HOME\Runtime\Cache\21bce5cfed4107e7c5ace27094659b45.php 第 43 行.
INFO: ParseTemplate Behavior ::run [ RunTime:0.026348s ]
INFO: [ view_parse ] --END-- [ RunTime:0.026437s ]
INFO: [ view_filter ] --START--
INFO: ContentReplace Behavior ::run [ RunTime:0.000819s ]
INFO: TokenBuild Behavior ::run [ RunTime:0.000696s ]
INFO: WriteHtmlCache Behavior ::run [ RunTime:0.000463s ]
INFO: ShowRuntime Behavior ::run [ RunTime:0.000761s ]
INFO: [ view_filter ] --END-- [ RunTime:0.003023s ]
INFO: [ view_end ] --START--
INFO: ShowPageTrace Behavior ::run [ RunTime:0.001170s ]
INFO: [ view_end ] --END-- [ RunTime:0.001278s ]

[ 2014-07-28T14:02:06+08:00 ] 127.0.0.1 /ipaikt/index.php/Index/main
INFO: [ app_begin ] --START--
INFO: ReadHtmlCache Behavior ::run [ RunTime:0.001153s ]
INFO: [ app_begin ] --END-- [ RunTime:0.001265s ]
INFO: [ view_parse ] --START--
NOTIC: [8] Undefined index: uid C:\WWW\ipaikt\HOME\Runtime\Cache\21bce5cfed4107e7c5ace27094659b45.php 第 40 行.
NOTIC: [8] A session had already been started - ignoring session_start() C:\WWW\ipaikt\HOME\Runtime\Cache\21bce5cfed4107e7c5ace27094659b45.php 第 43 行.
INFO: ParseTemplate Behavior ::run [ RunTime:0.072118s ]
INFO: [ view_parse ] --END-- [ RunTime:0.072211s ]
INFO: [ view_filter ] --START--
INFO: ContentReplace Behavior ::run [ RunTime:0.000769s ]
INFO: TokenBuild Behavior ::run [ RunTime:0.000619s ]
INFO: WriteHtmlCache Behavior ::run [ RunTime:0.000507s ]
INFO: ShowRuntime Behavior ::run [ RunTime:0.000686s ]
INFO: [ view_filter ] --END-- [ RunTime:0.002821s ]
INFO: [ view_end ] --START--
INFO: ShowPageTrace Behavior ::run [ RunTime:0.000867s ]
INFO: [ view_end ] --END-- [ RunTime:0.000967s ]

[ 2014-07-28T14:04:47+08:00 ] 127.0.0.1 /ipaikt/index.phpLogin/user_register
INFO: [ app_begin ] --START--
INFO: ReadHtmlCache Behavior ::run [ RunTime:0.000961s ]
INFO: [ app_begin ] --END-- [ RunTime:0.001053s ]

[ 2014-07-28T14:04:47+08:00 ] 127.0.0.1 /ipaikt/index.php/Index/main
INFO: [ app_begin ] --START--
INFO: ReadHtmlCache Behavior ::run [ RunTime:0.000774s ]
INFO: [ app_begin ] --END-- [ RunTime:0.000864s ]
INFO: [ view_parse ] --START--
NOTIC: [8] Undefined index: uid C:\WWW\ipaikt\HOME\Runtime\Cache\21bce5cfed4107e7c5ace27094659b45.php 第 40 行.
NOTIC: [8] A session had already been started - ignoring session_start() C:\WWW\ipaikt\HOME\Runtime\Cache\21bce5cfed4107e7c5ace27094659b45.php 第 43 行.
INFO: ParseTemplate Behavior ::run [ RunTime:0.025893s ]
INFO: [ view_parse ] --END-- [ RunTime:0.025983s ]
INFO: [ view_filter ] --START--
INFO: ContentReplace Behavior ::run [ RunTime:0.001144s ]
INFO: TokenBuild Behavior ::run [ RunTime:0.000667s ]
INFO: WriteHtmlCache Behavior ::run [ RunTime:0.000496s ]
INFO: ShowRuntime Behavior ::run [ RunTime:0.000674s ]
INFO: [ view_filter ] --END-- [ RunTime:0.003261s ]
INFO: [ view_end ] --START--
INFO: ShowPageTrace Behavior ::run [ RunTime:0.001053s ]
INFO: [ view_end ] --END-- [ RunTime:0.001146s ]

[ 2014-07-28T14:07:37+08:00 ] 127.0.0.1 /ipaikt/index.phpLogin/user_register
INFO: [ app_begin ] --START--
INFO: ReadHtmlCache Behavior ::run [ RunTime:0.001006s ]
INFO: [ app_begin ] --END-- [ RunTime:0.001124s ]

[ 2014-07-28T14:07:37+08:00 ] 127.0.0.1 /ipaikt/index.php/Index/main
INFO: [ app_begin ] --START--
INFO: ReadHtmlCache Behavior ::run [ RunTime:0.001201s ]
INFO: [ app_begin ] --END-- [ RunTime:0.001305s ]
INFO: [ view_parse ] --START--
NOTIC: [8] Undefined index: uid C:\WWW\ipaikt\HOME\Runtime\Cache\21bce5cfed4107e7c5ace27094659b45.php 第 40 行.
NOTIC: [8] A session had already been started - ignoring session_start() C:\WWW\ipaikt\HOME\Runtime\Cache\21bce5cfed4107e7c5ace27094659b45.php 第 43 行.
INFO: ParseTemplate Behavior ::run [ RunTime:0.040179s ]
INFO: [ view_parse ] --END-- [ RunTime:0.040276s ]
INFO: [ view_filter ] --START--
INFO: ContentReplace Behavior ::run [ RunTime:0.001635s ]
INFO: TokenBuild Behavior ::run [ RunTime:0.001975s ]
INFO: WriteHtmlCache Behavior ::run [ RunTime:0.001137s ]
INFO: ShowRuntime Behavior ::run [ RunTime:0.001442s ]
INFO: [ view_filter ] --END-- [ RunTime:0.006913s ]
INFO: [ view_end ] --START--
INFO: ShowPageTrace Behavior ::run [ RunTime:0.001333s ]
INFO: [ view_end ] --END-- [ RunTime:0.001488s ]

[ 2014-07-28T14:08:17+08:00 ] 127.0.0.1 /ipaikt/index.phpLogin/user_register
INFO: [ app_begin ] --START--
INFO: ReadHtmlCache Behavior ::run [ RunTime:0.000787s ]
INFO: [ app_begin ] --END-- [ RunTime:0.000873s ]

[ 2014-07-28T14:08:17+08:00 ] 127.0.0.1 /ipaikt/index.php/Index/main
INFO: [ app_begin ] --START--
INFO: ReadHtmlCache Behavior ::run [ RunTime:0.000706s ]
INFO: [ app_begin ] --END-- [ RunTime:0.000791s ]
INFO: [ view_parse ] --START--
NOTIC: [8] Undefined index: uid C:\WWW\ipaikt\HOME\Runtime\Cache\21bce5cfed4107e7c5ace27094659b45.php 第 40 行.
NOTIC: [8] A session had already been started - ignoring session_start() C:\WWW\ipaikt\HOME\Runtime\Cache\21bce5cfed4107e7c5ace27094659b45.php 第 43 行.
INFO: ParseTemplate Behavior ::run [ RunTime:0.029551s ]
INFO: [ view_parse ] --END-- [ RunTime:0.029665s ]
INFO: [ view_filter ] --START--
INFO: ContentReplace Behavior ::run [ RunTime:0.001301s ]
INFO: TokenBuild Behavior ::run [ RunTime:0.001107s ]
INFO: WriteHtmlCache Behavior ::run [ RunTime:0.000519s ]
INFO: ShowRuntime Behavior ::run [ RunTime:0.000853s ]
INFO: [ view_filter ] --END-- [ RunTime:0.004153s ]
INFO: [ view_end ] --START--
INFO: ShowPageTrace Behavior ::run [ RunTime:0.001039s ]
INFO: [ view_end ] --END-- [ RunTime:0.001161s ]

[ 2014-07-28T14:14:03+08:00 ] 127.0.0.1 /ipaikt/index.phpLogin/user_register
INFO: [ app_begin ] --START--
INFO: ReadHtmlCache Behavior ::run [ RunTime:0.000812s ]
INFO: [ app_begin ] --END-- [ RunTime:0.000890s ]

[ 2014-07-28T14:14:03+08:00 ] 127.0.0.1 /ipaikt/index.php/Index/main
INFO: [ app_begin ] --START--
INFO: ReadHtmlCache Behavior ::run [ RunTime:0.000866s ]
INFO: [ app_begin ] --END-- [ RunTime:0.000951s ]
INFO: [ view_parse ] --START--
NOTIC: [8] Undefined index: uid C:\WWW\ipaikt\HOME\Runtime\Cache\21bce5cfed4107e7c5ace27094659b45.php 第 40 行.
NOTIC: [8] A session had already been started - ignoring session_start() C:\WWW\ipaikt\HOME\Runtime\Cache\21bce5cfed4107e7c5ace27094659b45.php 第 43 行.
INFO: ParseTemplate Behavior ::run [ RunTime:0.092197s ]
INFO: [ view_parse ] --END-- [ RunTime:0.092283s ]
INFO: [ view_filter ] --START--
INFO: ContentReplace Behavior ::run [ RunTime:0.000854s ]
INFO: TokenBuild Behavior ::run [ RunTime:0.000924s ]
INFO: WriteHtmlCache Behavior ::run [ RunTime:0.000549s ]
INFO: ShowRuntime Behavior ::run [ RunTime:0.000874s ]
INFO: [ view_filter ] --END-- [ RunTime:0.003518s ]
INFO: [ view_end ] --START--
INFO: ShowPageTrace Behavior ::run [ RunTime:0.001181s ]
INFO: [ view_end ] --END-- [ RunTime:0.001295s ]

[ 2014-07-28T14:16:23+08:00 ] 127.0.0.1 /ipaikt/index.phpLogin/user_register
INFO: [ app_begin ] --START--
INFO: ReadHtmlCache Behavior ::run [ RunTime:0.000864s ]
INFO: [ app_begin ] --END-- [ RunTime:0.000969s ]

[ 2014-07-28T14:16:23+08:00 ] 127.0.0.1 /ipaikt/index.php/Index/main
INFO: [ app_begin ] --START--
INFO: ReadHtmlCache Behavior ::run [ RunTime:0.000865s ]
INFO: [ app_begin ] --END-- [ RunTime:0.000955s ]
INFO: [ view_parse ] --START--
NOTIC: [8] Undefined index: uid C:\WWW\ipaikt\HOME\Runtime\Cache\21bce5cfed4107e7c5ace27094659b45.php 第 40 行.
NOTIC: [8] A session had already been started - ignoring session_start() C:\WWW\ipaikt\HOME\Runtime\Cache\21bce5cfed4107e7c5ace27094659b45.php 第 43 行.
INFO: ParseTemplate Behavior ::run [ RunTime:0.033233s ]
INFO: [ view_parse ] --END-- [ RunTime:0.033382s ]
INFO: [ view_filter ] --START--
INFO: ContentReplace Behavior ::run [ RunTime:0.000815s ]
INFO: TokenBuild Behavior ::run [ RunTime:0.000677s ]
INFO: WriteHtmlCache Behavior ::run [ RunTime:0.000707s ]
INFO: ShowRuntime Behavior ::run [ RunTime:0.000732s ]
INFO: [ view_filter ] --END-- [ RunTime:0.003200s ]
INFO: [ view_end ] --START--
INFO: ShowPageTrace Behavior ::run [ RunTime:0.000905s ]
INFO: [ view_end ] --END-- [ RunTime:0.000995s ]

[ 2014-07-28T14:17:10+08:00 ] 127.0.0.1 /ipaikt/index.phpLogin/user_register
INFO: [ app_begin ] --START--
INFO: ReadHtmlCache Behavior ::run [ RunTime:0.000733s ]
INFO: [ app_begin ] --END-- [ RunTime:0.000819s ]

[ 2014-07-28T14:17:10+08:00 ] 127.0.0.1 /ipaikt/index.php/Index/main
INFO: [ app_begin ] --START--
INFO: ReadHtmlCache Behavior ::run [ RunTime:0.000888s ]
INFO: [ app_begin ] --END-- [ RunTime:0.000976s ]
INFO: [ view_parse ] --START--
NOTIC: [8] Undefined index: uid C:\WWW\ipaikt\HOME\Runtime\Cache\21bce5cfed4107e7c5ace27094659b45.php 第 40 行.
NOTIC: [8] A session had already been started - ignoring session_start() C:\WWW\ipaikt\HOME\Runtime\Cache\21bce5cfed4107e7c5ace27094659b45.php 第 43 行.
INFO: ParseTemplate Behavior ::run [ RunTime:0.033785s ]
INFO: [ view_parse ] --END-- [ RunTime:0.033895s ]
INFO: [ view_filter ] --START--
INFO: ContentReplace Behavior ::run [ RunTime:0.001165s ]
INFO: TokenBuild Behavior ::run [ RunTime:0.001493s ]
INFO: WriteHtmlCache Behavior ::run [ RunTime:0.002259s ]
INFO: ShowRuntime Behavior ::run [ RunTime:0.001303s ]
INFO: [ view_filter ] --END-- [ RunTime:0.006581s ]
INFO: [ view_end ] --START--
INFO: ShowPageTrace Behavior ::run [ RunTime:0.002317s ]
INFO: [ view_end ] --END-- [ RunTime:0.002551s ]

[ 2014-07-28T14:19:09+08:00 ] 127.0.0.1 /ipaikt/index.php/Index/main
INFO: [ app_begin ] --START--
INFO: ReadHtmlCache Behavior ::run [ RunTime:0.000915s ]
INFO: [ app_begin ] --END-- [ RunTime:0.001011s ]
INFO: [ view_parse ] --START--
NOTIC: [8] Undefined index: uid C:\WWW\ipaikt\HOME\Runtime\Cache\21bce5cfed4107e7c5ace27094659b45.php 第 40 行.
NOTIC: [8] A session had already been started - ignoring session_start() C:\WWW\ipaikt\HOME\Runtime\Cache\21bce5cfed4107e7c5ace27094659b45.php 第 43 行.
INFO: ParseTemplate Behavior ::run [ RunTime:0.027676s ]
INFO: [ view_parse ] --END-- [ RunTime:0.027765s ]
INFO: [ view_filter ] --START--
INFO: ContentReplace Behavior ::run [ RunTime:0.001187s ]
INFO: TokenBuild Behavior ::run [ RunTime:0.000712s ]
INFO: WriteHtmlCache Behavior ::run [ RunTime:0.000711s ]
INFO: ShowRuntime Behavior ::run [ RunTime:0.000709s ]
INFO: [ view_filter ] --END-- [ RunTime:0.003640s ]
INFO: [ view_end ] --START--
INFO: ShowPageTrace Behavior ::run [ RunTime:0.000865s ]
INFO: [ view_end ] --END-- [ RunTime:0.000952s ]

[ 2014-07-28T14:39:10+08:00 ] 127.0.0.1 /ipaikt/index.php/Index/main
INFO: [ app_begin ] --START--
INFO: ReadHtmlCache Behavior ::run [ RunTime:0.000732s ]
INFO: [ app_begin ] --END-- [ RunTime:0.000806s ]
INFO: [ view_parse ] --START--
NOTIC: [8] Undefined index: uid C:\WWW\ipaikt\HOME\Runtime\Cache\21bce5cfed4107e7c5ace27094659b45.php 第 40 行.
NOTIC: [8] A session had already been started - ignoring session_start() C:\WWW\ipaikt\HOME\Runtime\Cache\21bce5cfed4107e7c5ace27094659b45.php 第 43 行.
INFO: ParseTemplate Behavior ::run [ RunTime:1.317631s ]
INFO: [ view_parse ] --END-- [ RunTime:1.317709s ]
INFO: [ view_filter ] --START--
INFO: ContentReplace Behavior ::run [ RunTime:0.000855s ]
INFO: TokenBuild Behavior ::run [ RunTime:0.000573s ]
INFO: WriteHtmlCache Behavior ::run [ RunTime:0.000456s ]
INFO: ShowRuntime Behavior ::run [ RunTime:0.000635s ]
INFO: [ view_filter ] --END-- [ RunTime:0.002757s ]
INFO: [ view_end ] --START--
INFO: ShowPageTrace Behavior ::run [ RunTime:0.000852s ]
INFO: [ view_end ] --END-- [ RunTime:0.000944s ]

[ 2014-07-28T14:45:39+08:00 ] 127.0.0.1 /ipaikt/index.php/Index/main
INFO: [ app_begin ] --START--
INFO: ReadHtmlCache Behavior ::run [ RunTime:0.000790s ]
INFO: [ app_begin ] --END-- [ RunTime:0.000877s ]
INFO: [ view_parse ] --START--
NOTIC: [8] Undefined index: uid C:\WWW\ipaikt\HOME\Runtime\Cache\21bce5cfed4107e7c5ace27094659b45.php 第 40 行.
NOTIC: [8] A session had already been started - ignoring session_start() C:\WWW\ipaikt\HOME\Runtime\Cache\21bce5cfed4107e7c5ace27094659b45.php 第 43 行.
INFO: ParseTemplate Behavior ::run [ RunTime:0.062073s ]
INFO: [ view_parse ] --END-- [ RunTime:0.062156s ]
INFO: [ view_filter ] --START--
INFO: ContentReplace Behavior ::run [ RunTime:0.002177s ]
INFO: TokenBuild Behavior ::run [ RunTime:0.001197s ]
INFO: WriteHtmlCache Behavior ::run [ RunTime:0.000631s ]
INFO: ShowRuntime Behavior ::run [ RunTime:0.000882s ]
INFO: [ view_filter ] --END-- [ RunTime:0.005227s ]
INFO: [ view_end ] --START--
INFO: ShowPageTrace Behavior ::run [ RunTime:0.001134s ]
INFO: [ view_end ] --END-- [ RunTime:0.001270s ]

[ 2014-07-28T14:49:08+08:00 ] 127.0.0.1 /ipaikt/index.php/Index/main
INFO: [ app_begin ] --START--
INFO: ReadHtmlCache Behavior ::run [ RunTime:0.001123s ]
INFO: [ app_begin ] --END-- [ RunTime:0.001262s ]
INFO: [ view_parse ] --START--
NOTIC: [8] Undefined index: uid C:\WWW\ipaikt\HOME\Runtime\Cache\21bce5cfed4107e7c5ace27094659b45.php 第 40 行.
NOTIC: [8] A session had already been started - ignoring session_start() C:\WWW\ipaikt\HOME\Runtime\Cache\21bce5cfed4107e7c5ace27094659b45.php 第 43 行.
INFO: ParseTemplate Behavior ::run [ RunTime:0.041059s ]
INFO: [ view_parse ] --END-- [ RunTime:0.041147s ]
INFO: [ view_filter ] --START--
INFO: ContentReplace Behavior ::run [ RunTime:0.001310s ]
INFO: TokenBuild Behavior ::run [ RunTime:0.001603s ]
INFO: WriteHtmlCache Behavior ::run [ RunTime:0.000534s ]
INFO: ShowRuntime Behavior ::run [ RunTime:0.000679s ]
INFO: [ view_filter ] --END-- [ RunTime:0.004519s ]
INFO: [ view_end ] --START--
INFO: ShowPageTrace Behavior ::run [ RunTime:0.001178s ]
INFO: [ view_end ] --END-- [ RunTime:0.001301s ]

[ 2014-07-28T14:54:31+08:00 ] 127.0.0.1 /ipaikt/index.php/Index/main
INFO: [ app_begin ] --START--
INFO: ReadHtmlCache Behavior ::run [ RunTime:0.000793s ]
INFO: [ app_begin ] --END-- [ RunTime:0.000878s ]
INFO: [ view_parse ] --START--
NOTIC: [8] Undefined index: uid C:\WWW\ipaikt\HOME\Runtime\Cache\21bce5cfed4107e7c5ace27094659b45.php 第 40 行.
NOTIC: [8] A session had already been started - ignoring session_start() C:\WWW\ipaikt\HOME\Runtime\Cache\21bce5cfed4107e7c5ace27094659b45.php 第 43 行.
INFO: ParseTemplate Behavior ::run [ RunTime:0.032742s ]
INFO: [ view_parse ] --END-- [ RunTime:0.032825s ]
INFO: [ view_filter ] --START--
INFO: ContentReplace Behavior ::run [ RunTime:0.000882s ]
INFO: TokenBuild Behavior ::run [ RunTime:0.003365s ]
INFO: WriteHtmlCache Behavior ::run [ RunTime:0.000636s ]
INFO: ShowRuntime Behavior ::run [ RunTime:0.001126s ]
INFO: [ view_filter ] --END-- [ RunTime:0.006281s ]
INFO: [ view_end ] --START--
INFO: ShowPageTrace Behavior ::run [ RunTime:0.001739s ]
INFO: [ view_end ] --END-- [ RunTime:0.001830s ]

[ 2014-07-28T15:01:05+08:00 ] 127.0.0.1 /ipaikt/index.php/Index/main
INFO: [ app_begin ] --START--
INFO: ReadHtmlCache Behavior ::run [ RunTime:0.001021s ]
INFO: [ app_begin ] --END-- [ RunTime:0.001120s ]
INFO: [ view_parse ] --START--
NOTIC: [8] Undefined index: uid C:\WWW\ipaikt\HOME\Runtime\Cache\21bce5cfed4107e7c5ace27094659b45.php 第 40 行.
NOTIC: [8] A session had already been started - ignoring session_start() C:\WWW\ipaikt\HOME\Runtime\Cache\21bce5cfed4107e7c5ace27094659b45.php 第 43 行.
INFO: ParseTemplate Behavior ::run [ RunTime:0.326410s ]
INFO: [ view_parse ] --END-- [ RunTime:0.326557s ]
INFO: [ view_filter ] --START--
INFO: ContentReplace Behavior ::run [ RunTime:0.000875s ]
INFO: TokenBuild Behavior ::run [ RunTime:0.001083s ]
INFO: WriteHtmlCache Behavior ::run [ RunTime:0.000737s ]
INFO: ShowRuntime Behavior ::run [ RunTime:0.000837s ]
INFO: [ view_filter ] --END-- [ RunTime:0.003895s ]
INFO: [ view_end ] --START--
INFO: ShowPageTrace Behavior ::run [ RunTime:0.001127s ]
INFO: [ view_end ] --END-- [ RunTime:0.001224s ]

[ 2014-07-28T15:10:33+08:00 ] 127.0.0.1 /ipaikt/index.php/Index/main
INFO: [ app_begin ] --START--
INFO: ReadHtmlCache Behavior ::run [ RunTime:0.000766s ]
INFO: [ app_begin ] --END-- [ RunTime:0.000850s ]
INFO: [ view_parse ] --START--
NOTIC: [8] Undefined index: uid C:\WWW\ipaikt\HOME\Runtime\Cache\21bce5cfed4107e7c5ace27094659b45.php 第 40 行.
NOTIC: [8] A session had already been started - ignoring session_start() C:\WWW\ipaikt\HOME\Runtime\Cache\21bce5cfed4107e7c5ace27094659b45.php 第 43 行.
INFO: ParseTemplate Behavior ::run [ RunTime:0.086703s ]
INFO: [ view_parse ] --END-- [ RunTime:0.086835s ]
INFO: [ view_filter ] --START--
INFO: ContentReplace Behavior ::run [ RunTime:0.001688s ]
INFO: TokenBuild Behavior ::run [ RunTime:0.000786s ]
INFO: WriteHtmlCache Behavior ::run [ RunTime:0.001855s ]
INFO: ShowRuntime Behavior ::run [ RunTime:0.001523s ]
INFO: [ view_filter ] --END-- [ RunTime:0.006187s ]
INFO: [ view_end ] --START--
INFO: ShowPageTrace Behavior ::run [ RunTime:0.001756s ]
INFO: [ view_end ] --END-- [ RunTime:0.001945s ]

[ 2014-07-28T15:11:22+08:00 ] 127.0.0.1 /ipaikt/index.php/Index/main
INFO: [ app_begin ] --START--
INFO: ReadHtmlCache Behavior ::run [ RunTime:0.000766s ]
INFO: [ app_begin ] --END-- [ RunTime:0.000846s ]
INFO: [ view_parse ] --START--
NOTIC: [8] Undefined index: uid C:\WWW\ipaikt\HOME\Runtime\Cache\21bce5cfed4107e7c5ace27094659b45.php 第 40 行.
NOTIC: [8] A session had already been started - ignoring session_start() C:\WWW\ipaikt\HOME\Runtime\Cache\21bce5cfed4107e7c5ace27094659b45.php 第 43 行.
INFO: ParseTemplate Behavior ::run [ RunTime:0.082092s ]
INFO: [ view_parse ] --END-- [ RunTime:0.082174s ]
INFO: [ view_filter ] --START--
INFO: ContentReplace Behavior ::run [ RunTime:0.001336s ]
INFO: TokenBuild Behavior ::run [ RunTime:0.000887s ]
INFO: WriteHtmlCache Behavior ::run [ RunTime:0.000567s ]
INFO: ShowRuntime Behavior ::run [ RunTime:0.000621s ]
INFO: [ view_filter ] --END-- [ RunTime:0.003652s ]
INFO: [ view_end ] --START--
INFO: ShowPageTrace Behavior ::run [ RunTime:0.001154s ]
INFO: [ view_end ] --END-- [ RunTime:0.001243s ]

[ 2014-07-28T15:12:26+08:00 ] 127.0.0.1 /ipaikt/index.php/Index/main
INFO: [ app_begin ] --START--
INFO: ReadHtmlCache Behavior ::run [ RunTime:0.001122s ]
INFO: [ app_begin ] --END-- [ RunTime:0.001248s ]
INFO: [ view_parse ] --START--
NOTIC: [8] Undefined index: uid C:\WWW\ipaikt\HOME\Runtime\Cache\21bce5cfed4107e7c5ace27094659b45.php 第 40 行.
NOTIC: [8] A session had already been started - ignoring session_start() C:\WWW\ipaikt\HOME\Runtime\Cache\21bce5cfed4107e7c5ace27094659b45.php 第 43 行.
INFO: ParseTemplate Behavior ::run [ RunTime:0.026080s ]
INFO: [ view_parse ] --END-- [ RunTime:0.026163s ]
INFO: [ view_filter ] --START--
INFO: ContentReplace Behavior ::run [ RunTime:0.001059s ]
INFO: TokenBuild Behavior ::run [ RunTime:0.000717s ]
INFO: WriteHtmlCache Behavior ::run [ RunTime:0.000656s ]
INFO: ShowRuntime Behavior ::run [ RunTime:0.001224s ]
INFO: [ view_filter ] --END-- [ RunTime:0.003997s ]
INFO: [ view_end ] --START--
INFO: ShowPageTrace Behavior ::run [ RunTime:0.001372s ]
INFO: [ view_end ] --END-- [ RunTime:0.001466s ]

[ 2014-07-28T15:17:13+08:00 ] 127.0.0.1 /ipaikt/index.php/Index/main
INFO: [ app_begin ] --START--
INFO: ReadHtmlCache Behavior ::run [ RunTime:0.000732s ]
INFO: [ app_begin ] --END-- [ RunTime:0.000809s ]
INFO: [ view_parse ] --START--
NOTIC: [8] Undefined index: uid C:\WWW\ipaikt\HOME\Runtime\Cache\21bce5cfed4107e7c5ace27094659b45.php 第 40 行.
NOTIC: [8] A session had already been started - ignoring session_start() C:\WWW\ipaikt\HOME\Runtime\Cache\21bce5cfed4107e7c5ace27094659b45.php 第 43 行.
INFO: ParseTemplate Behavior ::run [ RunTime:0.026007s ]
INFO: [ view_parse ] --END-- [ RunTime:0.026090s ]
INFO: [ view_filter ] --START--
INFO: ContentReplace Behavior ::run [ RunTime:0.001029s ]
INFO: TokenBuild Behavior ::run [ RunTime:0.000616s ]
INFO: WriteHtmlCache Behavior ::run [ RunTime:0.000637s ]
INFO: ShowRuntime Behavior ::run [ RunTime:0.000631s ]
INFO: [ view_filter ] --END-- [ RunTime:0.003161s ]
INFO: [ view_end ] --START--
INFO: ShowPageTrace Behavior ::run [ RunTime:0.000928s ]
INFO: [ view_end ] --END-- [ RunTime:0.001025s ]

[ 2014-07-28T15:17:43+08:00 ] 127.0.0.1 /ipaikt/index.php/Index/main
INFO: [ app_begin ] --START--
INFO: ReadHtmlCache Behavior ::run [ RunTime:0.000730s ]
INFO: [ app_begin ] --END-- [ RunTime:0.000809s ]
INFO: [ view_parse ] --START--
NOTIC: [8] Undefined index: uid C:\WWW\ipaikt\HOME\Runtime\Cache\21bce5cfed4107e7c5ace27094659b45.php 第 40 行.
NOTIC: [8] A session had already been started - ignoring session_start() C:\WWW\ipaikt\HOME\Runtime\Cache\21bce5cfed4107e7c5ace27094659b45.php 第 43 行.
INFO: ParseTemplate Behavior ::run [ RunTime:0.026863s ]
INFO: [ view_parse ] --END-- [ RunTime:0.026960s ]
INFO: [ view_filter ] --START--
INFO: ContentReplace Behavior ::run [ RunTime:0.001027s ]
INFO: TokenBuild Behavior ::run [ RunTime:0.000724s ]
INFO: WriteHtmlCache Behavior ::run [ RunTime:0.000625s ]
INFO: ShowRuntime Behavior ::run [ RunTime:0.000786s ]
INFO: [ view_filter ] --END-- [ RunTime:0.003443s ]
INFO: [ view_end ] --START--
INFO: ShowPageTrace Behavior ::run [ RunTime:0.000893s ]
INFO: [ view_end ] --END-- [ RunTime:0.000983s ]

[ 2014-07-28T15:19:05+08:00 ] 127.0.0.1 /ipaikt/index.php/Index/main
INFO: [ app_begin ] --START--
INFO: ReadHtmlCache Behavior ::run [ RunTime:0.000996s ]
INFO: [ app_begin ] --END-- [ RunTime:0.001090s ]
INFO: [ view_parse ] --START--
NOTIC: [8] Undefined index: uid C:\WWW\ipaikt\HOME\Runtime\Cache\21bce5cfed4107e7c5ace27094659b45.php 第 40 行.
NOTIC: [8] A session had already been started - ignoring session_start() C:\WWW\ipaikt\HOME\Runtime\Cache\21bce5cfed4107e7c5ace27094659b45.php 第 43 行.
INFO: ParseTemplate Behavior ::run [ RunTime:0.027419s ]
INFO: [ view_parse ] --END-- [ RunTime:0.027519s ]
INFO: [ view_filter ] --START--
INFO: ContentReplace Behavior ::run [ RunTime:0.000871s ]
INFO: TokenBuild Behavior ::run [ RunTime:0.000854s ]
INFO: WriteHtmlCache Behavior ::run [ RunTime:0.000537s ]
INFO: ShowRuntime Behavior ::run [ RunTime:0.000701s ]
INFO: [ view_filter ] --END-- [ RunTime:0.003216s ]
INFO: [ view_end ] --START--
INFO: ShowPageTrace Behavior ::run [ RunTime:0.000901s ]
INFO: [ view_end ] --END-- [ RunTime:0.001018s ]

[ 2014-07-28T15:19:47+08:00 ] 127.0.0.1 /ipaikt/index.php/Index/main
INFO: [ app_begin ] --START--
INFO: ReadHtmlCache Behavior ::run [ RunTime:0.001277s ]
INFO: [ app_begin ] --END-- [ RunTime:0.001399s ]
INFO: [ view_parse ] --START--
NOTIC: [8] Undefined index: uid C:\WWW\ipaikt\HOME\Runtime\Cache\21bce5cfed4107e7c5ace27094659b45.php 第 40 行.
NOTIC: [8] A session had already been started - ignoring session_start() C:\WWW\ipaikt\HOME\Runtime\Cache\21bce5cfed4107e7c5ace27094659b45.php 第 43 行.
INFO: ParseTemplate Behavior ::run [ RunTime:0.103140s ]
INFO: [ view_parse ] --END-- [ RunTime:0.103221s ]
INFO: [ view_filter ] --START--
INFO: ContentReplace Behavior ::run [ RunTime:0.001132s ]
INFO: TokenBuild Behavior ::run [ RunTime:0.000616s ]
INFO: WriteHtmlCache Behavior ::run [ RunTime:0.000535s ]
INFO: ShowRuntime Behavior ::run [ RunTime:0.000693s ]
INFO: [ view_filter ] --END-- [ RunTime:0.003316s ]
INFO: [ view_end ] --START--
INFO: ShowPageTrace Behavior ::run [ RunTime:0.000854s ]
INFO: [ view_end ] --END-- [ RunTime:0.000943s ]

[ 2014-07-28T15:20:32+08:00 ] 127.0.0.1 /ipaikt/index.php/Index/main
INFO: [ app_begin ] --START--
INFO: ReadHtmlCache Behavior ::run [ RunTime:0.000714s ]
INFO: [ app_begin ] --END-- [ RunTime:0.000980s ]
INFO: [ view_parse ] --START--
NOTIC: [8] Undefined index: uid C:\WWW\ipaikt\HOME\Runtime\Cache\21bce5cfed4107e7c5ace27094659b45.php 第 40 行.
NOTIC: [8] A session had already been started - ignoring session_start() C:\WWW\ipaikt\HOME\Runtime\Cache\21bce5cfed4107e7c5ace27094659b45.php 第 43 行.
INFO: ParseTemplate Behavior ::run [ RunTime:0.025715s ]
INFO: [ view_parse ] --END-- [ RunTime:0.025806s ]
INFO: [ view_filter ] --START--
INFO: ContentReplace Behavior ::run [ RunTime:0.000940s ]
INFO: TokenBuild Behavior ::run [ RunTime:0.000668s ]
INFO: WriteHtmlCache Behavior ::run [ RunTime:0.000527s ]
INFO: ShowRuntime Behavior ::run [ RunTime:0.000692s ]
INFO: [ view_filter ] --END-- [ RunTime:0.003123s ]
INFO: [ view_end ] --START--
INFO: ShowPageTrace Behavior ::run [ RunTime:0.000924s ]
INFO: [ view_end ] --END-- [ RunTime:0.001050s ]

[ 2014-07-28T15:27:49+08:00 ] 127.0.0.1 /ipaikt/index.php/Index/main
INFO: [ app_begin ] --START--
INFO: ReadHtmlCache Behavior ::run [ RunTime:0.000818s ]
INFO: [ app_begin ] --END-- [ RunTime:0.000927s ]
INFO: [ view_parse ] --START--
NOTIC: [8] Undefined index: uid C:\WWW\ipaikt\HOME\Runtime\Cache\21bce5cfed4107e7c5ace27094659b45.php 第 40 行.
NOTIC: [8] A session had already been started - ignoring session_start() C:\WWW\ipaikt\HOME\Runtime\Cache\21bce5cfed4107e7c5ace27094659b45.php 第 43 行.
INFO: ParseTemplate Behavior ::run [ RunTime:0.026961s ]
INFO: [ view_parse ] --END-- [ RunTime:0.027038s ]
INFO: [ view_filter ] --START--
INFO: ContentReplace Behavior ::run [ RunTime:0.001077s ]
INFO: TokenBuild Behavior ::run [ RunTime:0.000667s ]
INFO: WriteHtmlCache Behavior ::run [ RunTime:0.000517s ]
INFO: ShowRuntime Behavior ::run [ RunTime:0.000636s ]
INFO: [ view_filter ] --END-- [ RunTime:0.003192s ]
INFO: [ view_end ] --START--
INFO: ShowPageTrace Behavior ::run [ RunTime:0.000817s ]
INFO: [ view_end ] --END-- [ RunTime:0.000905s ]

[ 2014-07-28T15:28:34+08:00 ] 127.0.0.1 /ipaikt/index.php/Index/main
INFO: [ app_begin ] --START--
INFO: ReadHtmlCache Behavior ::run [ RunTime:0.000980s ]
INFO: [ app_begin ] --END-- [ RunTime:0.001088s ]
INFO: [ view_parse ] --START--
NOTIC: [8] Undefined index: uid C:\WWW\ipaikt\HOME\Runtime\Cache\21bce5cfed4107e7c5ace27094659b45.php 第 40 行.
NOTIC: [8] A session had already been started - ignoring session_start() C:\WWW\ipaikt\HOME\Runtime\Cache\21bce5cfed4107e7c5ace27094659b45.php 第 43 行.
INFO: ParseTemplate Behavior ::run [ RunTime:0.027772s ]
INFO: [ view_parse ] --END-- [ RunTime:0.027875s ]
INFO: [ view_filter ] --START--
INFO: ContentReplace Behavior ::run [ RunTime:0.000845s ]
INFO: TokenBuild Behavior ::run [ RunTime:0.000670s ]
INFO: WriteHtmlCache Behavior ::run [ RunTime:0.000485s ]
INFO: ShowRuntime Behavior ::run [ RunTime:0.000820s ]
INFO: [ view_filter ] --END-- [ RunTime:0.003062s ]
INFO: [ view_end ] --START--
INFO: ShowPageTrace Behavior ::run [ RunTime:0.000913s ]
INFO: [ view_end ] --END-- [ RunTime:0.001014s ]

[ 2014-07-28T15:36:03+08:00 ] 127.0.0.1 /ipaikt/index.php/Index/main
INFO: [ app_begin ] --START--
INFO: ReadHtmlCache Behavior ::run [ RunTime:0.001160s ]
INFO: [ app_begin ] --END-- [ RunTime:0.001307s ]
INFO: [ view_parse ] --START--
NOTIC: [8] Undefined index: uid C:\WWW\ipaikt\HOME\Runtime\Cache\21bce5cfed4107e7c5ace27094659b45.php 第 40 行.
NOTIC: [8] A session had already been started - ignoring session_start() C:\WWW\ipaikt\HOME\Runtime\Cache\21bce5cfed4107e7c5ace27094659b45.php 第 43 行.
INFO: ParseTemplate Behavior ::run [ RunTime:0.101231s ]
INFO: [ view_parse ] --END-- [ RunTime:0.101370s ]
INFO: [ view_filter ] --START--
INFO: ContentReplace Behavior ::run [ RunTime:0.001040s ]
INFO: TokenBuild Behavior ::run [ RunTime:0.000660s ]
INFO: WriteHtmlCache Behavior ::run [ RunTime:0.000512s ]
INFO: ShowRuntime Behavior ::run [ RunTime:0.000684s ]
INFO: [ view_filter ] --END-- [ RunTime:0.003187s ]
INFO: [ view_end ] --START--
INFO: ShowPageTrace Behavior ::run [ RunTime:0.000978s ]
INFO: [ view_end ] --END-- [ RunTime:0.001078s ]

[ 2014-07-28T15:45:33+08:00 ] 127.0.0.1 /ipaikt/index.php/Index/main
INFO: [ app_begin ] --START--
INFO: ReadHtmlCache Behavior ::run [ RunTime:0.000965s ]
INFO: [ app_begin ] --END-- [ RunTime:0.001059s ]
INFO: [ view_parse ] --START--
NOTIC: [8] Undefined index: uid C:\WWW\ipaikt\HOME\Runtime\Cache\21bce5cfed4107e7c5ace27094659b45.php 第 40 行.
NOTIC: [8] A session had already been started - ignoring session_start() C:\WWW\ipaikt\HOME\Runtime\Cache\21bce5cfed4107e7c5ace27094659b45.php 第 43 行.
INFO: ParseTemplate Behavior ::run [ RunTime:0.274954s ]
INFO: [ view_parse ] --END-- [ RunTime:0.275042s ]
INFO: [ view_filter ] --START--
INFO: ContentReplace Behavior ::run [ RunTime:0.001067s ]
INFO: TokenBuild Behavior ::run [ RunTime:0.000963s ]
INFO: WriteHtmlCache Behavior ::run [ RunTime:0.000902s ]
INFO: ShowRuntime Behavior ::run [ RunTime:0.000784s ]
INFO: [ view_filter ] --END-- [ RunTime:0.004108s ]
INFO: [ view_end ] --START--
INFO: ShowPageTrace Behavior ::run [ RunTime:0.000879s ]
INFO: [ view_end ] --END-- [ RunTime:0.001146s ]

[ 2014-07-28T15:47:22+08:00 ] 127.0.0.1 /ipaikt/index.php/Index/main
INFO: [ app_begin ] --START--
INFO: ReadHtmlCache Behavior ::run [ RunTime:0.000942s ]
INFO: [ app_begin ] --END-- [ RunTime:0.001049s ]
INFO: [ view_parse ] --START--
NOTIC: [8] Undefined index: uid C:\WWW\ipaikt\HOME\Runtime\Cache\21bce5cfed4107e7c5ace27094659b45.php 第 40 行.
NOTIC: [8] A session had already been started - ignoring session_start() C:\WWW\ipaikt\HOME\Runtime\Cache\21bce5cfed4107e7c5ace27094659b45.php 第 43 行.
INFO: ParseTemplate Behavior ::run [ RunTime:0.028890s ]
INFO: [ view_parse ] --END-- [ RunTime:0.028996s ]
INFO: [ view_filter ] --START--
INFO: ContentReplace Behavior ::run [ RunTime:0.001103s ]
INFO: TokenBuild Behavior ::run [ RunTime:0.000670s ]
INFO: WriteHtmlCache Behavior ::run [ RunTime:0.000543s ]
INFO: ShowRuntime Behavior ::run [ RunTime:0.000751s ]
INFO: [ view_filter ] --END-- [ RunTime:0.004499s ]
INFO: [ view_end ] --START--
INFO: ShowPageTrace Behavior ::run [ RunTime:0.005445s ]
INFO: [ view_end ] --END-- [ RunTime:0.005570s ]

[ 2014-07-28T15:48:51+08:00 ] 127.0.0.1 /ipaikt/index.php/Index/main
INFO: [ app_begin ] --START--
INFO: ReadHtmlCache Behavior ::run [ RunTime:0.000760s ]
INFO: [ app_begin ] --END-- [ RunTime:0.000842s ]
INFO: [ view_parse ] --START--
NOTIC: [8] Undefined index: uid C:\WWW\ipaikt\HOME\Runtime\Cache\21bce5cfed4107e7c5ace27094659b45.php 第 40 行.
NOTIC: [8] A session had already been started - ignoring session_start() C:\WWW\ipaikt\HOME\Runtime\Cache\21bce5cfed4107e7c5ace27094659b45.php 第 43 行.
INFO: ParseTemplate Behavior ::run [ RunTime:0.030398s ]
INFO: [ view_parse ] --END-- [ RunTime:0.030492s ]
INFO: [ view_filter ] --START--
INFO: ContentReplace Behavior ::run [ RunTime:0.001931s ]
INFO: TokenBuild Behavior ::run [ RunTime:0.000838s ]
INFO: WriteHtmlCache Behavior ::run [ RunTime:0.000637s ]
INFO: ShowRuntime Behavior ::run [ RunTime:0.000687s ]
INFO: [ view_filter ] --END-- [ RunTime:0.004397s ]
INFO: [ view_end ] --START--
INFO: ShowPageTrace Behavior ::run [ RunTime:0.001224s ]
INFO: [ view_end ] --END-- [ RunTime:0.001327s ]

[ 2014-07-28T15:51:21+08:00 ] 127.0.0.1 /ipaikt/index.php/Index/main
INFO: [ app_begin ] --START--
INFO: ReadHtmlCache Behavior ::run [ RunTime:0.000814s ]
INFO: [ app_begin ] --END-- [ RunTime:0.000917s ]
INFO: [ view_parse ] --START--
NOTIC: [8] Undefined index: uid C:\WWW\ipaikt\HOME\Runtime\Cache\21bce5cfed4107e7c5ace27094659b45.php 第 40 行.
NOTIC: [8] A session had already been started - ignoring session_start() C:\WWW\ipaikt\HOME\Runtime\Cache\21bce5cfed4107e7c5ace27094659b45.php 第 43 行.
INFO: ParseTemplate Behavior ::run [ RunTime:0.100536s ]
INFO: [ view_parse ] --END-- [ RunTime:0.100646s ]
INFO: [ view_filter ] --START--
INFO: ContentReplace Behavior ::run [ RunTime:0.000999s ]
INFO: TokenBuild Behavior ::run [ RunTime:0.000656s ]
INFO: WriteHtmlCache Behavior ::run [ RunTime:0.000492s ]
INFO: ShowRuntime Behavior ::run [ RunTime:0.000708s ]
INFO: [ view_filter ] --END-- [ RunTime:0.003135s ]
INFO: [ view_end ] --START--
INFO: ShowPageTrace Behavior ::run [ RunTime:0.000857s ]
INFO: [ view_end ] --END-- [ RunTime:0.000955s ]

[ 2014-07-28T15:52:02+08:00 ] 127.0.0.1 /ipaikt/index.php/Index/main
INFO: [ app_begin ] --START--
INFO: ReadHtmlCache Behavior ::run [ RunTime:0.001123s ]
INFO: [ app_begin ] --END-- [ RunTime:0.001239s ]
INFO: [ view_parse ] --START--
NOTIC: [8] Undefined index: uid C:\WWW\ipaikt\HOME\Runtime\Cache\21bce5cfed4107e7c5ace27094659b45.php 第 40 行.
NOTIC: [8] A session had already been started - ignoring session_start() C:\WWW\ipaikt\HOME\Runtime\Cache\21bce5cfed4107e7c5ace27094659b45.php 第 43 行.
INFO: ParseTemplate Behavior ::run [ RunTime:0.070655s ]
INFO: [ view_parse ] --END-- [ RunTime:0.070763s ]
INFO: [ view_filter ] --START--
INFO: ContentReplace Behavior ::run [ RunTime:0.001553s ]
INFO: TokenBuild Behavior ::run [ RunTime:0.000720s ]
INFO: WriteHtmlCache Behavior ::run [ RunTime:0.000501s ]
INFO: ShowRuntime Behavior ::run [ RunTime:0.001198s ]
INFO: [ view_filter ] --END-- [ RunTime:0.004253s ]
INFO: [ view_end ] --START--
INFO: ShowPageTrace Behavior ::run [ RunTime:0.001114s ]
INFO: [ view_end ] --END-- [ RunTime:0.001242s ]

[ 2014-07-28T15:56:30+08:00 ] 127.0.0.1 /ipaikt/index.php/Index/main
INFO: [ app_begin ] --START--
INFO: ReadHtmlCache Behavior ::run [ RunTime:0.001113s ]
INFO: [ app_begin ] --END-- [ RunTime:0.001218s ]
INFO: [ view_parse ] --START--
NOTIC: [8] Undefined index: uid C:\WWW\ipaikt\HOME\Runtime\Cache\21bce5cfed4107e7c5ace27094659b45.php 第 40 行.
NOTIC: [8] A session had already been started - ignoring session_start() C:\WWW\ipaikt\HOME\Runtime\Cache\21bce5cfed4107e7c5ace27094659b45.php 第 43 行.
INFO: ParseTemplate Behavior ::run [ RunTime:0.106698s ]
INFO: [ view_parse ] --END-- [ RunTime:0.106785s ]
INFO: [ view_filter ] --START--
INFO: ContentReplace Behavior ::run [ RunTime:0.000920s ]
INFO: TokenBuild Behavior ::run [ RunTime:0.000712s ]
INFO: WriteHtmlCache Behavior ::run [ RunTime:0.000719s ]
INFO: ShowRuntime Behavior ::run [ RunTime:0.000696s ]
INFO: [ view_filter ] --END-- [ RunTime:0.003332s ]
INFO: [ view_end ] --START--
INFO: ShowPageTrace Behavior ::run [ RunTime:0.001060s ]
INFO: [ view_end ] --END-- [ RunTime:0.001167s ]

[ 2014-07-28T16:02:44+08:00 ] 127.0.0.1 /ipaikt/index.php/Index/main
INFO: [ app_begin ] --START--
INFO: ReadHtmlCache Behavior ::run [ RunTime:0.000892s ]
INFO: [ app_begin ] --END-- [ RunTime:0.001016s ]
INFO: [ view_parse ] --START--
NOTIC: [8] Undefined index: uid C:\WWW\ipaikt\HOME\Runtime\Cache\21bce5cfed4107e7c5ace27094659b45.php 第 40 行.
NOTIC: [8] A session had already been started - ignoring session_start() C:\WWW\ipaikt\HOME\Runtime\Cache\21bce5cfed4107e7c5ace27094659b45.php 第 43 行.
INFO: ParseTemplate Behavior ::run [ RunTime:0.176656s ]
INFO: [ view_parse ] --END-- [ RunTime:0.176751s ]
INFO: [ view_filter ] --START--
INFO: ContentReplace Behavior ::run [ RunTime:0.000886s ]
INFO: TokenBuild Behavior ::run [ RunTime:0.001028s ]
INFO: WriteHtmlCache Behavior ::run [ RunTime:0.001196s ]
INFO: ShowRuntime Behavior ::run [ RunTime:0.001173s ]
INFO: [ view_filter ] --END-- [ RunTime:0.004807s ]
INFO: [ view_end ] --START--
INFO: ShowPageTrace Behavior ::run [ RunTime:0.000933s ]
INFO: [ view_end ] --END-- [ RunTime:0.001027s ]

[ 2014-07-28T16:03:10+08:00 ] 127.0.0.1 /ipaikt/index.php/Index/main
INFO: [ app_begin ] --START--
INFO: ReadHtmlCache Behavior ::run [ RunTime:0.000798s ]
INFO: [ app_begin ] --END-- [ RunTime:0.000886s ]
INFO: [ view_parse ] --START--
NOTIC: [8] Undefined index: uid C:\WWW\ipaikt\HOME\Runtime\Cache\21bce5cfed4107e7c5ace27094659b45.php 第 40 行.
NOTIC: [8] A session had already been started - ignoring session_start() C:\WWW\ipaikt\HOME\Runtime\Cache\21bce5cfed4107e7c5ace27094659b45.php 第 43 行.
INFO: ParseTemplate Behavior ::run [ RunTime:0.026288s ]
INFO: [ view_parse ] --END-- [ RunTime:0.026377s ]
INFO: [ view_filter ] --START--
INFO: ContentReplace Behavior ::run [ RunTime:0.000851s ]
INFO: TokenBuild Behavior ::run [ RunTime:0.000586s ]
INFO: WriteHtmlCache Behavior ::run [ RunTime:0.000424s ]
INFO: ShowRuntime Behavior ::run [ RunTime:0.000950s ]
INFO: [ view_filter ] --END-- [ RunTime:0.003138s ]
INFO: [ view_end ] --START--
INFO: ShowPageTrace Behavior ::run [ RunTime:0.001107s ]
INFO: [ view_end ] --END-- [ RunTime:0.001270s ]

[ 2014-07-28T16:07:11+08:00 ] 127.0.0.1 /ipaikt/index.php/Index/main
INFO: [ app_begin ] --START--
INFO: ReadHtmlCache Behavior ::run [ RunTime:0.000791s ]
INFO: [ app_begin ] --END-- [ RunTime:0.000879s ]
INFO: [ view_parse ] --START--
NOTIC: [8] Undefined index: uid C:\WWW\ipaikt\HOME\Runtime\Cache\21bce5cfed4107e7c5ace27094659b45.php 第 40 行.
NOTIC: [8] A session had already been started - ignoring session_start() C:\WWW\ipaikt\HOME\Runtime\Cache\21bce5cfed4107e7c5ace27094659b45.php 第 43 行.
INFO: ParseTemplate Behavior ::run [ RunTime:0.024880s ]
INFO: [ view_parse ] --END-- [ RunTime:0.024994s ]
INFO: [ view_filter ] --START--
INFO: ContentReplace Behavior ::run [ RunTime:0.001248s ]
INFO: TokenBuild Behavior ::run [ RunTime:0.000779s ]
INFO: WriteHtmlCache Behavior ::run [ RunTime:0.000502s ]
INFO: ShowRuntime Behavior ::run [ RunTime:0.000639s ]
INFO: [ view_filter ] --END-- [ RunTime:0.003428s ]
INFO: [ view_end ] --START--
INFO: ShowPageTrace Behavior ::run [ RunTime:0.000840s ]
INFO: [ view_end ] --END-- [ RunTime:0.000940s ]

[ 2014-07-28T16:07:21+08:00 ] 127.0.0.1 /ipaikt/index.phpPublic/get_school_list
INFO: [ app_begin ] --START--
INFO: ReadHtmlCache Behavior ::run [ RunTime:0.000892s ]
INFO: [ app_begin ] --END-- [ RunTime:0.000979s ]
NOTIC: [8] Undefined variable: type C:\WWW\ipaikt\HOME\Lib\Action\PublicAction.class.php 第 34 行.

[ 2014-07-28T16:07:21+08:00 ] 127.0.0.1 /ipaikt/index.phpPublic/get_school_list
INFO: [ app_begin ] --START--
INFO: ReadHtmlCache Behavior ::run [ RunTime:0.000723s ]
INFO: [ app_begin ] --END-- [ RunTime:0.000810s ]
NOTIC: [8] Undefined variable: type C:\WWW\ipaikt\HOME\Lib\Action\PublicAction.class.php 第 34 行.

[ 2014-07-28T16:07:22+08:00 ] 127.0.0.1 /ipaikt/index.phpPublic/get_school_list
INFO: [ app_begin ] --START--
INFO: ReadHtmlCache Behavior ::run [ RunTime:0.000745s ]
INFO: [ app_begin ] --END-- [ RunTime:0.000834s ]
NOTIC: [8] Undefined variable: type C:\WWW\ipaikt\HOME\Lib\Action\PublicAction.class.php 第 34 行.

[ 2014-07-28T16:07:22+08:00 ] 127.0.0.1 /ipaikt/index.phpPublic/get_school_list
INFO: [ app_begin ] --START--
INFO: ReadHtmlCache Behavior ::run [ RunTime:0.000950s ]
INFO: [ app_begin ] --END-- [ RunTime:0.001054s ]
NOTIC: [8] Undefined variable: type C:\WWW\ipaikt\HOME\Lib\Action\PublicAction.class.php 第 34 行.

[ 2014-07-28T16:07:26+08:00 ] 127.0.0.1 /ipaikt/index.phpPublic/get_school_list
INFO: [ app_begin ] --START--
INFO: ReadHtmlCache Behavior ::run [ RunTime:0.000779s ]
INFO: [ app_begin ] --END-- [ RunTime:0.000864s ]
NOTIC: [8] Undefined variable: type C:\WWW\ipaikt\HOME\Lib\Action\PublicAction.class.php 第 34 行.

[ 2014-07-28T16:10:34+08:00 ] 127.0.0.1 /ipaikt/index.php/Index/main
INFO: [ app_begin ] --START--
INFO: ReadHtmlCache Behavior ::run [ RunTime:0.000792s ]
INFO: [ app_begin ] --END-- [ RunTime:0.000883s ]
INFO: [ view_parse ] --START--
NOTIC: [8] Undefined index: uid C:\WWW\ipaikt\HOME\Runtime\Cache\21bce5cfed4107e7c5ace27094659b45.php 第 40 行.
NOTIC: [8] A session had already been started - ignoring session_start() C:\WWW\ipaikt\HOME\Runtime\Cache\21bce5cfed4107e7c5ace27094659b45.php 第 43 行.
INFO: ParseTemplate Behavior ::run [ RunTime:0.166600s ]
INFO: [ view_parse ] --END-- [ RunTime:0.166745s ]
INFO: [ view_filter ] --START--
INFO: ContentReplace Behavior ::run [ RunTime:0.002862s ]
INFO: TokenBuild Behavior ::run [ RunTime:0.001117s ]
INFO: WriteHtmlCache Behavior ::run [ RunTime:0.001087s ]
INFO: ShowRuntime Behavior ::run [ RunTime:0.001252s ]
INFO: [ view_filter ] --END-- [ RunTime:0.006789s ]
INFO: [ view_end ] --START--
INFO: ShowPageTrace Behavior ::run [ RunTime:0.001254s ]
INFO: [ view_end ] --END-- [ RunTime:0.001399s ]

[ 2014-07-28T16:10:40+08:00 ] 127.0.0.1 /ipaikt/index.phpPublic/get_school_list
INFO: [ app_begin ] --START--
INFO: ReadHtmlCache Behavior ::run [ RunTime:0.000960s ]
INFO: [ app_begin ] --END-- [ RunTime:0.001049s ]
NOTIC: [8] Undefined variable: type C:\WWW\ipaikt\HOME\Lib\Action\PublicAction.class.php 第 34 行.

[ 2014-07-28T16:10:41+08:00 ] 127.0.0.1 /ipaikt/index.phpPublic/get_school_list
INFO: [ app_begin ] --START--
INFO: ReadHtmlCache Behavior ::run [ RunTime:0.000784s ]
INFO: [ app_begin ] --END-- [ RunTime:0.000871s ]
NOTIC: [8] Undefined variable: type C:\WWW\ipaikt\HOME\Lib\Action\PublicAction.class.php 第 34 行.

[ 2014-07-28T16:10:48+08:00 ] 127.0.0.1 /ipaikt/index.phpPublic/get_school_list
INFO: [ app_begin ] --START--
INFO: ReadHtmlCache Behavior ::run [ RunTime:0.000691s ]
INFO: [ app_begin ] --END-- [ RunTime:0.000771s ]
NOTIC: [8] Undefined variable: type C:\WWW\ipaikt\HOME\Lib\Action\PublicAction.class.php 第 34 行.

[ 2014-07-28T16:10:48+08:00 ] 127.0.0.1 /ipaikt/index.phpPublic/get_school_list
INFO: [ app_begin ] --START--
INFO: ReadHtmlCache Behavior ::run [ RunTime:0.000786s ]
INFO: [ app_begin ] --END-- [ RunTime:0.000877s ]
NOTIC: [8] Undefined variable: type C:\WWW\ipaikt\HOME\Lib\Action\PublicAction.class.php 第 34 行.

[ 2014-07-28T16:10:52+08:00 ] 127.0.0.1 /ipaikt/index.phpPublic/get_school_list
INFO: [ app_begin ] --START--
INFO: ReadHtmlCache Behavior ::run [ RunTime:0.000750s ]
INFO: [ app_begin ] --END-- [ RunTime:0.000839s ]
NOTIC: [8] Undefined variable: type C:\WWW\ipaikt\HOME\Lib\Action\PublicAction.class.php 第 34 行.

[ 2014-07-28T16:13:27+08:00 ] 127.0.0.1 /ipaikt/index.php/Index/main
INFO: [ app_begin ] --START--
INFO: ReadHtmlCache Behavior ::run [ RunTime:0.000810s ]
INFO: [ app_begin ] --END-- [ RunTime:0.000909s ]
INFO: [ view_parse ] --START--
NOTIC: [8] Undefined index: uid C:\WWW\ipaikt\HOME\Runtime\Cache\21bce5cfed4107e7c5ace27094659b45.php 第 40 行.
NOTIC: [8] A session had already been started - ignoring session_start() C:\WWW\ipaikt\HOME\Runtime\Cache\21bce5cfed4107e7c5ace27094659b45.php 第 43 行.
INFO: ParseTemplate Behavior ::run [ RunTime:0.070041s ]
INFO: [ view_parse ] --END-- [ RunTime:0.070139s ]
INFO: [ view_filter ] --START--
INFO: ContentReplace Behavior ::run [ RunTime:0.001093s ]
INFO: TokenBuild Behavior ::run [ RunTime:0.000867s ]
INFO: WriteHtmlCache Behavior ::run [ RunTime:0.000606s ]
INFO: ShowRuntime Behavior ::run [ RunTime:0.001083s ]
INFO: [ view_filter ] --END-- [ RunTime:0.004537s ]
INFO: [ view_end ] --START--
INFO: ShowPageTrace Behavior ::run [ RunTime:0.001548s ]
INFO: [ view_end ] --END-- [ RunTime:0.001646s ]

[ 2014-07-28T16:13:33+08:00 ] 127.0.0.1 /ipaikt/index.phpPublic/get_school_list
INFO: [ app_begin ] --START--
INFO: ReadHtmlCache Behavior ::run [ RunTime:0.000898s ]
INFO: [ app_begin ] --END-- [ RunTime:0.000987s ]
NOTIC: [8] Undefined variable: type C:\WWW\ipaikt\HOME\Lib\Action\PublicAction.class.php 第 34 行.

[ 2014-07-28T16:13:34+08:00 ] 127.0.0.1 /ipaikt/index.phpPublic/get_school_list
INFO: [ app_begin ] --START--
INFO: ReadHtmlCache Behavior ::run [ RunTime:0.000804s ]
INFO: [ app_begin ] --END-- [ RunTime:0.000896s ]
NOTIC: [8] Undefined variable: type C:\WWW\ipaikt\HOME\Lib\Action\PublicAction.class.php 第 34 行.

[ 2014-07-28T16:13:36+08:00 ] 127.0.0.1 /ipaikt/index.phpPublic/get_school_list
INFO: [ app_begin ] --START--
INFO: ReadHtmlCache Behavior ::run [ RunTime:0.000716s ]
INFO: [ app_begin ] --END-- [ RunTime:0.000798s ]
NOTIC: [8] Undefined variable: type C:\WWW\ipaikt\HOME\Lib\Action\PublicAction.class.php 第 34 行.

[ 2014-07-28T16:13:39+08:00 ] 127.0.0.1 /ipaikt/index.phpPublic/get_school_list
INFO: [ app_begin ] --START--
INFO: ReadHtmlCache Behavior ::run [ RunTime:0.000793s ]
INFO: [ app_begin ] --END-- [ RunTime:0.000884s ]
NOTIC: [8] Undefined variable: type C:\WWW\ipaikt\HOME\Lib\Action\PublicAction.class.php 第 34 行.

[ 2014-07-28T16:13:44+08:00 ] 127.0.0.1 /ipaikt/index.phpPublic/get_school_list
INFO: [ app_begin ] --START--
INFO: ReadHtmlCache Behavior ::run [ RunTime:0.000812s ]
INFO: [ app_begin ] --END-- [ RunTime:0.000903s ]
NOTIC: [8] Undefined variable: type C:\WWW\ipaikt\HOME\Lib\Action\PublicAction.class.php 第 34 行.

[ 2014-07-28T16:13:53+08:00 ] 127.0.0.1 /ipaikt/index.phpPublic/get_school_list
INFO: [ app_begin ] --START--
INFO: ReadHtmlCache Behavior ::run [ RunTime:0.000726s ]
INFO: [ app_begin ] --END-- [ RunTime:0.000806s ]
NOTIC: [8] Undefined variable: type C:\WWW\ipaikt\HOME\Lib\Action\PublicAction.class.php 第 34 行.

[ 2014-07-28T16:13:56+08:00 ] 127.0.0.1 /ipaikt/index.php/Index/main
INFO: [ app_begin ] --START--
INFO: ReadHtmlCache Behavior ::run [ RunTime:0.000763s ]
INFO: [ app_begin ] --END-- [ RunTime:0.000846s ]
INFO: [ view_parse ] --START--
NOTIC: [8] Undefined index: uid C:\WWW\ipaikt\HOME\Runtime\Cache\21bce5cfed4107e7c5ace27094659b45.php 第 40 行.
NOTIC: [8] A session had already been started - ignoring session_start() C:\WWW\ipaikt\HOME\Runtime\Cache\21bce5cfed4107e7c5ace27094659b45.php 第 43 行.
INFO: ParseTemplate Behavior ::run [ RunTime:0.060355s ]
INFO: [ view_parse ] --END-- [ RunTime:0.060451s ]
INFO: [ view_filter ] --START--
INFO: ContentReplace Behavior ::run [ RunTime:0.001073s ]
INFO: TokenBuild Behavior ::run [ RunTime:0.000757s ]
INFO: WriteHtmlCache Behavior ::run [ RunTime:0.000945s ]
INFO: ShowRuntime Behavior ::run [ RunTime:0.000822s ]
INFO: [ view_filter ] --END-- [ RunTime:0.003895s ]
INFO: [ view_end ] --START--
INFO: ShowPageTrace Behavior ::run [ RunTime:0.000907s ]
INFO: [ view_end ] --END-- [ RunTime:0.001005s ]

[ 2014-07-28T16:14:02+08:00 ] 127.0.0.1 /ipaikt/index.phpPublic/get_school_list
INFO: [ app_begin ] --START--
INFO: ReadHtmlCache Behavior ::run [ RunTime:0.000839s ]
INFO: [ app_begin ] --END-- [ RunTime:0.000949s ]
NOTIC: [8] Undefined variable: type C:\WWW\ipaikt\HOME\Lib\Action\PublicAction.class.php 第 34 行.

[ 2014-07-28T16:14:03+08:00 ] 127.0.0.1 /ipaikt/index.phpPublic/get_school_list
INFO: [ app_begin ] --START--
INFO: ReadHtmlCache Behavior ::run [ RunTime:0.000915s ]
INFO: [ app_begin ] --END-- [ RunTime:0.001024s ]
NOTIC: [8] Undefined variable: type C:\WWW\ipaikt\HOME\Lib\Action\PublicAction.class.php 第 34 行.

[ 2014-07-28T16:14:04+08:00 ] 127.0.0.1 /ipaikt/index.phpPublic/get_school_list
INFO: [ app_begin ] --START--
INFO: ReadHtmlCache Behavior ::run [ RunTime:0.000672s ]
INFO: [ app_begin ] --END-- [ RunTime:0.000751s ]
NOTIC: [8] Undefined variable: type C:\WWW\ipaikt\HOME\Lib\Action\PublicAction.class.php 第 34 行.

[ 2014-07-28T16:14:26+08:00 ] 127.0.0.1 /ipaikt/index.phpPublic/get_school_list
INFO: [ app_begin ] --START--
INFO: ReadHtmlCache Behavior ::run [ RunTime:0.001063s ]
INFO: [ app_begin ] --END-- [ RunTime:0.001265s ]
NOTIC: [8] Undefined variable: type C:\WWW\ipaikt\HOME\Lib\Action\PublicAction.class.php 第 34 行.

[ 2014-07-28T16:14:30+08:00 ] 127.0.0.1 /ipaikt/index.php/Index/main
INFO: [ app_begin ] --START--
INFO: ReadHtmlCache Behavior ::run [ RunTime:0.001197s ]
INFO: [ app_begin ] --END-- [ RunTime:0.001296s ]
INFO: [ view_parse ] --START--
NOTIC: [8] Undefined index: uid C:\WWW\ipaikt\HOME\Runtime\Cache\21bce5cfed4107e7c5ace27094659b45.php 第 40 行.
NOTIC: [8] A session had already been started - ignoring session_start() C:\WWW\ipaikt\HOME\Runtime\Cache\21bce5cfed4107e7c5ace27094659b45.php 第 43 行.
INFO: ParseTemplate Behavior ::run [ RunTime:0.034284s ]
INFO: [ view_parse ] --END-- [ RunTime:0.034461s ]
INFO: [ view_filter ] --START--
INFO: ContentReplace Behavior ::run [ RunTime:0.001419s ]
INFO: TokenBuild Behavior ::run [ RunTime:0.001296s ]
INFO: WriteHtmlCache Behavior ::run [ RunTime:0.001814s ]
INFO: ShowRuntime Behavior ::run [ RunTime:0.000944s ]
INFO: [ view_filter ] --END-- [ RunTime:0.005862s ]
INFO: [ view_end ] --START--
INFO: ShowPageTrace Behavior ::run [ RunTime:0.001164s ]
INFO: [ view_end ] --END-- [ RunTime:0.001432s ]

[ 2014-07-28T16:14:41+08:00 ] 127.0.0.1 /ipaikt/index.phpPublic/get_school_list
INFO: [ app_begin ] --START--
INFO: ReadHtmlCache Behavior ::run [ RunTime:0.000973s ]
INFO: [ app_begin ] --END-- [ RunTime:0.001064s ]
NOTIC: [8] Undefined variable: type C:\WWW\ipaikt\HOME\Lib\Action\PublicAction.class.php 第 34 行.

[ 2014-07-28T16:14:41+08:00 ] 127.0.0.1 /ipaikt/index.phpPublic/get_school_list
INFO: [ app_begin ] --START--
INFO: ReadHtmlCache Behavior ::run [ RunTime:0.000735s ]
INFO: [ app_begin ] --END-- [ RunTime:0.000819s ]
NOTIC: [8] Undefined variable: type C:\WWW\ipaikt\HOME\Lib\Action\PublicAction.class.php 第 34 行.

[ 2014-07-28T16:14:42+08:00 ] 127.0.0.1 /ipaikt/index.phpPublic/get_school_list
INFO: [ app_begin ] --START--
INFO: ReadHtmlCache Behavior ::run [ RunTime:0.000829s ]
INFO: [ app_begin ] --END-- [ RunTime:0.000938s ]
NOTIC: [8] Undefined variable: type C:\WWW\ipaikt\HOME\Lib\Action\PublicAction.class.php 第 34 行.

[ 2014-07-28T16:14:55+08:00 ] 127.0.0.1 /ipaikt/index.phpPublic/get_school_list
INFO: [ app_begin ] --START--
INFO: ReadHtmlCache Behavior ::run [ RunTime:0.000840s ]
INFO: [ app_begin ] --END-- [ RunTime:0.000927s ]
NOTIC: [8] Undefined variable: type C:\WWW\ipaikt\HOME\Lib\Action\PublicAction.class.php 第 34 行.

[ 2014-07-28T16:14:58+08:00 ] 127.0.0.1 /ipaikt/index.php/Index/main
INFO: [ app_begin ] --START--
INFO: ReadHtmlCache Behavior ::run [ RunTime:0.000772s ]
INFO: [ app_begin ] --END-- [ RunTime:0.000864s ]
INFO: [ view_parse ] --START--
NOTIC: [8] Undefined index: uid C:\WWW\ipaikt\HOME\Runtime\Cache\21bce5cfed4107e7c5ace27094659b45.php 第 40 行.
NOTIC: [8] A session had already been started - ignoring session_start() C:\WWW\ipaikt\HOME\Runtime\Cache\21bce5cfed4107e7c5ace27094659b45.php 第 43 行.
INFO: ParseTemplate Behavior ::run [ RunTime:0.026709s ]
INFO: [ view_parse ] --END-- [ RunTime:0.026809s ]
INFO: [ view_filter ] --START--
INFO: ContentReplace Behavior ::run [ RunTime:0.000804s ]
INFO: TokenBuild Behavior ::run [ RunTime:0.000610s ]
INFO: WriteHtmlCache Behavior ::run [ RunTime:0.000549s ]
INFO: ShowRuntime Behavior ::run [ RunTime:0.000726s ]
INFO: [ view_filter ] --END-- [ RunTime:0.003024s ]
INFO: [ view_end ] --START--
INFO: ShowPageTrace Behavior ::run [ RunTime:0.000927s ]
INFO: [ view_end ] --END-- [ RunTime:0.001025s ]

[ 2014-07-28T16:15:04+08:00 ] 127.0.0.1 /ipaikt/index.phpPublic/get_school_list
INFO: [ app_begin ] --START--
INFO: ReadHtmlCache Behavior ::run [ RunTime:0.000752s ]
INFO: [ app_begin ] --END-- [ RunTime:0.000853s ]
NOTIC: [8] Undefined variable: type C:\WWW\ipaikt\HOME\Lib\Action\PublicAction.class.php 第 34 行.

[ 2014-07-28T16:15:04+08:00 ] 127.0.0.1 /ipaikt/index.phpPublic/get_school_list
INFO: [ app_begin ] --START--
INFO: ReadHtmlCache Behavior ::run [ RunTime:0.000867s ]
INFO: [ app_begin ] --END-- [ RunTime:0.000969s ]
NOTIC: [8] Undefined variable: type C:\WWW\ipaikt\HOME\Lib\Action\PublicAction.class.php 第 34 行.

[ 2014-07-28T16:15:06+08:00 ] 127.0.0.1 /ipaikt/index.phpPublic/get_school_list
INFO: [ app_begin ] --START--
INFO: ReadHtmlCache Behavior ::run [ RunTime:0.001042s ]
INFO: [ app_begin ] --END-- [ RunTime:0.001459s ]
NOTIC: [8] Undefined variable: type C:\WWW\ipaikt\HOME\Lib\Action\PublicAction.class.php 第 34 行.

[ 2014-07-28T16:15:08+08:00 ] 127.0.0.1 /ipaikt/index.phpPublic/get_school_list
INFO: [ app_begin ] --START--
INFO: ReadHtmlCache Behavior ::run [ RunTime:0.000749s ]
INFO: [ app_begin ] --END-- [ RunTime:0.000840s ]
NOTIC: [8] Undefined variable: type C:\WWW\ipaikt\HOME\Lib\Action\PublicAction.class.php 第 34 行.

[ 2014-07-28T16:15:23+08:00 ] 127.0.0.1 /ipaikt/index.phpPublic/get_school_list
INFO: [ app_begin ] --START--
INFO: ReadHtmlCache Behavior ::run [ RunTime:0.000773s ]
INFO: [ app_begin ] --END-- [ RunTime:0.000858s ]
NOTIC: [8] Undefined variable: type C:\WWW\ipaikt\HOME\Lib\Action\PublicAction.class.php 第 34 行.

[ 2014-07-28T16:15:26+08:00 ] 127.0.0.1 /ipaikt/index.php/Index/main
INFO: [ app_begin ] --START--
INFO: ReadHtmlCache Behavior ::run [ RunTime:0.000766s ]
INFO: [ app_begin ] --END-- [ RunTime:0.000854s ]
INFO: [ view_parse ] --START--
NOTIC: [8] Undefined index: uid C:\WWW\ipaikt\HOME\Runtime\Cache\21bce5cfed4107e7c5ace27094659b45.php 第 40 行.
NOTIC: [8] A session had already been started - ignoring session_start() C:\WWW\ipaikt\HOME\Runtime\Cache\21bce5cfed4107e7c5ace27094659b45.php 第 43 行.
INFO: ParseTemplate Behavior ::run [ RunTime:0.083002s ]
INFO: [ view_parse ] --END-- [ RunTime:0.083094s ]
INFO: [ view_filter ] --START--
INFO: ContentReplace Behavior ::run [ RunTime:0.001397s ]
INFO: TokenBuild Behavior ::run [ RunTime:0.001035s ]
INFO: WriteHtmlCache Behavior ::run [ RunTime:0.000581s ]
INFO: ShowRuntime Behavior ::run [ RunTime:0.000712s ]
INFO: [ view_filter ] --END-- [ RunTime:0.004027s ]
INFO: [ view_end ] --START--
INFO: ShowPageTrace Behavior ::run [ RunTime:0.001188s ]
INFO: [ view_end ] --END-- [ RunTime:0.001310s ]

[ 2014-07-28T16:15:31+08:00 ] 127.0.0.1 /ipaikt/index.phpPublic/get_school_list
INFO: [ app_begin ] --START--
INFO: ReadHtmlCache Behavior ::run [ RunTime:0.000740s ]
INFO: [ app_begin ] --END-- [ RunTime:0.000837s ]
NOTIC: [8] Undefined variable: type C:\WWW\ipaikt\HOME\Lib\Action\PublicAction.class.php 第 34 行.

[ 2014-07-28T16:15:32+08:00 ] 127.0.0.1 /ipaikt/index.phpPublic/get_school_list
INFO: [ app_begin ] --START--
INFO: ReadHtmlCache Behavior ::run [ RunTime:0.000763s ]
INFO: [ app_begin ] --END-- [ RunTime:0.000886s ]
NOTIC: [8] Undefined variable: type C:\WWW\ipaikt\HOME\Lib\Action\PublicAction.class.php 第 34 行.

[ 2014-07-28T16:15:33+08:00 ] 127.0.0.1 /ipaikt/index.phpPublic/get_school_list
INFO: [ app_begin ] --START--
INFO: ReadHtmlCache Behavior ::run [ RunTime:0.000796s ]
INFO: [ app_begin ] --END-- [ RunTime:0.000879s ]
NOTIC: [8] Undefined variable: type C:\WWW\ipaikt\HOME\Lib\Action\PublicAction.class.php 第 34 行.

[ 2014-07-28T16:15:34+08:00 ] 127.0.0.1 /ipaikt/index.phpPublic/get_school_list
INFO: [ app_begin ] --START--
INFO: ReadHtmlCache Behavior ::run [ RunTime:0.000879s ]
INFO: [ app_begin ] --END-- [ RunTime:0.000971s ]
NOTIC: [8] Undefined variable: type C:\WWW\ipaikt\HOME\Lib\Action\PublicAction.class.php 第 34 行.

[ 2014-07-28T16:15:34+08:00 ] 127.0.0.1 /ipaikt/index.phpPublic/get_school_list
INFO: [ app_begin ] --START--
INFO: ReadHtmlCache Behavior ::run [ RunTime:0.000842s ]
INFO: [ app_begin ] --END-- [ RunTime:0.000931s ]
NOTIC: [8] Undefined variable: type C:\WWW\ipaikt\HOME\Lib\Action\PublicAction.class.php 第 34 行.

[ 2014-07-28T16:15:34+08:00 ] 127.0.0.1 /ipaikt/index.phpPublic/get_school_list
INFO: [ app_begin ] --START--
INFO: ReadHtmlCache Behavior ::run [ RunTime:0.000747s ]
INFO: [ app_begin ] --END-- [ RunTime:0.000842s ]
NOTIC: [8] Undefined variable: type C:\WWW\ipaikt\HOME\Lib\Action\PublicAction.class.php 第 34 行.

[ 2014-07-28T16:15:37+08:00 ] 127.0.0.1 /ipaikt/index.phpPublic/get_school_list
INFO: [ app_begin ] --START--
INFO: ReadHtmlCache Behavior ::run [ RunTime:0.000875s ]
INFO: [ app_begin ] --END-- [ RunTime:0.000968s ]
NOTIC: [8] Undefined variable: type C:\WWW\ipaikt\HOME\Lib\Action\PublicAction.class.php 第 34 行.

[ 2014-07-28T16:15:37+08:00 ] 127.0.0.1 /ipaikt/index.phpPublic/get_school_list
INFO: [ app_begin ] --START--
INFO: ReadHtmlCache Behavior ::run [ RunTime:0.000759s ]
INFO: [ app_begin ] --END-- [ RunTime:0.000853s ]
NOTIC: [8] Undefined variable: type C:\WWW\ipaikt\HOME\Lib\Action\PublicAction.class.php 第 34 行.

[ 2014-07-28T16:15:37+08:00 ] 127.0.0.1 /ipaikt/index.phpPublic/get_school_list
INFO: [ app_begin ] --START--
INFO: ReadHtmlCache Behavior ::run [ RunTime:0.000697s ]
INFO: [ app_begin ] --END-- [ RunTime:0.000790s ]
NOTIC: [8] Undefined variable: type C:\WWW\ipaikt\HOME\Lib\Action\PublicAction.class.php 第 34 行.

[ 2014-07-28T16:15:40+08:00 ] 127.0.0.1 /ipaikt/index.phpPublic/get_school_list
INFO: [ app_begin ] --START--
INFO: ReadHtmlCache Behavior ::run [ RunTime:0.000764s ]
INFO: [ app_begin ] --END-- [ RunTime:0.000856s ]
NOTIC: [8] Undefined variable: type C:\WWW\ipaikt\HOME\Lib\Action\PublicAction.class.php 第 34 行.

[ 2014-07-28T16:15:41+08:00 ] 127.0.0.1 /ipaikt/index.phpPublic/get_school_list
INFO: [ app_begin ] --START--
INFO: ReadHtmlCache Behavior ::run [ RunTime:0.000738s ]
INFO: [ app_begin ] --END-- [ RunTime:0.001081s ]
NOTIC: [8] Undefined variable: type C:\WWW\ipaikt\HOME\Lib\Action\PublicAction.class.php 第 34 行.

[ 2014-07-28T16:15:41+08:00 ] 127.0.0.1 /ipaikt/index.phpPublic/get_school_list
INFO: [ app_begin ] --START--
INFO: ReadHtmlCache Behavior ::run [ RunTime:0.000840s ]
INFO: [ app_begin ] --END-- [ RunTime:0.000931s ]
NOTIC: [8] Undefined variable: type C:\WWW\ipaikt\HOME\Lib\Action\PublicAction.class.php 第 34 行.

[ 2014-07-28T16:15:42+08:00 ] 127.0.0.1 /ipaikt/index.phpPublic/get_school_list
INFO: [ app_begin ] --START--
INFO: ReadHtmlCache Behavior ::run [ RunTime:0.000958s ]
INFO: [ app_begin ] --END-- [ RunTime:0.001053s ]
NOTIC: [8] Undefined variable: type C:\WWW\ipaikt\HOME\Lib\Action\PublicAction.class.php 第 34 行.

[ 2014-07-28T16:15:43+08:00 ] 127.0.0.1 /ipaikt/index.phpPublic/get_school_list
INFO: [ app_begin ] --START--
INFO: ReadHtmlCache Behavior ::run [ RunTime:0.000758s ]
INFO: [ app_begin ] --END-- [ RunTime:0.000843s ]
NOTIC: [8] Undefined variable: type C:\WWW\ipaikt\HOME\Lib\Action\PublicAction.class.php 第 34 行.

[ 2014-07-28T16:24:59+08:00 ] 127.0.0.1 /ipaikt/index.php/Index/main
INFO: [ app_begin ] --START--
INFO: ReadHtmlCache Behavior ::run [ RunTime:0.000913s ]
INFO: [ app_begin ] --END-- [ RunTime:0.001006s ]
INFO: [ view_parse ] --START--
NOTIC: [8] Undefined index: uid C:\WWW\ipaikt\HOME\Runtime\Cache\21bce5cfed4107e7c5ace27094659b45.php 第 40 行.
NOTIC: [8] A session had already been started - ignoring session_start() C:\WWW\ipaikt\HOME\Runtime\Cache\21bce5cfed4107e7c5ace27094659b45.php 第 43 行.
INFO: ParseTemplate Behavior ::run [ RunTime:0.784380s ]
INFO: [ view_parse ] --END-- [ RunTime:0.784470s ]
INFO: [ view_filter ] --START--
INFO: ContentReplace Behavior ::run [ RunTime:0.001045s ]
INFO: TokenBuild Behavior ::run [ RunTime:0.000995s ]
INFO: WriteHtmlCache Behavior ::run [ RunTime:0.000585s ]
INFO: ShowRuntime Behavior ::run [ RunTime:0.000906s ]
INFO: [ view_filter ] --END-- [ RunTime:0.003806s ]
INFO: [ view_end ] --START--
INFO: ShowPageTrace Behavior ::run [ RunTime:0.000933s ]
INFO: [ view_end ] --END-- [ RunTime:0.001028s ]

[ 2014-07-28T16:25:07+08:00 ] 127.0.0.1 /ipaikt/index.phpPublic/get_school_list
INFO: [ app_begin ] --START--
INFO: ReadHtmlCache Behavior ::run [ RunTime:0.001094s ]
INFO: [ app_begin ] --END-- [ RunTime:0.001289s ]
NOTIC: [8] Undefined variable: type C:\WWW\ipaikt\HOME\Lib\Action\PublicAction.class.php 第 34 行.

[ 2014-07-28T16:25:07+08:00 ] 127.0.0.1 /ipaikt/index.phpPublic/get_school_list
INFO: [ app_begin ] --START--
INFO: ReadHtmlCache Behavior ::run [ RunTime:0.000838s ]
INFO: [ app_begin ] --END-- [ RunTime:0.000928s ]
NOTIC: [8] Undefined variable: type C:\WWW\ipaikt\HOME\Lib\Action\PublicAction.class.php 第 34 行.

[ 2014-07-28T16:25:08+08:00 ] 127.0.0.1 /ipaikt/index.phpPublic/get_school_list
INFO: [ app_begin ] --START--
INFO: ReadHtmlCache Behavior ::run [ RunTime:0.000888s ]
INFO: [ app_begin ] --END-- [ RunTime:0.000985s ]
NOTIC: [8] Undefined variable: type C:\WWW\ipaikt\HOME\Lib\Action\PublicAction.class.php 第 34 行.

[ 2014-07-28T16:25:11+08:00 ] 127.0.0.1 /ipaikt/index.phpPublic/get_school_list
INFO: [ app_begin ] --START--
INFO: ReadHtmlCache Behavior ::run [ RunTime:0.000755s ]
INFO: [ app_begin ] --END-- [ RunTime:0.000840s ]
NOTIC: [8] Undefined variable: type C:\WWW\ipaikt\HOME\Lib\Action\PublicAction.class.php 第 34 行.

[ 2014-07-28T16:25:12+08:00 ] 127.0.0.1 /ipaikt/index.phpPublic/get_school_list
INFO: [ app_begin ] --START--
INFO: ReadHtmlCache Behavior ::run [ RunTime:0.000724s ]
INFO: [ app_begin ] --END-- [ RunTime:0.000819s ]
NOTIC: [8] Undefined variable: type C:\WWW\ipaikt\HOME\Lib\Action\PublicAction.class.php 第 34 行.

[ 2014-07-28T17:00:14+08:00 ] 127.0.0.1 /ipaikt/index.phpPublic/get_school_list
INFO: [ app_begin ] --START--
INFO: ReadHtmlCache Behavior ::run [ RunTime:0.000653s ]
INFO: [ app_begin ] --END-- [ RunTime:0.000758s ]
NOTIC: [8] Undefined variable: type C:\WWW\ipaikt\HOME\Lib\Action\PublicAction.class.php 第 34 行.

[ 2014-07-28T17:04:22+08:00 ] 127.0.0.1 /ipaikt/index.phpPublic/get_school_list
INFO: [ app_begin ] --START--
INFO: ReadHtmlCache Behavior ::run [ RunTime:0.000893s ]
INFO: [ app_begin ] --END-- [ RunTime:0.000986s ]
NOTIC: [8] Undefined variable: type C:\WWW\ipaikt\HOME\Lib\Action\PublicAction.class.php 第 34 行.

[ 2014-07-28T17:08:58+08:00 ] 127.0.0.1 /ipaikt/index.php/Index/main
INFO: [ app_begin ] --START--
INFO: ReadHtmlCache Behavior ::run [ RunTime:0.000810s ]
INFO: [ app_begin ] --END-- [ RunTime:0.000896s ]
INFO: [ view_parse ] --START--
NOTIC: [8] Undefined index: uid C:\WWW\ipaikt\HOME\Runtime\Cache\21bce5cfed4107e7c5ace27094659b45.php 第 40 行.
NOTIC: [8] A session had already been started - ignoring session_start() C:\WWW\ipaikt\HOME\Runtime\Cache\21bce5cfed4107e7c5ace27094659b45.php 第 43 行.
INFO: ParseTemplate Behavior ::run [ RunTime:0.391297s ]
INFO: [ view_parse ] --END-- [ RunTime:0.391392s ]
INFO: [ view_filter ] --START--
INFO: ContentReplace Behavior ::run [ RunTime:0.001282s ]
INFO: TokenBuild Behavior ::run [ RunTime:0.000753s ]
INFO: WriteHtmlCache Behavior ::run [ RunTime:0.000696s ]
INFO: ShowRuntime Behavior ::run [ RunTime:0.000697s ]
INFO: [ view_filter ] --END-- [ RunTime:0.003697s ]
INFO: [ view_end ] --START--
INFO: ShowPageTrace Behavior ::run [ RunTime:0.001405s ]
INFO: [ view_end ] --END-- [ RunTime:0.001510s ]

[ 2014-07-28T17:09:16+08:00 ] 127.0.0.1 /ipaikt/index.phpPublic/get_school_list
INFO: [ app_begin ] --START--
INFO: ReadHtmlCache Behavior ::run [ RunTime:0.000749s ]
INFO: [ app_begin ] --END-- [ RunTime:0.000838s ]
NOTIC: [8] Undefined variable: type C:\WWW\ipaikt\HOME\Lib\Action\PublicAction.class.php 第 34 行.

[ 2014-07-28T17:09:18+08:00 ] 127.0.0.1 /ipaikt/index.phpPublic/get_school_list
INFO: [ app_begin ] --START--
INFO: ReadHtmlCache Behavior ::run [ RunTime:0.000751s ]
INFO: [ app_begin ] --END-- [ RunTime:0.000841s ]
NOTIC: [8] Undefined variable: type C:\WWW\ipaikt\HOME\Lib\Action\PublicAction.class.php 第 34 行.

[ 2014-07-28T17:09:19+08:00 ] 127.0.0.1 /ipaikt/index.phpPublic/get_discipline_list
INFO: [ app_begin ] --START--
INFO: ReadHtmlCache Behavior ::run [ RunTime:0.000693s ]
INFO: [ app_begin ] --END-- [ RunTime:0.000777s ]
NOTIC: [8] Undefined variable: type C:\WWW\ipaikt\HOME\Lib\Action\PublicAction.class.php 第 55 行.

[ 2014-07-28T17:09:20+08:00 ] 127.0.0.1 /ipaikt/index.phpPublic/get_discipline_list
INFO: [ app_begin ] --START--
INFO: ReadHtmlCache Behavior ::run [ RunTime:0.001862s ]
INFO: [ app_begin ] --END-- [ RunTime:0.002069s ]
NOTIC: [8] Undefined variable: type C:\WWW\ipaikt\HOME\Lib\Action\PublicAction.class.php 第 55 行.

[ 2014-07-28T17:09:28+08:00 ] 127.0.0.1 /ipaikt/index.phpPublic/get_school_list
INFO: [ app_begin ] --START--
INFO: ReadHtmlCache Behavior ::run [ RunTime:0.000984s ]
INFO: [ app_begin ] --END-- [ RunTime:0.001093s ]
NOTIC: [8] Undefined variable: type C:\WWW\ipaikt\HOME\Lib\Action\PublicAction.class.php 第 34 行.

[ 2014-07-28T17:09:28+08:00 ] 127.0.0.1 /ipaikt/index.phpPublic/get_school_list
INFO: [ app_begin ] --START--
INFO: ReadHtmlCache Behavior ::run [ RunTime:0.000940s ]
INFO: [ app_begin ] --END-- [ RunTime:0.001150s ]
NOTIC: [8] Undefined variable: type C:\WWW\ipaikt\HOME\Lib\Action\PublicAction.class.php 第 34 行.

[ 2014-07-28T17:09:29+08:00 ] 127.0.0.1 /ipaikt/index.phpPublic/get_school_list
INFO: [ app_begin ] --START--
INFO: ReadHtmlCache Behavior ::run [ RunTime:0.000736s ]
INFO: [ app_begin ] --END-- [ RunTime:0.000813s ]
NOTIC: [8] Undefined variable: type C:\WWW\ipaikt\HOME\Lib\Action\PublicAction.class.php 第 34 行.

[ 2014-07-28T17:10:59+08:00 ] 127.0.0.1 /ipaikt/index.php/Index/main
INFO: [ app_begin ] --START--
INFO: ReadHtmlCache Behavior ::run [ RunTime:0.001032s ]
INFO: [ app_begin ] --END-- [ RunTime:0.001128s ]
INFO: [ view_parse ] --START--
NOTIC: [8] Undefined index: uid C:\WWW\ipaikt\HOME\Runtime\Cache\21bce5cfed4107e7c5ace27094659b45.php 第 40 行.
NOTIC: [8] A session had already been started - ignoring session_start() C:\WWW\ipaikt\HOME\Runtime\Cache\21bce5cfed4107e7c5ace27094659b45.php 第 43 行.
INFO: ParseTemplate Behavior ::run [ RunTime:1.507733s ]
INFO: [ view_parse ] --END-- [ RunTime:1.507818s ]
INFO: [ view_filter ] --START--
INFO: ContentReplace Behavior ::run [ RunTime:0.000917s ]
INFO: TokenBuild Behavior ::run [ RunTime:0.000719s ]
INFO: WriteHtmlCache Behavior ::run [ RunTime:0.000584s ]
INFO: ShowRuntime Behavior ::run [ RunTime:0.000743s ]
INFO: [ view_filter ] --END-- [ RunTime:0.003222s ]
INFO: [ view_end ] --START--
INFO: ShowPageTrace Behavior ::run [ RunTime:0.000993s ]
INFO: [ view_end ] --END-- [ RunTime:0.001105s ]

[ 2014-07-28T17:11:08+08:00 ] 127.0.0.1 /ipaikt/index.phpPublic/get_school_list
INFO: [ app_begin ] --START--
INFO: ReadHtmlCache Behavior ::run [ RunTime:0.001143s ]
INFO: [ app_begin ] --END-- [ RunTime:0.001242s ]
NOTIC: [8] Undefined variable: type C:\WWW\ipaikt\HOME\Lib\Action\PublicAction.class.php 第 34 行.

[ 2014-07-28T17:11:09+08:00 ] 127.0.0.1 /ipaikt/index.phpPublic/get_school_list
INFO: [ app_begin ] --START--
INFO: ReadHtmlCache Behavior ::run [ RunTime:0.000796s ]
INFO: [ app_begin ] --END-- [ RunTime:0.000884s ]
NOTIC: [8] Undefined variable: type C:\WWW\ipaikt\HOME\Lib\Action\PublicAction.class.php 第 34 行.

[ 2014-07-28T17:11:11+08:00 ] 127.0.0.1 /ipaikt/index.phpPublic/get_discipline_list
INFO: [ app_begin ] --START--
INFO: ReadHtmlCache Behavior ::run [ RunTime:0.000805s ]
INFO: [ app_begin ] --END-- [ RunTime:0.000910s ]
NOTIC: [8] Undefined variable: type C:\WWW\ipaikt\HOME\Lib\Action\PublicAction.class.php 第 55 行.

[ 2014-07-28T17:11:12+08:00 ] 127.0.0.1 /ipaikt/index.phpPublic/get_discipline_list
INFO: [ app_begin ] --START--
INFO: ReadHtmlCache Behavior ::run [ RunTime:0.000791s ]
INFO: [ app_begin ] --END-- [ RunTime:0.000873s ]
NOTIC: [8] Undefined variable: type C:\WWW\ipaikt\HOME\Lib\Action\PublicAction.class.php 第 55 行.

[ 2014-07-28T17:16:41+08:00 ] 127.0.0.1 /ipaikt/index.php/Index/main
INFO: [ app_begin ] --START--
INFO: ReadHtmlCache Behavior ::run [ RunTime:0.000724s ]
INFO: [ app_begin ] --END-- [ RunTime:0.000804s ]
INFO: [ view_parse ] --START--
NOTIC: [8] Undefined index: uid C:\WWW\ipaikt\HOME\Runtime\Cache\21bce5cfed4107e7c5ace27094659b45.php 第 40 行.
NOTIC: [8] A session had already been started - ignoring session_start() C:\WWW\ipaikt\HOME\Runtime\Cache\21bce5cfed4107e7c5ace27094659b45.php 第 43 行.
INFO: ParseTemplate Behavior ::run [ RunTime:0.046543s ]
INFO: [ view_parse ] --END-- [ RunTime:0.046646s ]
INFO: [ view_filter ] --START--
INFO: ContentReplace Behavior ::run [ RunTime:0.000886s ]
INFO: TokenBuild Behavior ::run [ RunTime:0.000712s ]
INFO: WriteHtmlCache Behavior ::run [ RunTime:0.000471s ]
INFO: ShowRuntime Behavior ::run [ RunTime:0.000660s ]
INFO: [ view_filter ] --END-- [ RunTime:0.002991s ]
INFO: [ view_end ] --START--
INFO: ShowPageTrace Behavior ::run [ RunTime:0.000883s ]
INFO: [ view_end ] --END-- [ RunTime:0.000979s ]

[ 2014-07-28T17:17:00+08:00 ] 127.0.0.1 /ipaikt/index.phpPublic/get_school_list
INFO: [ app_begin ] --START--
INFO: ReadHtmlCache Behavior ::run [ RunTime:0.000774s ]
INFO: [ app_begin ] --END-- [ RunTime:0.000860s ]
NOTIC: [8] Undefined variable: type C:\WWW\ipaikt\HOME\Lib\Action\PublicAction.class.php 第 34 行.

[ 2014-07-28T17:17:01+08:00 ] 127.0.0.1 /ipaikt/index.phpPublic/get_school_list
INFO: [ app_begin ] --START--
INFO: ReadHtmlCache Behavior ::run [ RunTime:0.000660s ]
INFO: [ app_begin ] --END-- [ RunTime:0.000736s ]
NOTIC: [8] Undefined variable: type C:\WWW\ipaikt\HOME\Lib\Action\PublicAction.class.php 第 34 行.

[ 2014-07-28T17:17:07+08:00 ] 127.0.0.1 /ipaikt/index.phpPublic/get_school_list
INFO: [ app_begin ] --START--
INFO: ReadHtmlCache Behavior ::run [ RunTime:0.000836s ]
INFO: [ app_begin ] --END-- [ RunTime:0.000940s ]
NOTIC: [8] Undefined variable: type C:\WWW\ipaikt\HOME\Lib\Action\PublicAction.class.php 第 34 行.

[ 2014-07-28T17:17:07+08:00 ] 127.0.0.1 /ipaikt/index.phpPublic/get_school_list
INFO: [ app_begin ] --START--
INFO: ReadHtmlCache Behavior ::run [ RunTime:0.000768s ]
INFO: [ app_begin ] --END-- [ RunTime:0.000855s ]
NOTIC: [8] Undefined variable: type C:\WWW\ipaikt\HOME\Lib\Action\PublicAction.class.php 第 34 行.

[ 2014-07-28T17:17:14+08:00 ] 127.0.0.1 /ipaikt/index.phpPublic/get_school_list
INFO: [ app_begin ] --START--
INFO: ReadHtmlCache Behavior ::run [ RunTime:0.000886s ]
INFO: [ app_begin ] --END-- [ RunTime:0.001016s ]
NOTIC: [8] Undefined variable: type C:\WWW\ipaikt\HOME\Lib\Action\PublicAction.class.php 第 34 行.

[ 2014-07-28T17:17:15+08:00 ] 127.0.0.1 /ipaikt/index.phpPublic/get_school_list
INFO: [ app_begin ] --START--
INFO: ReadHtmlCache Behavior ::run [ RunTime:0.001061s ]
INFO: [ app_begin ] --END-- [ RunTime:0.001148s ]
NOTIC: [8] Undefined variable: type C:\WWW\ipaikt\HOME\Lib\Action\PublicAction.class.php 第 34 行.

[ 2014-07-28T17:18:25+08:00 ] 127.0.0.1 /ipaikt/index.php/Index/main
INFO: [ app_begin ] --START--
INFO: ReadHtmlCache Behavior ::run [ RunTime:0.000825s ]
INFO: [ app_begin ] --END-- [ RunTime:0.000921s ]
INFO: [ view_parse ] --START--
NOTIC: [8] Undefined index: uid C:\WWW\ipaikt\HOME\Runtime\Cache\21bce5cfed4107e7c5ace27094659b45.php 第 40 行.
NOTIC: [8] A session had already been started - ignoring session_start() C:\WWW\ipaikt\HOME\Runtime\Cache\21bce5cfed4107e7c5ace27094659b45.php 第 43 行.
INFO: ParseTemplate Behavior ::run [ RunTime:0.029492s ]
INFO: [ view_parse ] --END-- [ RunTime:0.029585s ]
INFO: [ view_filter ] --START--
INFO: ContentReplace Behavior ::run [ RunTime:0.000786s ]
INFO: TokenBuild Behavior ::run [ RunTime:0.000727s ]
INFO: WriteHtmlCache Behavior ::run [ RunTime:0.000599s ]
INFO: ShowRuntime Behavior ::run [ RunTime:0.000621s ]
INFO: [ view_filter ] --END-- [ RunTime:0.002996s ]
INFO: [ view_end ] --START--
INFO: ShowPageTrace Behavior ::run [ RunTime:0.001070s ]
INFO: [ view_end ] --END-- [ RunTime:0.001164s ]

[ 2014-07-28T17:18:34+08:00 ] 127.0.0.1 /ipaikt/index.phpPublic/get_school_list
INFO: [ app_begin ] --START--
INFO: ReadHtmlCache Behavior ::run [ RunTime:0.000777s ]
INFO: [ app_begin ] --END-- [ RunTime:0.000852s ]
NOTIC: [8] Undefined variable: type C:\WWW\ipaikt\HOME\Lib\Action\PublicAction.class.php 第 34 行.

[ 2014-07-28T17:18:34+08:00 ] 127.0.0.1 /ipaikt/index.phpPublic/get_school_list
INFO: [ app_begin ] --START--
INFO: ReadHtmlCache Behavior ::run [ RunTime:0.000750s ]
INFO: [ app_begin ] --END-- [ RunTime:0.000845s ]
NOTIC: [8] Undefined variable: type C:\WWW\ipaikt\HOME\Lib\Action\PublicAction.class.php 第 34 行.

[ 2014-07-28T17:18:34+08:00 ] 127.0.0.1 /ipaikt/index.phpPublic/get_school_list
INFO: [ app_begin ] --START--
INFO: ReadHtmlCache Behavior ::run [ RunTime:0.000719s ]
INFO: [ app_begin ] --END-- [ RunTime:0.000801s ]
NOTIC: [8] Undefined variable: type C:\WWW\ipaikt\HOME\Lib\Action\PublicAction.class.php 第 34 行.

[ 2014-07-28T17:18:39+08:00 ] 127.0.0.1 /ipaikt/index.phpPublic/get_school_list
INFO: [ app_begin ] --START--
INFO: ReadHtmlCache Behavior ::run [ RunTime:0.001144s ]
INFO: [ app_begin ] --END-- [ RunTime:0.001261s ]
NOTIC: [8] Undefined variable: type C:\WWW\ipaikt\HOME\Lib\Action\PublicAction.class.php 第 34 行.

[ 2014-07-28T17:18:39+08:00 ] 127.0.0.1 /ipaikt/index.phpPublic/get_school_list
INFO: [ app_begin ] --START--
INFO: ReadHtmlCache Behavior ::run [ RunTime:0.000929s ]
INFO: [ app_begin ] --END-- [ RunTime:0.001031s ]
NOTIC: [8] Undefined variable: type C:\WWW\ipaikt\HOME\Lib\Action\PublicAction.class.php 第 34 行.

[ 2014-07-28T17:18:39+08:00 ] 127.0.0.1 /ipaikt/index.phpPublic/get_school_list
INFO: [ app_begin ] --START--
INFO: ReadHtmlCache Behavior ::run [ RunTime:0.000808s ]
INFO: [ app_begin ] --END-- [ RunTime:0.000923s ]
NOTIC: [8] Undefined variable: type C:\WWW\ipaikt\HOME\Lib\Action\PublicAction.class.php 第 34 行.

[ 2014-07-28T17:18:41+08:00 ] 127.0.0.1 /ipaikt/index.phpPublic/get_discipline_list
INFO: [ app_begin ] --START--
INFO: ReadHtmlCache Behavior ::run [ RunTime:0.001338s ]
INFO: [ app_begin ] --END-- [ RunTime:0.001446s ]
NOTIC: [8] Undefined variable: type C:\WWW\ipaikt\HOME\Lib\Action\PublicAction.class.php 第 55 行.

[ 2014-07-28T17:18:41+08:00 ] 127.0.0.1 /ipaikt/index.phpPublic/get_discipline_list
INFO: [ app_begin ] --START--
INFO: ReadHtmlCache Behavior ::run [ RunTime:0.000727s ]
INFO: [ app_begin ] --END-- [ RunTime:0.000809s ]
NOTIC: [8] Undefined variable: type C:\WWW\ipaikt\HOME\Lib\Action\PublicAction.class.php 第 55 行.

[ 2014-07-28T17:18:42+08:00 ] 127.0.0.1 /ipaikt/index.phpPublic/get_discipline_list
INFO: [ app_begin ] --START--
INFO: ReadHtmlCache Behavior ::run [ RunTime:0.000721s ]
INFO: [ app_begin ] --END-- [ RunTime:0.000807s ]
NOTIC: [8] Undefined variable: type C:\WWW\ipaikt\HOME\Lib\Action\PublicAction.class.php 第 55 行.

[ 2014-07-28T17:20:36+08:00 ] 127.0.0.1 /ipaikt/index.php/Index/main
INFO: [ app_begin ] --START--
INFO: ReadHtmlCache Behavior ::run [ RunTime:0.000860s ]
INFO: [ app_begin ] --END-- [ RunTime:0.000950s ]
INFO: [ view_parse ] --START--
NOTIC: [8] Undefined index: uid C:\WWW\ipaikt\HOME\Runtime\Cache\21bce5cfed4107e7c5ace27094659b45.php 第 40 行.
NOTIC: [8] A session had already been started - ignoring session_start() C:\WWW\ipaikt\HOME\Runtime\Cache\21bce5cfed4107e7c5ace27094659b45.php 第 43 行.
INFO: ParseTemplate Behavior ::run [ RunTime:0.134073s ]
INFO: [ view_parse ] --END-- [ RunTime:0.134153s ]
INFO: [ view_filter ] --START--
INFO: ContentReplace Behavior ::run [ RunTime:0.000852s ]
INFO: TokenBuild Behavior ::run [ RunTime:0.000699s ]
INFO: WriteHtmlCache Behavior ::run [ RunTime:0.000722s ]
INFO: ShowRuntime Behavior ::run [ RunTime:0.000736s ]
INFO: [ view_filter ] --END-- [ RunTime:0.003270s ]
INFO: [ view_end ] --START--
INFO: ShowPageTrace Behavior ::run [ RunTime:0.000927s ]
INFO: [ view_end ] --END-- [ RunTime:0.001026s ]

[ 2014-07-28T17:20:42+08:00 ] 127.0.0.1 /ipaikt/index.phpPublic/get_school_list
INFO: [ app_begin ] --START--
INFO: ReadHtmlCache Behavior ::run [ RunTime:0.000786s ]
INFO: [ app_begin ] --END-- [ RunTime:0.000894s ]
NOTIC: [8] Undefined variable: type C:\WWW\ipaikt\HOME\Lib\Action\PublicAction.class.php 第 34 行.

[ 2014-07-28T17:20:43+08:00 ] 127.0.0.1 /ipaikt/index.phpPublic/get_school_list
INFO: [ app_begin ] --START--
INFO: ReadHtmlCache Behavior ::run [ RunTime:0.000709s ]
INFO: [ app_begin ] --END-- [ RunTime:0.000804s ]
NOTIC: [8] Undefined variable: type C:\WWW\ipaikt\HOME\Lib\Action\PublicAction.class.php 第 34 行.

[ 2014-07-28T17:20:43+08:00 ] 127.0.0.1 /ipaikt/index.phpPublic/get_school_list
INFO: [ app_begin ] --START--
INFO: ReadHtmlCache Behavior ::run [ RunTime:0.000765s ]
INFO: [ app_begin ] --END-- [ RunTime:0.000856s ]
NOTIC: [8] Undefined variable: type C:\WWW\ipaikt\HOME\Lib\Action\PublicAction.class.php 第 34 行.

[ 2014-07-28T17:20:48+08:00 ] 127.0.0.1 /ipaikt/index.phpPublic/get_school_list
INFO: [ app_begin ] --START--
INFO: ReadHtmlCache Behavior ::run [ RunTime:0.000815s ]
INFO: [ app_begin ] --END-- [ RunTime:0.000915s ]
NOTIC: [8] Undefined variable: type C:\WWW\ipaikt\HOME\Lib\Action\PublicAction.class.php 第 34 行.

[ 2014-07-28T17:20:48+08:00 ] 127.0.0.1 /ipaikt/index.phpPublic/get_school_list
INFO: [ app_begin ] --START--
INFO: ReadHtmlCache Behavior ::run [ RunTime:0.000659s ]
INFO: [ app_begin ] --END-- [ RunTime:0.000736s ]
NOTIC: [8] Undefined variable: type C:\WWW\ipaikt\HOME\Lib\Action\PublicAction.class.php 第 34 行.

[ 2014-07-28T17:20:48+08:00 ] 127.0.0.1 /ipaikt/index.phpPublic/get_school_list
INFO: [ app_begin ] --START--
INFO: ReadHtmlCache Behavior ::run [ RunTime:0.000758s ]
INFO: [ app_begin ] --END-- [ RunTime:0.000835s ]
NOTIC: [8] Undefined variable: type C:\WWW\ipaikt\HOME\Lib\Action\PublicAction.class.php 第 34 行.

[ 2014-07-28T17:20:53+08:00 ] 127.0.0.1 /ipaikt/index.phpPublic/get_school_list
INFO: [ app_begin ] --START--
INFO: ReadHtmlCache Behavior ::run [ RunTime:0.000910s ]
INFO: [ app_begin ] --END-- [ RunTime:0.000995s ]
NOTIC: [8] Undefined variable: type C:\WWW\ipaikt\HOME\Lib\Action\PublicAction.class.php 第 34 行.

[ 2014-07-28T17:20:53+08:00 ] 127.0.0.1 /ipaikt/index.phpPublic/get_school_list
INFO: [ app_begin ] --START--
INFO: ReadHtmlCache Behavior ::run [ RunTime:0.000707s ]
INFO: [ app_begin ] --END-- [ RunTime:0.000784s ]
NOTIC: [8] Undefined variable: type C:\WWW\ipaikt\HOME\Lib\Action\PublicAction.class.php 第 34 行.

[ 2014-07-28T17:20:54+08:00 ] 127.0.0.1 /ipaikt/index.phpPublic/get_school_list
INFO: [ app_begin ] --START--
INFO: ReadHtmlCache Behavior ::run [ RunTime:0.000811s ]
INFO: [ app_begin ] --END-- [ RunTime:0.000905s ]
NOTIC: [8] Undefined variable: type C:\WWW\ipaikt\HOME\Lib\Action\PublicAction.class.php 第 34 行.

[ 2014-07-28T17:20:59+08:00 ] 127.0.0.1 /ipaikt/index.phpPublic/get_discipline_list
INFO: [ app_begin ] --START--
INFO: ReadHtmlCache Behavior ::run [ RunTime:0.000673s ]
INFO: [ app_begin ] --END-- [ RunTime:0.000755s ]
NOTIC: [8] Undefined variable: type C:\WWW\ipaikt\HOME\Lib\Action\PublicAction.class.php 第 55 行.

[ 2014-07-28T17:20:59+08:00 ] 127.0.0.1 /ipaikt/index.phpPublic/get_discipline_list
INFO: [ app_begin ] --START--
INFO: ReadHtmlCache Behavior ::run [ RunTime:0.000847s ]
INFO: [ app_begin ] --END-- [ RunTime:0.000941s ]
NOTIC: [8] Undefined variable: type C:\WWW\ipaikt\HOME\Lib\Action\PublicAction.class.php 第 55 行.

[ 2014-07-28T17:21:00+08:00 ] 127.0.0.1 /ipaikt/index.phpPublic/get_discipline_list
INFO: [ app_begin ] --START--
INFO: ReadHtmlCache Behavior ::run [ RunTime:0.000656s ]
INFO: [ app_begin ] --END-- [ RunTime:0.000765s ]
NOTIC: [8] Undefined variable: type C:\WWW\ipaikt\HOME\Lib\Action\PublicAction.class.php 第 55 行.

[ 2014-07-28T17:21:00+08:00 ] 127.0.0.1 /ipaikt/index.phpPublic/get_discipline_list
INFO: [ app_begin ] --START--
INFO: ReadHtmlCache Behavior ::run [ RunTime:0.000712s ]
INFO: [ app_begin ] --END-- [ RunTime:0.000790s ]
NOTIC: [8] Undefined variable: type C:\WWW\ipaikt\HOME\Lib\Action\PublicAction.class.php 第 55 行.

[ 2014-07-28T17:21:00+08:00 ] 127.0.0.1 /ipaikt/index.phpPublic/get_discipline_list
INFO: [ app_begin ] --START--
INFO: ReadHtmlCache Behavior ::run [ RunTime:0.000746s ]
INFO: [ app_begin ] --END-- [ RunTime:0.000828s ]
NOTIC: [8] Undefined variable: type C:\WWW\ipaikt\HOME\Lib\Action\PublicAction.class.php 第 55 行.

[ 2014-07-28T17:21:05+08:00 ] 127.0.0.1 /ipaikt/index.phpPublic/get_discipline_list
INFO: [ app_begin ] --START--
INFO: ReadHtmlCache Behavior ::run [ RunTime:0.000853s ]
INFO: [ app_begin ] --END-- [ RunTime:0.000941s ]
NOTIC: [8] Undefined variable: type C:\WWW\ipaikt\HOME\Lib\Action\PublicAction.class.php 第 55 行.

[ 2014-07-28T17:24:06+08:00 ] 127.0.0.1 /ipaikt/index.phpLogin/user_register
INFO: [ app_begin ] --START--
INFO: ReadHtmlCache Behavior ::run [ RunTime:0.001198s ]
INFO: [ app_begin ] --END-- [ RunTime:0.001328s ]

[ 2014-07-28T17:24:06+08:00 ] 127.0.0.1 /ipaikt/index.php/Index/main
INFO: [ app_begin ] --START--
INFO: ReadHtmlCache Behavior ::run [ RunTime:0.000752s ]
INFO: [ app_begin ] --END-- [ RunTime:0.000836s ]
INFO: [ view_parse ] --START--
NOTIC: [8] Undefined index: uid C:\WWW\ipaikt\HOME\Runtime\Cache\21bce5cfed4107e7c5ace27094659b45.php 第 40 行.
NOTIC: [8] A session had already been started - ignoring session_start() C:\WWW\ipaikt\HOME\Runtime\Cache\21bce5cfed4107e7c5ace27094659b45.php 第 43 行.
INFO: ParseTemplate Behavior ::run [ RunTime:0.029565s ]
INFO: [ view_parse ] --END-- [ RunTime:0.029653s ]
INFO: [ view_filter ] --START--
INFO: ContentReplace Behavior ::run [ RunTime:0.000999s ]
INFO: TokenBuild Behavior ::run [ RunTime:0.000870s ]
INFO: WriteHtmlCache Behavior ::run [ RunTime:0.000555s ]
INFO: ShowRuntime Behavior ::run [ RunTime:0.000686s ]
INFO: [ view_filter ] --END-- [ RunTime:0.003489s ]
INFO: [ view_end ] --START--
INFO: ShowPageTrace Behavior ::run [ RunTime:0.001054s ]
INFO: [ view_end ] --END-- [ RunTime:0.001163s ]

[ 2014-07-28T17:28:03+08:00 ] 127.0.0.1 /ipaikt/index.phpLogin/user_register
INFO: [ app_begin ] --START--
INFO: ReadHtmlCache Behavior ::run [ RunTime:0.000824s ]
INFO: [ app_begin ] --END-- [ RunTime:0.000913s ]

[ 2014-07-28T17:28:04+08:00 ] 127.0.0.1 /ipaikt/index.php/Index/main
INFO: [ app_begin ] --START--
INFO: ReadHtmlCache Behavior ::run [ RunTime:0.001287s ]
INFO: [ app_begin ] --END-- [ RunTime:0.001407s ]
INFO: [ view_parse ] --START--
NOTIC: [8] Undefined index: uid C:\WWW\ipaikt\HOME\Runtime\Cache\21bce5cfed4107e7c5ace27094659b45.php 第 40 行.
NOTIC: [8] A session had already been started - ignoring session_start() C:\WWW\ipaikt\HOME\Runtime\Cache\21bce5cfed4107e7c5ace27094659b45.php 第 43 行.
INFO: ParseTemplate Behavior ::run [ RunTime:0.069779s ]
INFO: [ view_parse ] --END-- [ RunTime:0.069896s ]
INFO: [ view_filter ] --START--
INFO: ContentReplace Behavior ::run [ RunTime:0.001150s ]
INFO: TokenBuild Behavior ::run [ RunTime:0.000971s ]
INFO: WriteHtmlCache Behavior ::run [ RunTime:0.000917s ]
INFO: ShowRuntime Behavior ::run [ RunTime:0.000898s ]
INFO: [ view_filter ] --END-- [ RunTime:0.004265s ]
INFO: [ view_end ] --START--
INFO: ShowPageTrace Behavior ::run [ RunTime:0.000881s ]
INFO: [ view_end ] --END-- [ RunTime:0.000990s ]

[ 2014-07-28T17:31:07+08:00 ] 127.0.0.1 /ipaikt/index.phpLogin/user_register
INFO: [ app_begin ] --START--
INFO: ReadHtmlCache Behavior ::run [ RunTime:0.000954s ]
INFO: [ app_begin ] --END-- [ RunTime:0.001043s ]

[ 2014-07-28T17:31:07+08:00 ] 127.0.0.1 /ipaikt/index.php/Index/main
INFO: [ app_begin ] --START--
INFO: ReadHtmlCache Behavior ::run [ RunTime:0.000807s ]
INFO: [ app_begin ] --END-- [ RunTime:0.000896s ]
INFO: [ view_parse ] --START--
NOTIC: [8] Undefined index: uid C:\WWW\ipaikt\HOME\Runtime\Cache\21bce5cfed4107e7c5ace27094659b45.php 第 40 行.
NOTIC: [8] A session had already been started - ignoring session_start() C:\WWW\ipaikt\HOME\Runtime\Cache\21bce5cfed4107e7c5ace27094659b45.php 第 43 行.
INFO: ParseTemplate Behavior ::run [ RunTime:0.110671s ]
INFO: [ view_parse ] --END-- [ RunTime:0.110767s ]
INFO: [ view_filter ] --START--
INFO: ContentReplace Behavior ::run [ RunTime:0.001445s ]
INFO: TokenBuild Behavior ::run [ RunTime:0.000790s ]
INFO: WriteHtmlCache Behavior ::run [ RunTime:0.000649s ]
INFO: ShowRuntime Behavior ::run [ RunTime:0.000666s ]
INFO: [ view_filter ] --END-- [ RunTime:0.003826s ]
INFO: [ view_end ] --START--
INFO: ShowPageTrace Behavior ::run [ RunTime:0.001041s ]
INFO: [ view_end ] --END-- [ RunTime:0.001269s ]

[ 2014-07-28T17:31:45+08:00 ] 127.0.0.1 /ipaikt/index.phpLogin/user_register
INFO: [ app_begin ] --START--
INFO: ReadHtmlCache Behavior ::run [ RunTime:0.000735s ]
INFO: [ app_begin ] --END-- [ RunTime:0.000817s ]

[ 2014-07-28T17:31:45+08:00 ] 127.0.0.1 /ipaikt/index.php/Index/main
INFO: [ app_begin ] --START--
INFO: ReadHtmlCache Behavior ::run [ RunTime:0.000941s ]
INFO: [ app_begin ] --END-- [ RunTime:0.001088s ]
INFO: [ view_parse ] --START--
NOTIC: [8] Undefined index: uid C:\WWW\ipaikt\HOME\Runtime\Cache\21bce5cfed4107e7c5ace27094659b45.php 第 40 行.
NOTIC: [8] A session had already been started - ignoring session_start() C:\WWW\ipaikt\HOME\Runtime\Cache\21bce5cfed4107e7c5ace27094659b45.php 第 43 行.
INFO: ParseTemplate Behavior ::run [ RunTime:0.042034s ]
INFO: [ view_parse ] --END-- [ RunTime:0.042199s ]
INFO: [ view_filter ] --START--
INFO: ContentReplace Behavior ::run [ RunTime:0.001441s ]
INFO: TokenBuild Behavior ::run [ RunTime:0.000868s ]
INFO: WriteHtmlCache Behavior ::run [ RunTime:0.000649s ]
INFO: ShowRuntime Behavior ::run [ RunTime:0.000798s ]
INFO: [ view_filter ] --END-- [ RunTime:0.004053s ]
INFO: [ view_end ] --START--
INFO: ShowPageTrace Behavior ::run [ RunTime:0.001166s ]
INFO: [ view_end ] --END-- [ RunTime:0.001306s ]

[ 2014-07-28T17:31:46+08:00 ] 127.0.0.1 /ipaikt/index.phpLogin/user_register
INFO: [ app_begin ] --START--
INFO: ReadHtmlCache Behavior ::run [ RunTime:0.000708s ]
INFO: [ app_begin ] --END-- [ RunTime:0.000784s ]

[ 2014-07-28T17:32:07+08:00 ] 127.0.0.1 /ipaikt/index.phpLogin/user_register
INFO: [ app_begin ] --START--
INFO: ReadHtmlCache Behavior ::run [ RunTime:0.000717s ]
INFO: [ app_begin ] --END-- [ RunTime:0.000791s ]

[ 2014-07-28T17:32:07+08:00 ] 127.0.0.1 /ipaikt/index.php/Index/main
INFO: [ app_begin ] --START--
INFO: ReadHtmlCache Behavior ::run [ RunTime:0.000864s ]
INFO: [ app_begin ] --END-- [ RunTime:0.001148s ]
INFO: [ view_parse ] --START--
NOTIC: [8] Undefined index: uid C:\WWW\ipaikt\HOME\Runtime\Cache\21bce5cfed4107e7c5ace27094659b45.php 第 39 行.
NOTIC: [8] A session had already been started - ignoring session_start() C:\WWW\ipaikt\HOME\Runtime\Cache\21bce5cfed4107e7c5ace27094659b45.php 第 42 行.
INFO: ParseTemplate Behavior ::run [ RunTime:0.029764s ]
INFO: [ view_parse ] --END-- [ RunTime:0.029851s ]
INFO: [ view_filter ] --START--
INFO: ContentReplace Behavior ::run [ RunTime:0.000748s ]
INFO: TokenBuild Behavior ::run [ RunTime:0.000583s ]
INFO: WriteHtmlCache Behavior ::run [ RunTime:0.000455s ]
INFO: ShowRuntime Behavior ::run [ RunTime:0.000624s ]
INFO: [ view_filter ] --END-- [ RunTime:0.002631s ]
INFO: [ view_end ] --START--
INFO: ShowPageTrace Behavior ::run [ RunTime:0.000775s ]
INFO: [ view_end ] --END-- [ RunTime:0.000860s ]

[ 2014-07-28T17:32:08+08:00 ] 127.0.0.1 /ipaikt/index.phpLogin/user_register
INFO: [ app_begin ] --START--
INFO: ReadHtmlCache Behavior ::run [ RunTime:0.000892s ]
INFO: [ app_begin ] --END-- [ RunTime:0.000992s ]

